[INFO] Scanning for projects...
[INFO] ------------------------------------------------------------------------
[INFO] Reactor Build Order:
[INFO] 
[INFO] Zipkin (Parent)
[INFO] Zipkin v2
[INFO] Zipkin
[INFO] Zipkin UI
[INFO] Zipkin JUnit
[INFO] Guava support library
[INFO] Auto Configuration
[INFO] Auto Configuration: Ui
[INFO] Storage
[INFO] Storage: Cassandra
[INFO] Auto Configuration: Cassandra Storage
[INFO] Storage: Cassandra (Zipkin V2)
[INFO] Auto Configuration: Cassandra 3 Storage
[INFO] Storage: Elasticsearch (V2)
[INFO] Storage: Elasticsearch (HTTP)
[INFO] Auto Configuration: Elasticsearch Storage (HTTP)
[INFO] Auto Configuration: Elasticsearch Storage (AWS)
[INFO] Storage: MySQL
[INFO] Auto Configuration: MySQL Storage
[INFO] Zipkin Collectors
[INFO] Collector: Kafka
[INFO] Auto Configuration: Kafka Collector
[INFO] Collector: RabbitMQ
[INFO] Auto Configuration: RabbitMQ Collector
[INFO] Auto Configuration: Prometheus Metrics
[INFO] Zipkin Server
[INFO] Benchmarks
[INFO] Collector: Scribe
[INFO] Collector: Kafka 0.10+
[INFO] Auto Configuration: Kafka 0.10 Collector
[INFO] Auto Configuration: Scribe Collector
[INFO]                                                                         
[INFO] ------------------------------------------------------------------------
[INFO] Building Zipkin (Parent) 2.7.2-SNAPSHOT
[INFO] ------------------------------------------------------------------------
[INFO] 
[INFO] --- maven-enforcer-plugin:3.0.0-M1:enforce (enforce-java) @ parent ---
[INFO] Skipping Rule Enforcement.
[INFO] 
[INFO] --- maven-compiler-plugin:3.7.0:compile (default-compile) @ parent ---
[INFO] No sources to compile
[INFO] 
[INFO] --- license-maven-plugin:3.0:check (default) @ parent ---
[INFO] 
[INFO] --- retrolambda-maven-plugin:2.5.3:process-main (default) @ parent ---
[INFO] Retrieving Retrolambda 2.5.3
[INFO] Configured Artifact: net.orfjackal.retrolambda:retrolambda:2.5.3:jar
[INFO] Copying retrolambda-2.5.3.jar to /root/workspace/openzipkin/zipkin/369127214/target/retrolambda/retrolambda.jar
[INFO] Processing classes with Retrolambda
[INFO] Executing tasks

main:
     [exec] Retrolambda 2.5.3
[INFO] Executed tasks
[INFO] 
[INFO] --- animal-sniffer-maven-plugin:1.16:check (default) @ parent ---
[INFO] Checking unresolved references to org.codehaus.mojo.signature:java17:1.0
[INFO] 
[INFO] --- maven-failsafe-plugin:2.21.0:integration-test (integration-test) @ parent ---
[INFO] Tests are skipped.
[INFO] 
[INFO] --- maven-failsafe-plugin:2.21.0:verify (verify) @ parent ---
[INFO] Tests are skipped.
[INFO] 
[INFO] --- maven-install-plugin:2.5.2:install (default-install) @ parent ---
[INFO] Installing /root/workspace/openzipkin/zipkin/369127214/pom.xml to /root/./workspace/openzipkin/zipkin/369127214/.m2/io/zipkin/java/parent/2.7.2-SNAPSHOT/parent-2.7.2-SNAPSHOT.pom
[INFO]                                                                         
[INFO] ------------------------------------------------------------------------
[INFO] Building Zipkin v2 2.7.2-SNAPSHOT
[INFO] ------------------------------------------------------------------------
[INFO] 
[INFO] --- maven-enforcer-plugin:3.0.0-M1:enforce (enforce-java) @ zipkin ---
[INFO] Skipping Rule Enforcement.
[INFO] 
[INFO] --- maven-resources-plugin:2.6:resources (default-resources) @ zipkin ---
[INFO] Using 'UTF-8' encoding to copy filtered resources.
[INFO] skip non existing resourceDirectory /root/workspace/openzipkin/zipkin/369127214/zipkin2/src/main/resources
[INFO] 
[INFO] --- maven-compiler-plugin:3.7.0:compile (default-compile) @ zipkin ---
[INFO] Nothing to compile - all classes are up to date
[INFO] 
[INFO] --- license-maven-plugin:3.0:check (default) @ zipkin ---
[INFO] 
[INFO] --- retrolambda-maven-plugin:2.5.3:process-main (default) @ zipkin ---
[INFO] Retrieving Retrolambda 2.5.3
[INFO] Configured Artifact: net.orfjackal.retrolambda:retrolambda:2.5.3:jar
[INFO] Copying retrolambda-2.5.3.jar to /root/workspace/openzipkin/zipkin/369127214/zipkin2/target/retrolambda/retrolambda.jar
[INFO] Processing classes with Retrolambda
[INFO] Executing tasks

main:
     [exec] Retrolambda 2.5.3
[INFO] Executed tasks
[INFO] 
[INFO] --- animal-sniffer-maven-plugin:1.16:check (default) @ zipkin ---
[INFO] Checking unresolved references to org.codehaus.mojo.signature:java16:1.0
[INFO] 
[INFO] --- maven-bundle-plugin:3.5.0:manifest (default) @ zipkin ---
[INFO] 
[INFO] --- maven-resources-plugin:2.6:testResources (default-testResources) @ zipkin ---
[INFO] Using 'UTF-8' encoding to copy filtered resources.
[INFO] skip non existing resourceDirectory /root/workspace/openzipkin/zipkin/369127214/zipkin2/src/test/resources
[INFO] 
[INFO] --- maven-compiler-plugin:3.7.0:testCompile (default-testCompile) @ zipkin ---
[INFO] Nothing to compile - all classes are up to date
[INFO] 
[INFO] --- maven-surefire-plugin:2.21.0:test (default-test) @ zipkin ---
[INFO] Tests are skipped.
[INFO] 
[INFO] --- maven-jar-plugin:3.0.2:jar (default-jar) @ zipkin ---
[INFO] Building jar: /root/workspace/openzipkin/zipkin/369127214/zipkin2/target/zipkin-2.7.2-SNAPSHOT.jar
[INFO] 
[INFO] --- maven-shade-plugin:3.1.0:shade (default) @ zipkin ---
[INFO] Including com.google.code.gson:gson:jar:2.8.2 in the shaded jar.
[INFO] Minimizing jar io.zipkin.zipkin2:zipkin:jar:2.7.2-SNAPSHOT
[INFO] Minimized 105 -> 105 (100%)
[INFO] Replacing original artifact with shaded artifact.
[INFO] Replacing /root/workspace/openzipkin/zipkin/369127214/zipkin2/target/zipkin-2.7.2-SNAPSHOT.jar with /root/workspace/openzipkin/zipkin/369127214/zipkin2/target/zipkin-2.7.2-SNAPSHOT-shaded.jar
[INFO] Dependency-reduced POM written at: /root/workspace/openzipkin/zipkin/369127214/zipkin2/dependency-reduced-pom.xml
[INFO] 
[INFO] --- maven-jar-plugin:3.0.2:test-jar (default-test-jar) @ zipkin ---
[INFO] Building jar: /root/workspace/openzipkin/zipkin/369127214/zipkin2/target/zipkin-2.7.2-SNAPSHOT-tests.jar
[INFO] 
[INFO] --- maven-failsafe-plugin:2.21.0:integration-test (integration-test) @ zipkin ---
[INFO] Tests are skipped.
[INFO] 
[INFO] --- maven-failsafe-plugin:2.21.0:verify (verify) @ zipkin ---
[INFO] Tests are skipped.
[INFO] 
[INFO] --- maven-install-plugin:2.5.2:install (default-install) @ zipkin ---
[INFO] Installing /root/workspace/openzipkin/zipkin/369127214/zipkin2/target/zipkin-2.7.2-SNAPSHOT.jar to /root/./workspace/openzipkin/zipkin/369127214/.m2/io/zipkin/zipkin2/zipkin/2.7.2-SNAPSHOT/zipkin-2.7.2-SNAPSHOT.jar
[INFO] Installing /root/workspace/openzipkin/zipkin/369127214/zipkin2/dependency-reduced-pom.xml to /root/./workspace/openzipkin/zipkin/369127214/.m2/io/zipkin/zipkin2/zipkin/2.7.2-SNAPSHOT/zipkin-2.7.2-SNAPSHOT.pom
[INFO] Installing /root/workspace/openzipkin/zipkin/369127214/zipkin2/target/zipkin-2.7.2-SNAPSHOT-tests.jar to /root/./workspace/openzipkin/zipkin/369127214/.m2/io/zipkin/zipkin2/zipkin/2.7.2-SNAPSHOT/zipkin-2.7.2-SNAPSHOT-tests.jar
[INFO]                                                                         
[INFO] ------------------------------------------------------------------------
[INFO] Building Zipkin 2.7.2-SNAPSHOT
[INFO] ------------------------------------------------------------------------
[INFO] 
[INFO] --- maven-enforcer-plugin:3.0.0-M1:enforce (enforce-java) @ zipkin ---
[INFO] Skipping Rule Enforcement.
[INFO] 
[INFO] --- maven-resources-plugin:2.6:resources (default-resources) @ zipkin ---
[INFO] Using 'UTF-8' encoding to copy filtered resources.
[INFO] skip non existing resourceDirectory /root/workspace/openzipkin/zipkin/369127214/zipkin/src/main/resources
[INFO] 
[INFO] --- maven-compiler-plugin:3.7.0:compile (default-compile) @ zipkin ---
[INFO] Changes detected - recompiling the module!
[INFO] Compiling 58 source files to /root/workspace/openzipkin/zipkin/369127214/zipkin/target/classes
[INFO] /root/workspace/openzipkin/zipkin/369127214/zipkin/src/main/java/zipkin/internal/V2SpanStoreAdapter.java:[-1,-1] Some input files use or override a deprecated API.
[INFO] /root/workspace/openzipkin/zipkin/369127214/zipkin/src/main/java/zipkin/internal/V2SpanStoreAdapter.java:[-1,-1] Recompile with -Xlint:deprecation for details.
[INFO] /root/workspace/openzipkin/zipkin/369127214/zipkin/src/main/java/zipkin/internal/Util.java:[-1,-1] Some input files use unchecked or unsafe operations.
[INFO] /root/workspace/openzipkin/zipkin/369127214/zipkin/src/main/java/zipkin/internal/Util.java:[-1,-1] Recompile with -Xlint:unchecked for details.
[INFO] 
[INFO] --- license-maven-plugin:3.0:check (default) @ zipkin ---
[INFO] 
[INFO] --- retrolambda-maven-plugin:2.5.3:process-main (default) @ zipkin ---
[INFO] Retrieving Retrolambda 2.5.3
[INFO] Configured Artifact: net.orfjackal.retrolambda:retrolambda:2.5.3:jar
[INFO] Copying retrolambda-2.5.3.jar to /root/workspace/openzipkin/zipkin/369127214/zipkin/target/retrolambda/retrolambda.jar
[INFO] Processing classes with Retrolambda
[INFO] Executing tasks

main:
     [exec] Retrolambda 2.5.3
[INFO] Executed tasks
[INFO] 
[INFO] --- animal-sniffer-maven-plugin:1.16:check (default) @ zipkin ---
[INFO] Checking unresolved references to org.codehaus.mojo.signature:java16:1.0
[INFO] 
[INFO] --- maven-bundle-plugin:3.5.0:manifest (default) @ zipkin ---
[INFO] 
[INFO] --- maven-resources-plugin:2.6:testResources (default-testResources) @ zipkin ---
[INFO] Using 'UTF-8' encoding to copy filtered resources.
[INFO] skip non existing resourceDirectory /root/workspace/openzipkin/zipkin/369127214/zipkin/src/test/resources
[INFO] 
[INFO] --- maven-compiler-plugin:3.7.0:testCompile (default-testCompile) @ zipkin ---
[INFO] Changes detected - recompiling the module!
[INFO] Compiling 39 source files to /root/workspace/openzipkin/zipkin/369127214/zipkin/target/test-classes
[INFO] 
[INFO] --- maven-surefire-plugin:2.21.0:test (default-test) @ zipkin ---
[INFO] Tests are skipped.
[INFO] 
[INFO] --- maven-jar-plugin:3.0.2:jar (default-jar) @ zipkin ---
[INFO] Building jar: /root/workspace/openzipkin/zipkin/369127214/zipkin/target/zipkin-2.7.2-SNAPSHOT.jar
[INFO] 
[INFO] --- maven-shade-plugin:3.1.0:shade (default) @ zipkin ---
[INFO] Excluding io.zipkin.zipkin2:zipkin:jar:2.7.2-SNAPSHOT from the shaded jar.
[INFO] Including com.google.code.gson:gson:jar:2.8.2 in the shaded jar.
[INFO] Minimizing jar io.zipkin.java:zipkin:jar:2.7.2-SNAPSHOT
[INFO] Minimized 144 -> 144 (100%)
[INFO] Replacing original artifact with shaded artifact.
[INFO] Replacing /root/workspace/openzipkin/zipkin/369127214/zipkin/target/zipkin-2.7.2-SNAPSHOT.jar with /root/workspace/openzipkin/zipkin/369127214/zipkin/target/zipkin-2.7.2-SNAPSHOT-shaded.jar
[INFO] Dependency-reduced POM written at: /root/workspace/openzipkin/zipkin/369127214/zipkin/dependency-reduced-pom.xml
[INFO] 
[INFO] --- maven-jar-plugin:3.0.2:test-jar (default-test-jar) @ zipkin ---
[INFO] Building jar: /root/workspace/openzipkin/zipkin/369127214/zipkin/target/zipkin-2.7.2-SNAPSHOT-tests.jar
[INFO] 
[INFO] --- maven-failsafe-plugin:2.21.0:integration-test (integration-test) @ zipkin ---
[INFO] Tests are skipped.
[INFO] 
[INFO] --- maven-failsafe-plugin:2.21.0:verify (verify) @ zipkin ---
[INFO] Tests are skipped.
[INFO] 
[INFO] --- maven-install-plugin:2.5.2:install (default-install) @ zipkin ---
[INFO] Installing /root/workspace/openzipkin/zipkin/369127214/zipkin/target/zipkin-2.7.2-SNAPSHOT.jar to /root/./workspace/openzipkin/zipkin/369127214/.m2/io/zipkin/java/zipkin/2.7.2-SNAPSHOT/zipkin-2.7.2-SNAPSHOT.jar
[INFO] Installing /root/workspace/openzipkin/zipkin/369127214/zipkin/dependency-reduced-pom.xml to /root/./workspace/openzipkin/zipkin/369127214/.m2/io/zipkin/java/zipkin/2.7.2-SNAPSHOT/zipkin-2.7.2-SNAPSHOT.pom
[INFO] Installing /root/workspace/openzipkin/zipkin/369127214/zipkin/target/zipkin-2.7.2-SNAPSHOT-tests.jar to /root/./workspace/openzipkin/zipkin/369127214/.m2/io/zipkin/java/zipkin/2.7.2-SNAPSHOT/zipkin-2.7.2-SNAPSHOT-tests.jar
[INFO]                                                                         
[INFO] ------------------------------------------------------------------------
[INFO] Building Zipkin UI 2.7.2-SNAPSHOT
[INFO] ------------------------------------------------------------------------
[INFO] 
[INFO] --- maven-enforcer-plugin:3.0.0-M1:enforce (enforce-java) @ zipkin-ui ---
[INFO] Skipping Rule Enforcement.
[INFO] 
[INFO] --- frontend-maven-plugin:1.6:install-node-and-npm (install node and npm) @ zipkin-ui ---
[INFO] Node v6.9.2 is already installed.
[INFO] 
[INFO] --- frontend-maven-plugin:1.6:npm (npm install) @ zipkin-ui ---
[INFO] Skipping execution.
[INFO] 
[INFO] --- maven-resources-plugin:2.6:resources (default-resources) @ zipkin-ui ---
[INFO] Using 'UTF-8' encoding to copy filtered resources.
[INFO] skip non existing resourceDirectory /root/workspace/openzipkin/zipkin/369127214/zipkin-ui/src/main/resources
[INFO] 
[INFO] --- maven-compiler-plugin:3.7.0:compile (default-compile) @ zipkin-ui ---
[INFO] No sources to compile
[INFO] 
[INFO] --- frontend-maven-plugin:1.6:npm (npm lint) @ zipkin-ui ---
[INFO] Skipping execution.
[INFO] 
[INFO] --- frontend-maven-plugin:1.6:npm (npm run build) @ zipkin-ui ---
[INFO] Skipping execution.
[INFO] 
[INFO] --- animal-sniffer-maven-plugin:1.16:check (default) @ zipkin-ui ---
[INFO] Checking unresolved references to org.codehaus.mojo.signature:java17:1.0
[INFO] 
[INFO] --- maven-resources-plugin:2.6:testResources (default-testResources) @ zipkin-ui ---
[INFO] Using 'UTF-8' encoding to copy filtered resources.
[INFO] skip non existing resourceDirectory /root/workspace/openzipkin/zipkin/369127214/zipkin-ui/src/test/resources
[INFO] 
[INFO] --- maven-compiler-plugin:3.7.0:testCompile (default-testCompile) @ zipkin-ui ---
[INFO] No sources to compile
[INFO] 
[INFO] --- maven-surefire-plugin:2.21.0:test (default-test) @ zipkin-ui ---
[INFO] Tests are skipped.
[INFO] 
[INFO] --- frontend-maven-plugin:1.6:npm (npm run test) @ zipkin-ui ---
[INFO] Skipping execution.
[INFO] 
[INFO] --- maven-jar-plugin:3.0.2:jar (default-jar) @ zipkin-ui ---
[WARNING] JAR will be empty - no content was marked for inclusion!
[INFO] Building jar: /root/workspace/openzipkin/zipkin/369127214/zipkin-ui/target/zipkin-ui-2.7.2-SNAPSHOT.jar
[INFO] 
[INFO] --- maven-failsafe-plugin:2.21.0:integration-test (integration-test) @ zipkin-ui ---
[INFO] Tests are skipped.
[INFO] 
[INFO] --- maven-failsafe-plugin:2.21.0:verify (verify) @ zipkin-ui ---
[INFO] Tests are skipped.
[INFO] 
[INFO] --- maven-install-plugin:2.5.2:install (default-install) @ zipkin-ui ---
[INFO] Installing /root/workspace/openzipkin/zipkin/369127214/zipkin-ui/target/zipkin-ui-2.7.2-SNAPSHOT.jar to /root/./workspace/openzipkin/zipkin/369127214/.m2/io/zipkin/java/zipkin-ui/2.7.2-SNAPSHOT/zipkin-ui-2.7.2-SNAPSHOT.jar
[INFO] Installing /root/workspace/openzipkin/zipkin/369127214/zipkin-ui/pom.xml to /root/./workspace/openzipkin/zipkin/369127214/.m2/io/zipkin/java/zipkin-ui/2.7.2-SNAPSHOT/zipkin-ui-2.7.2-SNAPSHOT.pom
[INFO]                                                                         
[INFO] ------------------------------------------------------------------------
[INFO] Building Zipkin JUnit 2.7.2-SNAPSHOT
[INFO] ------------------------------------------------------------------------
[INFO] 
[INFO] --- maven-enforcer-plugin:3.0.0-M1:enforce (enforce-java) @ zipkin-junit ---
[INFO] Skipping Rule Enforcement.
[INFO] 
[INFO] --- maven-resources-plugin:2.6:resources (default-resources) @ zipkin-junit ---
[INFO] Using 'UTF-8' encoding to copy filtered resources.
[INFO] skip non existing resourceDirectory /root/workspace/openzipkin/zipkin/369127214/zipkin-junit/src/main/resources
[INFO] 
[INFO] --- maven-compiler-plugin:3.7.0:compile (default-compile) @ zipkin-junit ---
[INFO] Nothing to compile - all classes are up to date
[INFO] 
[INFO] --- license-maven-plugin:3.0:check (default) @ zipkin-junit ---
[INFO] 
[INFO] --- retrolambda-maven-plugin:2.5.3:process-main (default) @ zipkin-junit ---
[INFO] Retrieving Retrolambda 2.5.3
[INFO] Configured Artifact: net.orfjackal.retrolambda:retrolambda:2.5.3:jar
[INFO] Copying retrolambda-2.5.3.jar to /root/workspace/openzipkin/zipkin/369127214/zipkin-junit/target/retrolambda/retrolambda.jar
[INFO] Processing classes with Retrolambda
[INFO] Executing tasks

main:
     [exec] Retrolambda 2.5.3
[INFO] Executed tasks
[INFO] 
[INFO] --- animal-sniffer-maven-plugin:1.16:check (default) @ zipkin-junit ---
[INFO] Checking unresolved references to org.codehaus.mojo.signature:java17:1.0
[INFO] 
[INFO] --- maven-resources-plugin:2.6:testResources (default-testResources) @ zipkin-junit ---
[INFO] Using 'UTF-8' encoding to copy filtered resources.
[INFO] skip non existing resourceDirectory /root/workspace/openzipkin/zipkin/369127214/zipkin-junit/src/test/resources
[INFO] 
[INFO] --- maven-compiler-plugin:3.7.0:testCompile (default-testCompile) @ zipkin-junit ---
[INFO] Nothing to compile - all classes are up to date
[INFO] 
[INFO] --- maven-surefire-plugin:2.21.0:test (default-test) @ zipkin-junit ---
[INFO] Tests are skipped.
[INFO] 
[INFO] --- maven-jar-plugin:3.0.2:jar (default-jar) @ zipkin-junit ---
[INFO] Building jar: /root/workspace/openzipkin/zipkin/369127214/zipkin-junit/target/zipkin-junit-2.7.2-SNAPSHOT.jar
[INFO] 
[INFO] --- maven-failsafe-plugin:2.21.0:integration-test (integration-test) @ zipkin-junit ---
[INFO] Tests are skipped.
[INFO] 
[INFO] --- maven-failsafe-plugin:2.21.0:verify (verify) @ zipkin-junit ---
[INFO] Tests are skipped.
[INFO] 
[INFO] --- maven-install-plugin:2.5.2:install (default-install) @ zipkin-junit ---
[INFO] Installing /root/workspace/openzipkin/zipkin/369127214/zipkin-junit/target/zipkin-junit-2.7.2-SNAPSHOT.jar to /root/./workspace/openzipkin/zipkin/369127214/.m2/io/zipkin/java/zipkin-junit/2.7.2-SNAPSHOT/zipkin-junit-2.7.2-SNAPSHOT.jar
[INFO] Installing /root/workspace/openzipkin/zipkin/369127214/zipkin-junit/pom.xml to /root/./workspace/openzipkin/zipkin/369127214/.m2/io/zipkin/java/zipkin-junit/2.7.2-SNAPSHOT/zipkin-junit-2.7.2-SNAPSHOT.pom
[INFO]                                                                         
[INFO] ------------------------------------------------------------------------
[INFO] Building Guava support library 2.7.2-SNAPSHOT
[INFO] ------------------------------------------------------------------------
[INFO] 
[INFO] --- maven-enforcer-plugin:3.0.0-M1:enforce (enforce-java) @ zipkin-guava ---
[INFO] Skipping Rule Enforcement.
[INFO] 
[INFO] --- maven-resources-plugin:2.6:resources (default-resources) @ zipkin-guava ---
[INFO] Using 'UTF-8' encoding to copy filtered resources.
[INFO] skip non existing resourceDirectory /root/workspace/openzipkin/zipkin/369127214/zipkin-guava/src/main/resources
[INFO] 
[INFO] --- maven-compiler-plugin:3.7.0:compile (default-compile) @ zipkin-guava ---
[INFO] Nothing to compile - all classes are up to date
[INFO] 
[INFO] --- license-maven-plugin:3.0:check (default) @ zipkin-guava ---
[INFO] 
[INFO] --- retrolambda-maven-plugin:2.5.3:process-main (default) @ zipkin-guava ---
[INFO] Retrieving Retrolambda 2.5.3
[INFO] Configured Artifact: net.orfjackal.retrolambda:retrolambda:2.5.3:jar
[INFO] Copying retrolambda-2.5.3.jar to /root/workspace/openzipkin/zipkin/369127214/zipkin-guava/target/retrolambda/retrolambda.jar
[INFO] Processing classes with Retrolambda
[INFO] Executing tasks

main:
     [exec] Retrolambda 2.5.3
[INFO] Executed tasks
[INFO] 
[INFO] --- animal-sniffer-maven-plugin:1.16:check (default) @ zipkin-guava ---
[INFO] Checking unresolved references to org.codehaus.mojo.signature:java17:1.0
[INFO] 
[INFO] --- maven-resources-plugin:2.6:testResources (default-testResources) @ zipkin-guava ---
[INFO] Using 'UTF-8' encoding to copy filtered resources.
[INFO] skip non existing resourceDirectory /root/workspace/openzipkin/zipkin/369127214/zipkin-guava/src/test/resources
[INFO] 
[INFO] --- maven-compiler-plugin:3.7.0:testCompile (default-testCompile) @ zipkin-guava ---
[INFO] Nothing to compile - all classes are up to date
[INFO] 
[INFO] --- maven-surefire-plugin:2.21.0:test (default-test) @ zipkin-guava ---
[INFO] Tests are skipped.
[INFO] 
[INFO] --- maven-jar-plugin:3.0.2:jar (default-jar) @ zipkin-guava ---
[INFO] Building jar: /root/workspace/openzipkin/zipkin/369127214/zipkin-guava/target/zipkin-guava-2.7.2-SNAPSHOT.jar
[INFO] 
[INFO] --- maven-failsafe-plugin:2.21.0:integration-test (integration-test) @ zipkin-guava ---
[INFO] Tests are skipped.
[INFO] 
[INFO] --- maven-failsafe-plugin:2.21.0:verify (verify) @ zipkin-guava ---
[INFO] Tests are skipped.
[INFO] 
[INFO] --- maven-install-plugin:2.5.2:install (default-install) @ zipkin-guava ---
[INFO] Installing /root/workspace/openzipkin/zipkin/369127214/zipkin-guava/target/zipkin-guava-2.7.2-SNAPSHOT.jar to /root/./workspace/openzipkin/zipkin/369127214/.m2/io/zipkin/java/zipkin-guava/2.7.2-SNAPSHOT/zipkin-guava-2.7.2-SNAPSHOT.jar
[INFO] Installing /root/workspace/openzipkin/zipkin/369127214/zipkin-guava/pom.xml to /root/./workspace/openzipkin/zipkin/369127214/.m2/io/zipkin/java/zipkin-guava/2.7.2-SNAPSHOT/zipkin-guava-2.7.2-SNAPSHOT.pom
[INFO]                                                                         
[INFO] ------------------------------------------------------------------------
[INFO] Building Auto Configuration 2.7.2-SNAPSHOT
[INFO] ------------------------------------------------------------------------
[INFO] 
[INFO] --- maven-enforcer-plugin:3.0.0-M1:enforce (enforce-java) @ zipkin-autoconfigure ---
[INFO] Skipping Rule Enforcement.
[INFO] 
[INFO] --- maven-compiler-plugin:3.7.0:compile (default-compile) @ zipkin-autoconfigure ---
[INFO] No sources to compile
[INFO] 
[INFO] --- license-maven-plugin:3.0:check (default) @ zipkin-autoconfigure ---
[INFO] 
[INFO] --- animal-sniffer-maven-plugin:1.16:check (default) @ zipkin-autoconfigure ---
[INFO] Checking unresolved references to org.codehaus.mojo.signature:java18:1.0
[INFO] 
[INFO] --- maven-failsafe-plugin:2.21.0:integration-test (integration-test) @ zipkin-autoconfigure ---
[INFO] Tests are skipped.
[INFO] 
[INFO] --- maven-failsafe-plugin:2.21.0:verify (verify) @ zipkin-autoconfigure ---
[INFO] Tests are skipped.
[INFO] 
[INFO] --- maven-install-plugin:2.5.2:install (default-install) @ zipkin-autoconfigure ---
[INFO] Installing /root/workspace/openzipkin/zipkin/369127214/zipkin-autoconfigure/pom.xml to /root/./workspace/openzipkin/zipkin/369127214/.m2/io/zipkin/java/zipkin-autoconfigure/2.7.2-SNAPSHOT/zipkin-autoconfigure-2.7.2-SNAPSHOT.pom
[INFO]                                                                         
[INFO] ------------------------------------------------------------------------
[INFO] Building Auto Configuration: Ui 2.7.2-SNAPSHOT
[INFO] ------------------------------------------------------------------------
[INFO] 
[INFO] --- maven-enforcer-plugin:3.0.0-M1:enforce (enforce-java) @ zipkin-autoconfigure-ui ---
[INFO] Skipping Rule Enforcement.
[INFO] 
[INFO] --- maven-resources-plugin:2.6:resources (default-resources) @ zipkin-autoconfigure-ui ---
[INFO] Using 'UTF-8' encoding to copy filtered resources.
[INFO] Copying 1 resource
[INFO] 
[INFO] --- maven-compiler-plugin:3.7.0:compile (default-compile) @ zipkin-autoconfigure-ui ---
[INFO] Nothing to compile - all classes are up to date
[INFO] 
[INFO] --- license-maven-plugin:3.0:check (default) @ zipkin-autoconfigure-ui ---
[INFO] 
[INFO] --- animal-sniffer-maven-plugin:1.16:check (default) @ zipkin-autoconfigure-ui ---
[INFO] Checking unresolved references to org.codehaus.mojo.signature:java18:1.0
[INFO] 
[INFO] --- maven-resources-plugin:2.6:testResources (default-testResources) @ zipkin-autoconfigure-ui ---
[INFO] Using 'UTF-8' encoding to copy filtered resources.
[INFO] Copying 3 resources
[INFO] 
[INFO] --- maven-compiler-plugin:3.7.0:testCompile (default-testCompile) @ zipkin-autoconfigure-ui ---
[INFO] Nothing to compile - all classes are up to date
[INFO] 
[INFO] --- maven-surefire-plugin:2.21.0:test (default-test) @ zipkin-autoconfigure-ui ---
[INFO] Tests are skipped.
[INFO] 
[INFO] --- maven-jar-plugin:3.0.2:jar (default-jar) @ zipkin-autoconfigure-ui ---
[INFO] Building jar: /root/workspace/openzipkin/zipkin/369127214/zipkin-autoconfigure/ui/target/zipkin-autoconfigure-ui-2.7.2-SNAPSHOT.jar
[INFO] 
[INFO] --- maven-failsafe-plugin:2.21.0:integration-test (integration-test) @ zipkin-autoconfigure-ui ---
[INFO] Tests are skipped.
[INFO] 
[INFO] --- maven-failsafe-plugin:2.21.0:verify (verify) @ zipkin-autoconfigure-ui ---
[INFO] Tests are skipped.
[INFO] 
[INFO] --- maven-install-plugin:2.5.2:install (default-install) @ zipkin-autoconfigure-ui ---
[INFO] Installing /root/workspace/openzipkin/zipkin/369127214/zipkin-autoconfigure/ui/target/zipkin-autoconfigure-ui-2.7.2-SNAPSHOT.jar to /root/./workspace/openzipkin/zipkin/369127214/.m2/io/zipkin/java/zipkin-autoconfigure-ui/2.7.2-SNAPSHOT/zipkin-autoconfigure-ui-2.7.2-SNAPSHOT.jar
[INFO] Installing /root/workspace/openzipkin/zipkin/369127214/zipkin-autoconfigure/ui/pom.xml to /root/./workspace/openzipkin/zipkin/369127214/.m2/io/zipkin/java/zipkin-autoconfigure-ui/2.7.2-SNAPSHOT/zipkin-autoconfigure-ui-2.7.2-SNAPSHOT.pom
[INFO]                                                                         
[INFO] ------------------------------------------------------------------------
[INFO] Building Storage 2.7.2-SNAPSHOT
[INFO] ------------------------------------------------------------------------
[INFO] 
[INFO] --- maven-enforcer-plugin:3.0.0-M1:enforce (enforce-java) @ zipkin-storage ---
[INFO] Skipping Rule Enforcement.
[INFO] 
[INFO] --- maven-compiler-plugin:3.7.0:compile (default-compile) @ zipkin-storage ---
[INFO] No sources to compile
[INFO] 
[INFO] --- license-maven-plugin:3.0:check (default) @ zipkin-storage ---
[INFO] 
[INFO] --- retrolambda-maven-plugin:2.5.3:process-main (default) @ zipkin-storage ---
[INFO] Retrieving Retrolambda 2.5.3
[INFO] Configured Artifact: net.orfjackal.retrolambda:retrolambda:2.5.3:jar
[INFO] Copying retrolambda-2.5.3.jar to /root/workspace/openzipkin/zipkin/369127214/zipkin-storage/target/retrolambda/retrolambda.jar
[INFO] Processing classes with Retrolambda
[INFO] Executing tasks

main:
     [exec] Retrolambda 2.5.3
[INFO] Executed tasks
[INFO] 
[INFO] --- animal-sniffer-maven-plugin:1.16:check (default) @ zipkin-storage ---
[INFO] Checking unresolved references to org.codehaus.mojo.signature:java17:1.0
[INFO] 
[INFO] --- maven-failsafe-plugin:2.21.0:integration-test (integration-test) @ zipkin-storage ---
[INFO] Tests are skipped.
[INFO] 
[INFO] --- maven-failsafe-plugin:2.21.0:verify (verify) @ zipkin-storage ---
[INFO] Tests are skipped.
[INFO] 
[INFO] --- maven-install-plugin:2.5.2:install (default-install) @ zipkin-storage ---
[INFO] Installing /root/workspace/openzipkin/zipkin/369127214/zipkin-storage/pom.xml to /root/./workspace/openzipkin/zipkin/369127214/.m2/io/zipkin/java/zipkin-storage/2.7.2-SNAPSHOT/zipkin-storage-2.7.2-SNAPSHOT.pom
[INFO]                                                                         
[INFO] ------------------------------------------------------------------------
[INFO] Building Storage: Cassandra 2.7.2-SNAPSHOT
[INFO] ------------------------------------------------------------------------
[INFO] 
[INFO] --- maven-enforcer-plugin:3.0.0-M1:enforce (enforce-java) @ zipkin-storage-cassandra ---
[INFO] Skipping Rule Enforcement.
[INFO] 
[INFO] --- maven-resources-plugin:2.6:resources (default-resources) @ zipkin-storage-cassandra ---
[INFO] Using 'UTF-8' encoding to copy filtered resources.
[INFO] Copying 2 resources
[INFO] 
[INFO] --- maven-compiler-plugin:3.7.0:compile (default-compile) @ zipkin-storage-cassandra ---
[INFO] Nothing to compile - all classes are up to date
[INFO] 
[INFO] --- license-maven-plugin:3.0:check (default) @ zipkin-storage-cassandra ---
[INFO] 
[INFO] --- retrolambda-maven-plugin:2.5.3:process-main (default) @ zipkin-storage-cassandra ---
[INFO] Retrieving Retrolambda 2.5.3
[INFO] Configured Artifact: net.orfjackal.retrolambda:retrolambda:2.5.3:jar
[INFO] Copying retrolambda-2.5.3.jar to /root/workspace/openzipkin/zipkin/369127214/zipkin-storage/cassandra/target/retrolambda/retrolambda.jar
[INFO] Processing classes with Retrolambda
[INFO] Executing tasks

main:
     [exec] Retrolambda 2.5.3
[INFO] Executed tasks
[INFO] 
[INFO] --- animal-sniffer-maven-plugin:1.16:check (default) @ zipkin-storage-cassandra ---
[INFO] Checking unresolved references to org.codehaus.mojo.signature:java17:1.0
[INFO] 
[INFO] --- maven-resources-plugin:2.6:testResources (default-testResources) @ zipkin-storage-cassandra ---
[INFO] Using 'UTF-8' encoding to copy filtered resources.
[INFO] Copying 2 resources
[INFO] 
[INFO] --- maven-compiler-plugin:3.7.0:testCompile (default-testCompile) @ zipkin-storage-cassandra ---
[INFO] Nothing to compile - all classes are up to date
[INFO] 
[INFO] --- maven-surefire-plugin:2.21.0:test (default-test) @ zipkin-storage-cassandra ---
[INFO] Tests are skipped.
[INFO] 
[INFO] --- maven-jar-plugin:3.0.2:jar (default-jar) @ zipkin-storage-cassandra ---
[INFO] Building jar: /root/workspace/openzipkin/zipkin/369127214/zipkin-storage/cassandra/target/zipkin-storage-cassandra-2.7.2-SNAPSHOT.jar
[INFO] 
[INFO] --- maven-failsafe-plugin:2.21.0:integration-test (integration-test) @ zipkin-storage-cassandra ---
[INFO] Tests are skipped.
[INFO] 
[INFO] --- maven-failsafe-plugin:2.21.0:verify (verify) @ zipkin-storage-cassandra ---
[INFO] Tests are skipped.
[INFO] 
[INFO] --- maven-install-plugin:2.5.2:install (default-install) @ zipkin-storage-cassandra ---
[INFO] Installing /root/workspace/openzipkin/zipkin/369127214/zipkin-storage/cassandra/target/zipkin-storage-cassandra-2.7.2-SNAPSHOT.jar to /root/./workspace/openzipkin/zipkin/369127214/.m2/io/zipkin/java/zipkin-storage-cassandra/2.7.2-SNAPSHOT/zipkin-storage-cassandra-2.7.2-SNAPSHOT.jar
[INFO] Installing /root/workspace/openzipkin/zipkin/369127214/zipkin-storage/cassandra/pom.xml to /root/./workspace/openzipkin/zipkin/369127214/.m2/io/zipkin/java/zipkin-storage-cassandra/2.7.2-SNAPSHOT/zipkin-storage-cassandra-2.7.2-SNAPSHOT.pom
[INFO]                                                                         
[INFO] ------------------------------------------------------------------------
[INFO] Building Auto Configuration: Cassandra Storage 2.7.2-SNAPSHOT
[INFO] ------------------------------------------------------------------------
[INFO] 
[INFO] --- maven-enforcer-plugin:3.0.0-M1:enforce (enforce-java) @ zipkin-autoconfigure-storage-cassandra ---
[INFO] Skipping Rule Enforcement.
[INFO] 
[INFO] --- maven-resources-plugin:2.6:resources (default-resources) @ zipkin-autoconfigure-storage-cassandra ---
[INFO] Using 'UTF-8' encoding to copy filtered resources.
[INFO] Copying 1 resource
[INFO] 
[INFO] --- maven-compiler-plugin:3.7.0:compile (default-compile) @ zipkin-autoconfigure-storage-cassandra ---
[INFO] Nothing to compile - all classes are up to date
[INFO] 
[INFO] --- license-maven-plugin:3.0:check (default) @ zipkin-autoconfigure-storage-cassandra ---
[INFO] 
[INFO] --- animal-sniffer-maven-plugin:1.16:check (default) @ zipkin-autoconfigure-storage-cassandra ---
[INFO] Checking unresolved references to org.codehaus.mojo.signature:java18:1.0
[INFO] 
[INFO] --- maven-resources-plugin:2.6:testResources (default-testResources) @ zipkin-autoconfigure-storage-cassandra ---
[INFO] Using 'UTF-8' encoding to copy filtered resources.
[INFO] skip non existing resourceDirectory /root/workspace/openzipkin/zipkin/369127214/zipkin-autoconfigure/storage-cassandra/src/test/resources
[INFO] 
[INFO] --- maven-compiler-plugin:3.7.0:testCompile (default-testCompile) @ zipkin-autoconfigure-storage-cassandra ---
[INFO] Nothing to compile - all classes are up to date
[INFO] 
[INFO] --- maven-surefire-plugin:2.21.0:test (default-test) @ zipkin-autoconfigure-storage-cassandra ---
[INFO] Tests are skipped.
[INFO] 
[INFO] --- maven-jar-plugin:3.0.2:jar (default-jar) @ zipkin-autoconfigure-storage-cassandra ---
[INFO] Building jar: /root/workspace/openzipkin/zipkin/369127214/zipkin-autoconfigure/storage-cassandra/target/zipkin-autoconfigure-storage-cassandra-2.7.2-SNAPSHOT.jar
[INFO] 
[INFO] --- maven-failsafe-plugin:2.21.0:integration-test (integration-test) @ zipkin-autoconfigure-storage-cassandra ---
[INFO] Tests are skipped.
[INFO] 
[INFO] --- maven-failsafe-plugin:2.21.0:verify (verify) @ zipkin-autoconfigure-storage-cassandra ---
[INFO] Tests are skipped.
[INFO] 
[INFO] --- maven-install-plugin:2.5.2:install (default-install) @ zipkin-autoconfigure-storage-cassandra ---
[INFO] Installing /root/workspace/openzipkin/zipkin/369127214/zipkin-autoconfigure/storage-cassandra/target/zipkin-autoconfigure-storage-cassandra-2.7.2-SNAPSHOT.jar to /root/./workspace/openzipkin/zipkin/369127214/.m2/io/zipkin/java/zipkin-autoconfigure-storage-cassandra/2.7.2-SNAPSHOT/zipkin-autoconfigure-storage-cassandra-2.7.2-SNAPSHOT.jar
[INFO] Installing /root/workspace/openzipkin/zipkin/369127214/zipkin-autoconfigure/storage-cassandra/pom.xml to /root/./workspace/openzipkin/zipkin/369127214/.m2/io/zipkin/java/zipkin-autoconfigure-storage-cassandra/2.7.2-SNAPSHOT/zipkin-autoconfigure-storage-cassandra-2.7.2-SNAPSHOT.pom
[INFO]                                                                         
[INFO] ------------------------------------------------------------------------
[INFO] Building Storage: Cassandra (Zipkin V2) 2.7.2-SNAPSHOT
[INFO] ------------------------------------------------------------------------
[INFO] 
[INFO] --- maven-enforcer-plugin:3.0.0-M1:enforce (enforce-java) @ zipkin-storage-cassandra ---
[INFO] Skipping Rule Enforcement.
[INFO] 
[INFO] --- maven-resources-plugin:2.6:resources (default-resources) @ zipkin-storage-cassandra ---
[INFO] Using 'UTF-8' encoding to copy filtered resources.
[INFO] Copying 2 resources
[INFO] 
[INFO] --- maven-compiler-plugin:3.7.0:compile (default-compile) @ zipkin-storage-cassandra ---
[INFO] Nothing to compile - all classes are up to date
[INFO] 
[INFO] --- license-maven-plugin:3.0:check (default) @ zipkin-storage-cassandra ---
[INFO] 
[INFO] --- animal-sniffer-maven-plugin:1.16:check (default) @ zipkin-storage-cassandra ---
[INFO] Checking unresolved references to org.codehaus.mojo.signature:java18:1.0
[INFO] 
[INFO] --- maven-resources-plugin:2.6:testResources (default-testResources) @ zipkin-storage-cassandra ---
[INFO] Using 'UTF-8' encoding to copy filtered resources.
[INFO] Copying 5 resources
[INFO] 
[INFO] --- maven-compiler-plugin:3.7.0:testCompile (default-testCompile) @ zipkin-storage-cassandra ---
[INFO] Nothing to compile - all classes are up to date
[INFO] 
[INFO] --- maven-surefire-plugin:2.21.0:test (default-test) @ zipkin-storage-cassandra ---
[INFO] Tests are skipped.
[INFO] 
[INFO] --- maven-jar-plugin:3.0.2:jar (default-jar) @ zipkin-storage-cassandra ---
[INFO] Building jar: /root/workspace/openzipkin/zipkin/369127214/zipkin-storage/zipkin2_cassandra/target/zipkin-storage-cassandra-2.7.2-SNAPSHOT.jar
[INFO] 
[INFO] --- maven-failsafe-plugin:2.21.0:integration-test (integration-test) @ zipkin-storage-cassandra ---
[INFO] Tests are skipped.
[INFO] 
[INFO] --- maven-failsafe-plugin:2.21.0:verify (verify) @ zipkin-storage-cassandra ---
[INFO] Tests are skipped.
[INFO] 
[INFO] --- maven-install-plugin:2.5.2:install (default-install) @ zipkin-storage-cassandra ---
[INFO] Installing /root/workspace/openzipkin/zipkin/369127214/zipkin-storage/zipkin2_cassandra/target/zipkin-storage-cassandra-2.7.2-SNAPSHOT.jar to /root/./workspace/openzipkin/zipkin/369127214/.m2/io/zipkin/zipkin2/zipkin-storage-cassandra/2.7.2-SNAPSHOT/zipkin-storage-cassandra-2.7.2-SNAPSHOT.jar
[INFO] Installing /root/workspace/openzipkin/zipkin/369127214/zipkin-storage/zipkin2_cassandra/pom.xml to /root/./workspace/openzipkin/zipkin/369127214/.m2/io/zipkin/zipkin2/zipkin-storage-cassandra/2.7.2-SNAPSHOT/zipkin-storage-cassandra-2.7.2-SNAPSHOT.pom
[INFO]                                                                         
[INFO] ------------------------------------------------------------------------
[INFO] Building Auto Configuration: Cassandra 3 Storage 2.7.2-SNAPSHOT
[INFO] ------------------------------------------------------------------------
[INFO] 
[INFO] --- maven-enforcer-plugin:3.0.0-M1:enforce (enforce-java) @ zipkin-autoconfigure-storage-cassandra3 ---
[INFO] Skipping Rule Enforcement.
[INFO] 
[INFO] --- maven-resources-plugin:2.6:resources (default-resources) @ zipkin-autoconfigure-storage-cassandra3 ---
[INFO] Using 'UTF-8' encoding to copy filtered resources.
[INFO] Copying 1 resource
[INFO] 
[INFO] --- maven-compiler-plugin:3.7.0:compile (default-compile) @ zipkin-autoconfigure-storage-cassandra3 ---
[INFO] Nothing to compile - all classes are up to date
[INFO] 
[INFO] --- license-maven-plugin:3.0:check (default) @ zipkin-autoconfigure-storage-cassandra3 ---
[INFO] 
[INFO] --- animal-sniffer-maven-plugin:1.16:check (default) @ zipkin-autoconfigure-storage-cassandra3 ---
[INFO] Checking unresolved references to org.codehaus.mojo.signature:java18:1.0
[INFO] 
[INFO] --- maven-resources-plugin:2.6:testResources (default-testResources) @ zipkin-autoconfigure-storage-cassandra3 ---
[INFO] Using 'UTF-8' encoding to copy filtered resources.
[INFO] skip non existing resourceDirectory /root/workspace/openzipkin/zipkin/369127214/zipkin-autoconfigure/storage-cassandra3/src/test/resources
[INFO] 
[INFO] --- maven-compiler-plugin:3.7.0:testCompile (default-testCompile) @ zipkin-autoconfigure-storage-cassandra3 ---
[INFO] Nothing to compile - all classes are up to date
[INFO] 
[INFO] --- maven-surefire-plugin:2.21.0:test (default-test) @ zipkin-autoconfigure-storage-cassandra3 ---
[INFO] Tests are skipped.
[INFO] 
[INFO] --- maven-jar-plugin:3.0.2:jar (default-jar) @ zipkin-autoconfigure-storage-cassandra3 ---
[INFO] Building jar: /root/workspace/openzipkin/zipkin/369127214/zipkin-autoconfigure/storage-cassandra3/target/zipkin-autoconfigure-storage-cassandra3-2.7.2-SNAPSHOT.jar
[INFO] 
[INFO] --- maven-failsafe-plugin:2.21.0:integration-test (integration-test) @ zipkin-autoconfigure-storage-cassandra3 ---
[INFO] Tests are skipped.
[INFO] 
[INFO] --- maven-failsafe-plugin:2.21.0:verify (verify) @ zipkin-autoconfigure-storage-cassandra3 ---
[INFO] Tests are skipped.
[INFO] 
[INFO] --- maven-install-plugin:2.5.2:install (default-install) @ zipkin-autoconfigure-storage-cassandra3 ---
[INFO] Installing /root/workspace/openzipkin/zipkin/369127214/zipkin-autoconfigure/storage-cassandra3/target/zipkin-autoconfigure-storage-cassandra3-2.7.2-SNAPSHOT.jar to /root/./workspace/openzipkin/zipkin/369127214/.m2/io/zipkin/java/zipkin-autoconfigure-storage-cassandra3/2.7.2-SNAPSHOT/zipkin-autoconfigure-storage-cassandra3-2.7.2-SNAPSHOT.jar
[INFO] Installing /root/workspace/openzipkin/zipkin/369127214/zipkin-autoconfigure/storage-cassandra3/pom.xml to /root/./workspace/openzipkin/zipkin/369127214/.m2/io/zipkin/java/zipkin-autoconfigure-storage-cassandra3/2.7.2-SNAPSHOT/zipkin-autoconfigure-storage-cassandra3-2.7.2-SNAPSHOT.pom
[INFO]                                                                         
[INFO] ------------------------------------------------------------------------
[INFO] Building Storage: Elasticsearch (V2) 2.7.2-SNAPSHOT
[INFO] ------------------------------------------------------------------------
[INFO] 
[INFO] --- maven-enforcer-plugin:3.0.0-M1:enforce (enforce-java) @ zipkin-storage-elasticsearch ---
[INFO] Skipping Rule Enforcement.
[INFO] 
[INFO] --- maven-resources-plugin:2.6:resources (default-resources) @ zipkin-storage-elasticsearch ---
[INFO] Using 'UTF-8' encoding to copy filtered resources.
[INFO] skip non existing resourceDirectory /root/workspace/openzipkin/zipkin/369127214/zipkin-storage/elasticsearch/src/main/resources
[INFO] 
[INFO] --- maven-compiler-plugin:3.7.0:compile (default-compile) @ zipkin-storage-elasticsearch ---
[INFO] Nothing to compile - all classes are up to date
[INFO] 
[INFO] --- license-maven-plugin:3.0:check (default) @ zipkin-storage-elasticsearch ---
[INFO] 
[INFO] --- retrolambda-maven-plugin:2.5.3:process-main (default) @ zipkin-storage-elasticsearch ---
[INFO] Retrieving Retrolambda 2.5.3
[INFO] Configured Artifact: net.orfjackal.retrolambda:retrolambda:2.5.3:jar
[INFO] Copying retrolambda-2.5.3.jar to /root/workspace/openzipkin/zipkin/369127214/zipkin-storage/elasticsearch/target/retrolambda/retrolambda.jar
[INFO] Processing classes with Retrolambda
[INFO] Executing tasks

main:
     [exec] Retrolambda 2.5.3
[INFO] Executed tasks
[INFO] 
[INFO] --- animal-sniffer-maven-plugin:1.16:check (default) @ zipkin-storage-elasticsearch ---
[INFO] Checking unresolved references to org.codehaus.mojo.signature:java17:1.0
[INFO] 
[INFO] --- maven-resources-plugin:2.6:testResources (default-testResources) @ zipkin-storage-elasticsearch ---
[INFO] Using 'UTF-8' encoding to copy filtered resources.
[INFO] skip non existing resourceDirectory /root/workspace/openzipkin/zipkin/369127214/zipkin-storage/elasticsearch/src/test/resources
[INFO] 
[INFO] --- maven-compiler-plugin:3.7.0:testCompile (default-testCompile) @ zipkin-storage-elasticsearch ---
[INFO] Nothing to compile - all classes are up to date
[INFO] 
[INFO] --- maven-surefire-plugin:2.21.0:test (default-test) @ zipkin-storage-elasticsearch ---
[INFO] Tests are skipped.
[INFO] 
[INFO] --- maven-jar-plugin:3.0.2:jar (default-jar) @ zipkin-storage-elasticsearch ---
[INFO] Building jar: /root/workspace/openzipkin/zipkin/369127214/zipkin-storage/elasticsearch/target/zipkin-storage-elasticsearch-2.7.2-SNAPSHOT.jar
[INFO] 
[INFO] --- maven-failsafe-plugin:2.21.0:integration-test (integration-test) @ zipkin-storage-elasticsearch ---
[INFO] Tests are skipped.
[INFO] 
[INFO] --- maven-failsafe-plugin:2.21.0:verify (verify) @ zipkin-storage-elasticsearch ---
[INFO] Tests are skipped.
[INFO] 
[INFO] --- maven-install-plugin:2.5.2:install (default-install) @ zipkin-storage-elasticsearch ---
[INFO] Installing /root/workspace/openzipkin/zipkin/369127214/zipkin-storage/elasticsearch/target/zipkin-storage-elasticsearch-2.7.2-SNAPSHOT.jar to /root/./workspace/openzipkin/zipkin/369127214/.m2/io/zipkin/zipkin2/zipkin-storage-elasticsearch/2.7.2-SNAPSHOT/zipkin-storage-elasticsearch-2.7.2-SNAPSHOT.jar
[INFO] Installing /root/workspace/openzipkin/zipkin/369127214/zipkin-storage/elasticsearch/pom.xml to /root/./workspace/openzipkin/zipkin/369127214/.m2/io/zipkin/zipkin2/zipkin-storage-elasticsearch/2.7.2-SNAPSHOT/zipkin-storage-elasticsearch-2.7.2-SNAPSHOT.pom
[INFO]                                                                         
[INFO] ------------------------------------------------------------------------
[INFO] Building Storage: Elasticsearch (HTTP) 2.7.2-SNAPSHOT
[INFO] ------------------------------------------------------------------------
[INFO] 
[INFO] --- maven-enforcer-plugin:3.0.0-M1:enforce (enforce-java) @ zipkin-storage-elasticsearch-http ---
[INFO] Skipping Rule Enforcement.
[INFO] 
[INFO] --- maven-resources-plugin:2.6:resources (default-resources) @ zipkin-storage-elasticsearch-http ---
[INFO] Using 'UTF-8' encoding to copy filtered resources.
[INFO] skip non existing resourceDirectory /root/workspace/openzipkin/zipkin/369127214/zipkin-storage/elasticsearch-http/src/main/resources
[INFO] 
[INFO] --- maven-compiler-plugin:3.7.0:compile (default-compile) @ zipkin-storage-elasticsearch-http ---
[INFO] Nothing to compile - all classes are up to date
[INFO] 
[INFO] --- license-maven-plugin:3.0:check (default) @ zipkin-storage-elasticsearch-http ---
[INFO] 
[INFO] --- retrolambda-maven-plugin:2.5.3:process-main (default) @ zipkin-storage-elasticsearch-http ---
[INFO] Retrieving Retrolambda 2.5.3
[INFO] Configured Artifact: net.orfjackal.retrolambda:retrolambda:2.5.3:jar
[INFO] Copying retrolambda-2.5.3.jar to /root/workspace/openzipkin/zipkin/369127214/zipkin-storage/elasticsearch-http/target/retrolambda/retrolambda.jar
[INFO] Processing classes with Retrolambda
[INFO] Executing tasks

main:
     [exec] Retrolambda 2.5.3
[INFO] Executed tasks
[INFO] 
[INFO] --- animal-sniffer-maven-plugin:1.16:check (default) @ zipkin-storage-elasticsearch-http ---
[INFO] Checking unresolved references to org.codehaus.mojo.signature:java17:1.0
[INFO] 
[INFO] --- maven-resources-plugin:2.6:testResources (default-testResources) @ zipkin-storage-elasticsearch-http ---
[INFO] Using 'UTF-8' encoding to copy filtered resources.
[INFO] Copying 1 resource
[INFO] 
[INFO] --- maven-compiler-plugin:3.7.0:testCompile (default-testCompile) @ zipkin-storage-elasticsearch-http ---
[INFO] Nothing to compile - all classes are up to date
[INFO] 
[INFO] --- maven-surefire-plugin:2.21.0:test (default-test) @ zipkin-storage-elasticsearch-http ---
[INFO] Tests are skipped.
[INFO] 
[INFO] --- maven-jar-plugin:3.0.2:jar (default-jar) @ zipkin-storage-elasticsearch-http ---
[INFO] Building jar: /root/workspace/openzipkin/zipkin/369127214/zipkin-storage/elasticsearch-http/target/zipkin-storage-elasticsearch-http-2.7.2-SNAPSHOT.jar
[INFO] 
[INFO] --- maven-failsafe-plugin:2.21.0:integration-test (integration-test) @ zipkin-storage-elasticsearch-http ---
[INFO] Tests are skipped.
[INFO] 
[INFO] --- maven-failsafe-plugin:2.21.0:verify (verify) @ zipkin-storage-elasticsearch-http ---
[INFO] Tests are skipped.
[INFO] 
[INFO] --- maven-install-plugin:2.5.2:install (default-install) @ zipkin-storage-elasticsearch-http ---
[INFO] Installing /root/workspace/openzipkin/zipkin/369127214/zipkin-storage/elasticsearch-http/target/zipkin-storage-elasticsearch-http-2.7.2-SNAPSHOT.jar to /root/./workspace/openzipkin/zipkin/369127214/.m2/io/zipkin/java/zipkin-storage-elasticsearch-http/2.7.2-SNAPSHOT/zipkin-storage-elasticsearch-http-2.7.2-SNAPSHOT.jar
[INFO] Installing /root/workspace/openzipkin/zipkin/369127214/zipkin-storage/elasticsearch-http/pom.xml to /root/./workspace/openzipkin/zipkin/369127214/.m2/io/zipkin/java/zipkin-storage-elasticsearch-http/2.7.2-SNAPSHOT/zipkin-storage-elasticsearch-http-2.7.2-SNAPSHOT.pom
[INFO]                                                                         
[INFO] ------------------------------------------------------------------------
[INFO] Building Auto Configuration: Elasticsearch Storage (HTTP) 2.7.2-SNAPSHOT
[INFO] ------------------------------------------------------------------------
[INFO] 
[INFO] --- maven-enforcer-plugin:3.0.0-M1:enforce (enforce-java) @ zipkin-autoconfigure-storage-elasticsearch-http ---
[INFO] Skipping Rule Enforcement.
[INFO] 
[INFO] --- maven-resources-plugin:2.6:resources (default-resources) @ zipkin-autoconfigure-storage-elasticsearch-http ---
[INFO] Using 'UTF-8' encoding to copy filtered resources.
[INFO] Copying 1 resource
[INFO] 
[INFO] --- maven-compiler-plugin:3.7.0:compile (default-compile) @ zipkin-autoconfigure-storage-elasticsearch-http ---
[INFO] Nothing to compile - all classes are up to date
[INFO] 
[INFO] --- license-maven-plugin:3.0:check (default) @ zipkin-autoconfigure-storage-elasticsearch-http ---
[INFO] 
[INFO] --- animal-sniffer-maven-plugin:1.16:check (default) @ zipkin-autoconfigure-storage-elasticsearch-http ---
[INFO] Checking unresolved references to org.codehaus.mojo.signature:java18:1.0
[INFO] 
[INFO] --- maven-resources-plugin:2.6:testResources (default-testResources) @ zipkin-autoconfigure-storage-elasticsearch-http ---
[INFO] Using 'UTF-8' encoding to copy filtered resources.
[INFO] skip non existing resourceDirectory /root/workspace/openzipkin/zipkin/369127214/zipkin-autoconfigure/storage-elasticsearch-http/src/test/resources
[INFO] 
[INFO] --- maven-compiler-plugin:3.7.0:testCompile (default-testCompile) @ zipkin-autoconfigure-storage-elasticsearch-http ---
[INFO] Nothing to compile - all classes are up to date
[INFO] 
[INFO] --- maven-surefire-plugin:2.21.0:test (default-test) @ zipkin-autoconfigure-storage-elasticsearch-http ---
[INFO] Tests are skipped.
[INFO] 
[INFO] --- maven-jar-plugin:3.0.2:jar (default-jar) @ zipkin-autoconfigure-storage-elasticsearch-http ---
[INFO] Building jar: /root/workspace/openzipkin/zipkin/369127214/zipkin-autoconfigure/storage-elasticsearch-http/target/zipkin-autoconfigure-storage-elasticsearch-http-2.7.2-SNAPSHOT.jar
[INFO] 
[INFO] --- maven-failsafe-plugin:2.21.0:integration-test (integration-test) @ zipkin-autoconfigure-storage-elasticsearch-http ---
[INFO] Tests are skipped.
[INFO] 
[INFO] --- maven-failsafe-plugin:2.21.0:verify (verify) @ zipkin-autoconfigure-storage-elasticsearch-http ---
[INFO] Tests are skipped.
[INFO] 
[INFO] --- maven-install-plugin:2.5.2:install (default-install) @ zipkin-autoconfigure-storage-elasticsearch-http ---
[INFO] Installing /root/workspace/openzipkin/zipkin/369127214/zipkin-autoconfigure/storage-elasticsearch-http/target/zipkin-autoconfigure-storage-elasticsearch-http-2.7.2-SNAPSHOT.jar to /root/./workspace/openzipkin/zipkin/369127214/.m2/io/zipkin/java/zipkin-autoconfigure-storage-elasticsearch-http/2.7.2-SNAPSHOT/zipkin-autoconfigure-storage-elasticsearch-http-2.7.2-SNAPSHOT.jar
[INFO] Installing /root/workspace/openzipkin/zipkin/369127214/zipkin-autoconfigure/storage-elasticsearch-http/pom.xml to /root/./workspace/openzipkin/zipkin/369127214/.m2/io/zipkin/java/zipkin-autoconfigure-storage-elasticsearch-http/2.7.2-SNAPSHOT/zipkin-autoconfigure-storage-elasticsearch-http-2.7.2-SNAPSHOT.pom
[INFO]                                                                         
[INFO] ------------------------------------------------------------------------
[INFO] Building Auto Configuration: Elasticsearch Storage (AWS) 2.7.2-SNAPSHOT
[INFO] ------------------------------------------------------------------------
[INFO] 
[INFO] --- maven-enforcer-plugin:3.0.0-M1:enforce (enforce-java) @ zipkin-autoconfigure-storage-elasticsearch-aws ---
[INFO] Skipping Rule Enforcement.
[INFO] 
[INFO] --- maven-resources-plugin:2.6:resources (default-resources) @ zipkin-autoconfigure-storage-elasticsearch-aws ---
[INFO] Using 'UTF-8' encoding to copy filtered resources.
[INFO] Copying 1 resource
[INFO] 
[INFO] --- maven-compiler-plugin:3.7.0:compile (default-compile) @ zipkin-autoconfigure-storage-elasticsearch-aws ---
[INFO] Nothing to compile - all classes are up to date
[INFO] 
[INFO] --- license-maven-plugin:3.0:check (default) @ zipkin-autoconfigure-storage-elasticsearch-aws ---
[INFO] 
[INFO] --- animal-sniffer-maven-plugin:1.16:check (default) @ zipkin-autoconfigure-storage-elasticsearch-aws ---
[INFO] Checking unresolved references to org.codehaus.mojo.signature:java18:1.0
[INFO] 
[INFO] --- maven-resources-plugin:2.6:testResources (default-testResources) @ zipkin-autoconfigure-storage-elasticsearch-aws ---
[INFO] Using 'UTF-8' encoding to copy filtered resources.
[INFO] Copying 1 resource
[INFO] 
[INFO] --- maven-compiler-plugin:3.7.0:testCompile (default-testCompile) @ zipkin-autoconfigure-storage-elasticsearch-aws ---
[INFO] Nothing to compile - all classes are up to date
[INFO] 
[INFO] --- maven-surefire-plugin:2.21.0:test (default-test) @ zipkin-autoconfigure-storage-elasticsearch-aws ---
[INFO] Tests are skipped.
[INFO] 
[INFO] --- maven-jar-plugin:3.0.2:jar (default-jar) @ zipkin-autoconfigure-storage-elasticsearch-aws ---
[INFO] Building jar: /root/workspace/openzipkin/zipkin/369127214/zipkin-autoconfigure/storage-elasticsearch-aws/target/zipkin-autoconfigure-storage-elasticsearch-aws-2.7.2-SNAPSHOT.jar
[INFO] 
[INFO] --- maven-failsafe-plugin:2.21.0:integration-test (integration-test) @ zipkin-autoconfigure-storage-elasticsearch-aws ---
[INFO] Tests are skipped.
[INFO] 
[INFO] --- maven-failsafe-plugin:2.21.0:verify (verify) @ zipkin-autoconfigure-storage-elasticsearch-aws ---
[INFO] Tests are skipped.
[INFO] 
[INFO] --- maven-install-plugin:2.5.2:install (default-install) @ zipkin-autoconfigure-storage-elasticsearch-aws ---
[INFO] Installing /root/workspace/openzipkin/zipkin/369127214/zipkin-autoconfigure/storage-elasticsearch-aws/target/zipkin-autoconfigure-storage-elasticsearch-aws-2.7.2-SNAPSHOT.jar to /root/./workspace/openzipkin/zipkin/369127214/.m2/io/zipkin/java/zipkin-autoconfigure-storage-elasticsearch-aws/2.7.2-SNAPSHOT/zipkin-autoconfigure-storage-elasticsearch-aws-2.7.2-SNAPSHOT.jar
[INFO] Installing /root/workspace/openzipkin/zipkin/369127214/zipkin-autoconfigure/storage-elasticsearch-aws/pom.xml to /root/./workspace/openzipkin/zipkin/369127214/.m2/io/zipkin/java/zipkin-autoconfigure-storage-elasticsearch-aws/2.7.2-SNAPSHOT/zipkin-autoconfigure-storage-elasticsearch-aws-2.7.2-SNAPSHOT.pom
[INFO]                                                                         
[INFO] ------------------------------------------------------------------------
[INFO] Building Storage: MySQL 2.7.2-SNAPSHOT
[INFO] ------------------------------------------------------------------------
[INFO] 
[INFO] --- maven-enforcer-plugin:3.0.0-M1:enforce (enforce-java) @ zipkin-storage-mysql ---
[INFO] Skipping Rule Enforcement.
[INFO] 
[INFO] --- maven-resources-plugin:2.6:resources (default-resources) @ zipkin-storage-mysql ---
[INFO] Using 'UTF-8' encoding to copy filtered resources.
[INFO] Copying 1 resource
[INFO] 
[INFO] --- maven-compiler-plugin:3.7.0:compile (default-compile) @ zipkin-storage-mysql ---
[INFO] Nothing to compile - all classes are up to date
[INFO] 
[INFO] --- license-maven-plugin:3.0:check (default) @ zipkin-storage-mysql ---
[INFO] 
[INFO] --- animal-sniffer-maven-plugin:1.16:check (default) @ zipkin-storage-mysql ---
[INFO] Checking unresolved references to org.codehaus.mojo.signature:java18:1.0
[INFO] 
[INFO] --- maven-resources-plugin:2.6:testResources (default-testResources) @ zipkin-storage-mysql ---
[INFO] Using 'UTF-8' encoding to copy filtered resources.
[INFO] Copying 2 resources
[INFO] 
[INFO] --- maven-compiler-plugin:3.7.0:testCompile (default-testCompile) @ zipkin-storage-mysql ---
[INFO] Nothing to compile - all classes are up to date
[INFO] 
[INFO] --- maven-surefire-plugin:2.21.0:test (default-test) @ zipkin-storage-mysql ---
[INFO] Tests are skipped.
[INFO] 
[INFO] --- maven-jar-plugin:3.0.2:jar (default-jar) @ zipkin-storage-mysql ---
[INFO] Building jar: /root/workspace/openzipkin/zipkin/369127214/zipkin-storage/mysql/target/zipkin-storage-mysql-2.7.2-SNAPSHOT.jar
[INFO] 
[INFO] --- maven-failsafe-plugin:2.21.0:integration-test (integration-test) @ zipkin-storage-mysql ---
[INFO] Tests are skipped.
[INFO] 
[INFO] --- maven-failsafe-plugin:2.21.0:verify (verify) @ zipkin-storage-mysql ---
[INFO] Tests are skipped.
[INFO] 
[INFO] --- maven-install-plugin:2.5.2:install (default-install) @ zipkin-storage-mysql ---
[INFO] Installing /root/workspace/openzipkin/zipkin/369127214/zipkin-storage/mysql/target/zipkin-storage-mysql-2.7.2-SNAPSHOT.jar to /root/./workspace/openzipkin/zipkin/369127214/.m2/io/zipkin/java/zipkin-storage-mysql/2.7.2-SNAPSHOT/zipkin-storage-mysql-2.7.2-SNAPSHOT.jar
[INFO] Installing /root/workspace/openzipkin/zipkin/369127214/zipkin-storage/mysql/pom.xml to /root/./workspace/openzipkin/zipkin/369127214/.m2/io/zipkin/java/zipkin-storage-mysql/2.7.2-SNAPSHOT/zipkin-storage-mysql-2.7.2-SNAPSHOT.pom
[INFO]                                                                         
[INFO] ------------------------------------------------------------------------
[INFO] Building Auto Configuration: MySQL Storage 2.7.2-SNAPSHOT
[INFO] ------------------------------------------------------------------------
[INFO] 
[INFO] --- maven-enforcer-plugin:3.0.0-M1:enforce (enforce-java) @ zipkin-autoconfigure-storage-mysql ---
[INFO] Skipping Rule Enforcement.
[INFO] 
[INFO] --- maven-resources-plugin:2.6:resources (default-resources) @ zipkin-autoconfigure-storage-mysql ---
[INFO] Using 'UTF-8' encoding to copy filtered resources.
[INFO] Copying 1 resource
[INFO] 
[INFO] --- maven-compiler-plugin:3.7.0:compile (default-compile) @ zipkin-autoconfigure-storage-mysql ---
[INFO] Nothing to compile - all classes are up to date
[INFO] 
[INFO] --- license-maven-plugin:3.0:check (default) @ zipkin-autoconfigure-storage-mysql ---
[INFO] 
[INFO] --- animal-sniffer-maven-plugin:1.16:check (default) @ zipkin-autoconfigure-storage-mysql ---
[INFO] Checking unresolved references to org.codehaus.mojo.signature:java18:1.0
[INFO] 
[INFO] --- maven-resources-plugin:2.6:testResources (default-testResources) @ zipkin-autoconfigure-storage-mysql ---
[INFO] Using 'UTF-8' encoding to copy filtered resources.
[INFO] skip non existing resourceDirectory /root/workspace/openzipkin/zipkin/369127214/zipkin-autoconfigure/storage-mysql/src/test/resources
[INFO] 
[INFO] --- maven-compiler-plugin:3.7.0:testCompile (default-testCompile) @ zipkin-autoconfigure-storage-mysql ---
[INFO] Nothing to compile - all classes are up to date
[INFO] 
[INFO] --- maven-surefire-plugin:2.21.0:test (default-test) @ zipkin-autoconfigure-storage-mysql ---
[INFO] Tests are skipped.
[INFO] 
[INFO] --- maven-jar-plugin:3.0.2:jar (default-jar) @ zipkin-autoconfigure-storage-mysql ---
[INFO] Building jar: /root/workspace/openzipkin/zipkin/369127214/zipkin-autoconfigure/storage-mysql/target/zipkin-autoconfigure-storage-mysql-2.7.2-SNAPSHOT.jar
[INFO] 
[INFO] --- maven-failsafe-plugin:2.21.0:integration-test (integration-test) @ zipkin-autoconfigure-storage-mysql ---
[INFO] Tests are skipped.
[INFO] 
[INFO] --- maven-failsafe-plugin:2.21.0:verify (verify) @ zipkin-autoconfigure-storage-mysql ---
[INFO] Tests are skipped.
[INFO] 
[INFO] --- maven-install-plugin:2.5.2:install (default-install) @ zipkin-autoconfigure-storage-mysql ---
[INFO] Installing /root/workspace/openzipkin/zipkin/369127214/zipkin-autoconfigure/storage-mysql/target/zipkin-autoconfigure-storage-mysql-2.7.2-SNAPSHOT.jar to /root/./workspace/openzipkin/zipkin/369127214/.m2/io/zipkin/java/zipkin-autoconfigure-storage-mysql/2.7.2-SNAPSHOT/zipkin-autoconfigure-storage-mysql-2.7.2-SNAPSHOT.jar
[INFO] Installing /root/workspace/openzipkin/zipkin/369127214/zipkin-autoconfigure/storage-mysql/pom.xml to /root/./workspace/openzipkin/zipkin/369127214/.m2/io/zipkin/java/zipkin-autoconfigure-storage-mysql/2.7.2-SNAPSHOT/zipkin-autoconfigure-storage-mysql-2.7.2-SNAPSHOT.pom
[INFO]                                                                         
[INFO] ------------------------------------------------------------------------
[INFO] Building Zipkin Collectors 2.7.2-SNAPSHOT
[INFO] ------------------------------------------------------------------------
[INFO] 
[INFO] --- maven-enforcer-plugin:3.0.0-M1:enforce (enforce-java) @ zipkin-collector ---
[INFO] Skipping Rule Enforcement.
[INFO] 
[INFO] --- maven-compiler-plugin:3.7.0:compile (default-compile) @ zipkin-collector ---
[INFO] No sources to compile
[INFO] 
[INFO] --- license-maven-plugin:3.0:check (default) @ zipkin-collector ---
[INFO] 
[INFO] --- retrolambda-maven-plugin:2.5.3:process-main (default) @ zipkin-collector ---
[INFO] Retrieving Retrolambda 2.5.3
[INFO] Configured Artifact: net.orfjackal.retrolambda:retrolambda:2.5.3:jar
[INFO] Copying retrolambda-2.5.3.jar to /root/workspace/openzipkin/zipkin/369127214/zipkin-collector/target/retrolambda/retrolambda.jar
[INFO] Processing classes with Retrolambda
[INFO] Executing tasks

main:
     [exec] Retrolambda 2.5.3
[INFO] Executed tasks
[INFO] 
[INFO] --- animal-sniffer-maven-plugin:1.16:check (default) @ zipkin-collector ---
[INFO] Checking unresolved references to org.codehaus.mojo.signature:java17:1.0
[INFO] 
[INFO] --- maven-failsafe-plugin:2.21.0:integration-test (integration-test) @ zipkin-collector ---
[INFO] Tests are skipped.
[INFO] 
[INFO] --- maven-failsafe-plugin:2.21.0:verify (verify) @ zipkin-collector ---
[INFO] Tests are skipped.
[INFO] 
[INFO] --- maven-install-plugin:2.5.2:install (default-install) @ zipkin-collector ---
[INFO] Installing /root/workspace/openzipkin/zipkin/369127214/zipkin-collector/pom.xml to /root/./workspace/openzipkin/zipkin/369127214/.m2/io/zipkin/java/zipkin-collector/2.7.2-SNAPSHOT/zipkin-collector-2.7.2-SNAPSHOT.pom
[INFO]                                                                         
[INFO] ------------------------------------------------------------------------
[INFO] Building Collector: Kafka 2.7.2-SNAPSHOT
[INFO] ------------------------------------------------------------------------
[INFO] 
[INFO] --- maven-enforcer-plugin:3.0.0-M1:enforce (enforce-java) @ zipkin-collector-kafka ---
[INFO] Skipping Rule Enforcement.
[INFO] 
[INFO] --- maven-resources-plugin:2.6:resources (default-resources) @ zipkin-collector-kafka ---
[INFO] Using 'UTF-8' encoding to copy filtered resources.
[INFO] skip non existing resourceDirectory /root/workspace/openzipkin/zipkin/369127214/zipkin-collector/kafka/src/main/resources
[INFO] 
[INFO] --- maven-compiler-plugin:3.7.0:compile (default-compile) @ zipkin-collector-kafka ---
[INFO] Nothing to compile - all classes are up to date
[INFO] 
[INFO] --- license-maven-plugin:3.0:check (default) @ zipkin-collector-kafka ---
[INFO] 
[INFO] --- retrolambda-maven-plugin:2.5.3:process-main (default) @ zipkin-collector-kafka ---
[INFO] Retrieving Retrolambda 2.5.3
[INFO] Configured Artifact: net.orfjackal.retrolambda:retrolambda:2.5.3:jar
[INFO] Copying retrolambda-2.5.3.jar to /root/workspace/openzipkin/zipkin/369127214/zipkin-collector/kafka/target/retrolambda/retrolambda.jar
[INFO] Processing classes with Retrolambda
[INFO] Executing tasks

main:
     [exec] Retrolambda 2.5.3
[INFO] Executed tasks
[INFO] 
[INFO] --- animal-sniffer-maven-plugin:1.16:check (default) @ zipkin-collector-kafka ---
[INFO] Checking unresolved references to org.codehaus.mojo.signature:java17:1.0
[INFO] 
[INFO] --- maven-resources-plugin:2.6:testResources (default-testResources) @ zipkin-collector-kafka ---
[INFO] Using 'UTF-8' encoding to copy filtered resources.
[INFO] Copying 2 resources
[INFO] 
[INFO] --- maven-compiler-plugin:3.7.0:testCompile (default-testCompile) @ zipkin-collector-kafka ---
[INFO] Nothing to compile - all classes are up to date
[INFO] 
[INFO] --- maven-surefire-plugin:2.21.0:test (default-test) @ zipkin-collector-kafka ---
[INFO] Tests are skipped.
[INFO] 
[INFO] --- maven-jar-plugin:3.0.2:jar (default-jar) @ zipkin-collector-kafka ---
[INFO] Building jar: /root/workspace/openzipkin/zipkin/369127214/zipkin-collector/kafka/target/zipkin-collector-kafka-2.7.2-SNAPSHOT.jar
[INFO] 
[INFO] --- maven-failsafe-plugin:2.21.0:integration-test (integration-test) @ zipkin-collector-kafka ---
[INFO] Tests are skipped.
[INFO] 
[INFO] --- maven-failsafe-plugin:2.21.0:verify (verify) @ zipkin-collector-kafka ---
[INFO] Tests are skipped.
[INFO] 
[INFO] --- maven-install-plugin:2.5.2:install (default-install) @ zipkin-collector-kafka ---
[INFO] Installing /root/workspace/openzipkin/zipkin/369127214/zipkin-collector/kafka/target/zipkin-collector-kafka-2.7.2-SNAPSHOT.jar to /root/./workspace/openzipkin/zipkin/369127214/.m2/io/zipkin/java/zipkin-collector-kafka/2.7.2-SNAPSHOT/zipkin-collector-kafka-2.7.2-SNAPSHOT.jar
[INFO] Installing /root/workspace/openzipkin/zipkin/369127214/zipkin-collector/kafka/pom.xml to /root/./workspace/openzipkin/zipkin/369127214/.m2/io/zipkin/java/zipkin-collector-kafka/2.7.2-SNAPSHOT/zipkin-collector-kafka-2.7.2-SNAPSHOT.pom
[INFO]                                                                         
[INFO] ------------------------------------------------------------------------
[INFO] Building Auto Configuration: Kafka Collector 2.7.2-SNAPSHOT
[INFO] ------------------------------------------------------------------------
[INFO] 
[INFO] --- maven-enforcer-plugin:3.0.0-M1:enforce (enforce-java) @ zipkin-autoconfigure-collector-kafka ---
[INFO] Skipping Rule Enforcement.
[INFO] 
[INFO] --- maven-resources-plugin:2.6:resources (default-resources) @ zipkin-autoconfigure-collector-kafka ---
[INFO] Using 'UTF-8' encoding to copy filtered resources.
[INFO] Copying 1 resource
[INFO] 
[INFO] --- maven-compiler-plugin:3.7.0:compile (default-compile) @ zipkin-autoconfigure-collector-kafka ---
[INFO] Nothing to compile - all classes are up to date
[INFO] 
[INFO] --- license-maven-plugin:3.0:check (default) @ zipkin-autoconfigure-collector-kafka ---
[INFO] 
[INFO] --- animal-sniffer-maven-plugin:1.16:check (default) @ zipkin-autoconfigure-collector-kafka ---
[INFO] Checking unresolved references to org.codehaus.mojo.signature:java18:1.0
[INFO] 
[INFO] --- maven-resources-plugin:2.6:testResources (default-testResources) @ zipkin-autoconfigure-collector-kafka ---
[INFO] Using 'UTF-8' encoding to copy filtered resources.
[INFO] skip non existing resourceDirectory /root/workspace/openzipkin/zipkin/369127214/zipkin-autoconfigure/collector-kafka/src/test/resources
[INFO] 
[INFO] --- maven-compiler-plugin:3.7.0:testCompile (default-testCompile) @ zipkin-autoconfigure-collector-kafka ---
[INFO] Nothing to compile - all classes are up to date
[INFO] 
[INFO] --- maven-surefire-plugin:2.21.0:test (default-test) @ zipkin-autoconfigure-collector-kafka ---
[INFO] Tests are skipped.
[INFO] 
[INFO] --- maven-jar-plugin:3.0.2:jar (default-jar) @ zipkin-autoconfigure-collector-kafka ---
[INFO] Building jar: /root/workspace/openzipkin/zipkin/369127214/zipkin-autoconfigure/collector-kafka/target/zipkin-autoconfigure-collector-kafka-2.7.2-SNAPSHOT.jar
[INFO] 
[INFO] --- maven-failsafe-plugin:2.21.0:integration-test (integration-test) @ zipkin-autoconfigure-collector-kafka ---
[INFO] Tests are skipped.
[INFO] 
[INFO] --- maven-failsafe-plugin:2.21.0:verify (verify) @ zipkin-autoconfigure-collector-kafka ---
[INFO] Tests are skipped.
[INFO] 
[INFO] --- maven-install-plugin:2.5.2:install (default-install) @ zipkin-autoconfigure-collector-kafka ---
[INFO] Installing /root/workspace/openzipkin/zipkin/369127214/zipkin-autoconfigure/collector-kafka/target/zipkin-autoconfigure-collector-kafka-2.7.2-SNAPSHOT.jar to /root/./workspace/openzipkin/zipkin/369127214/.m2/io/zipkin/java/zipkin-autoconfigure-collector-kafka/2.7.2-SNAPSHOT/zipkin-autoconfigure-collector-kafka-2.7.2-SNAPSHOT.jar
[INFO] Installing /root/workspace/openzipkin/zipkin/369127214/zipkin-autoconfigure/collector-kafka/pom.xml to /root/./workspace/openzipkin/zipkin/369127214/.m2/io/zipkin/java/zipkin-autoconfigure-collector-kafka/2.7.2-SNAPSHOT/zipkin-autoconfigure-collector-kafka-2.7.2-SNAPSHOT.pom
[INFO]                                                                         
[INFO] ------------------------------------------------------------------------
[INFO] Building Collector: RabbitMQ 2.7.2-SNAPSHOT
[INFO] ------------------------------------------------------------------------
[INFO] 
[INFO] --- maven-enforcer-plugin:3.0.0-M1:enforce (enforce-java) @ zipkin-collector-rabbitmq ---
[INFO] Skipping Rule Enforcement.
[INFO] 
[INFO] --- maven-resources-plugin:2.6:resources (default-resources) @ zipkin-collector-rabbitmq ---
[INFO] Using 'UTF-8' encoding to copy filtered resources.
[INFO] skip non existing resourceDirectory /root/workspace/openzipkin/zipkin/369127214/zipkin-collector/rabbitmq/src/main/resources
[INFO] 
[INFO] --- maven-compiler-plugin:3.7.0:compile (default-compile) @ zipkin-collector-rabbitmq ---
[INFO] Nothing to compile - all classes are up to date
[INFO] 
[INFO] --- license-maven-plugin:3.0:check (default) @ zipkin-collector-rabbitmq ---
[INFO] 
[INFO] --- retrolambda-maven-plugin:2.5.3:process-main (default) @ zipkin-collector-rabbitmq ---
[INFO] Retrieving Retrolambda 2.5.3
[INFO] Configured Artifact: net.orfjackal.retrolambda:retrolambda:2.5.3:jar
[INFO] Copying retrolambda-2.5.3.jar to /root/workspace/openzipkin/zipkin/369127214/zipkin-collector/rabbitmq/target/retrolambda/retrolambda.jar
[INFO] Processing classes with Retrolambda
[INFO] Executing tasks

main:
     [exec] Retrolambda 2.5.3
[INFO] Executed tasks
[INFO] 
[INFO] --- animal-sniffer-maven-plugin:1.16:check (default) @ zipkin-collector-rabbitmq ---
[INFO] Checking unresolved references to org.codehaus.mojo.signature:java17:1.0
[INFO] 
[INFO] --- maven-resources-plugin:2.6:testResources (default-testResources) @ zipkin-collector-rabbitmq ---
[INFO] Using 'UTF-8' encoding to copy filtered resources.
[INFO] Copying 1 resource
[INFO] 
[INFO] --- maven-compiler-plugin:3.7.0:testCompile (default-testCompile) @ zipkin-collector-rabbitmq ---
[INFO] Nothing to compile - all classes are up to date
[INFO] 
[INFO] --- maven-surefire-plugin:2.21.0:test (default-test) @ zipkin-collector-rabbitmq ---
[INFO] Tests are skipped.
[INFO] 
[INFO] --- maven-jar-plugin:3.0.2:jar (default-jar) @ zipkin-collector-rabbitmq ---
[INFO] Building jar: /root/workspace/openzipkin/zipkin/369127214/zipkin-collector/rabbitmq/target/zipkin-collector-rabbitmq-2.7.2-SNAPSHOT.jar
[INFO] 
[INFO] --- maven-failsafe-plugin:2.21.0:integration-test (integration-test) @ zipkin-collector-rabbitmq ---
[INFO] Tests are skipped.
[INFO] 
[INFO] --- maven-failsafe-plugin:2.21.0:verify (verify) @ zipkin-collector-rabbitmq ---
[INFO] Tests are skipped.
[INFO] 
[INFO] --- maven-install-plugin:2.5.2:install (default-install) @ zipkin-collector-rabbitmq ---
[INFO] Installing /root/workspace/openzipkin/zipkin/369127214/zipkin-collector/rabbitmq/target/zipkin-collector-rabbitmq-2.7.2-SNAPSHOT.jar to /root/./workspace/openzipkin/zipkin/369127214/.m2/io/zipkin/java/zipkin-collector-rabbitmq/2.7.2-SNAPSHOT/zipkin-collector-rabbitmq-2.7.2-SNAPSHOT.jar
[INFO] Installing /root/workspace/openzipkin/zipkin/369127214/zipkin-collector/rabbitmq/pom.xml to /root/./workspace/openzipkin/zipkin/369127214/.m2/io/zipkin/java/zipkin-collector-rabbitmq/2.7.2-SNAPSHOT/zipkin-collector-rabbitmq-2.7.2-SNAPSHOT.pom
[INFO]                                                                         
[INFO] ------------------------------------------------------------------------
[INFO] Building Auto Configuration: RabbitMQ Collector 2.7.2-SNAPSHOT
[INFO] ------------------------------------------------------------------------
[INFO] 
[INFO] --- maven-enforcer-plugin:3.0.0-M1:enforce (enforce-java) @ zipkin-autoconfigure-collector-rabbitmq ---
[INFO] Skipping Rule Enforcement.
[INFO] 
[INFO] --- maven-resources-plugin:2.6:resources (default-resources) @ zipkin-autoconfigure-collector-rabbitmq ---
[INFO] Using 'UTF-8' encoding to copy filtered resources.
[INFO] Copying 1 resource
[INFO] 
[INFO] --- maven-compiler-plugin:3.7.0:compile (default-compile) @ zipkin-autoconfigure-collector-rabbitmq ---
[INFO] Nothing to compile - all classes are up to date
[INFO] 
[INFO] --- license-maven-plugin:3.0:check (default) @ zipkin-autoconfigure-collector-rabbitmq ---
[INFO] 
[INFO] --- animal-sniffer-maven-plugin:1.16:check (default) @ zipkin-autoconfigure-collector-rabbitmq ---
[INFO] Checking unresolved references to org.codehaus.mojo.signature:java18:1.0
[INFO] 
[INFO] --- maven-resources-plugin:2.6:testResources (default-testResources) @ zipkin-autoconfigure-collector-rabbitmq ---
[INFO] Using 'UTF-8' encoding to copy filtered resources.
[INFO] skip non existing resourceDirectory /root/workspace/openzipkin/zipkin/369127214/zipkin-autoconfigure/collector-rabbitmq/src/test/resources
[INFO] 
[INFO] --- maven-compiler-plugin:3.7.0:testCompile (default-testCompile) @ zipkin-autoconfigure-collector-rabbitmq ---
[INFO] Nothing to compile - all classes are up to date
[INFO] 
[INFO] --- maven-surefire-plugin:2.21.0:test (default-test) @ zipkin-autoconfigure-collector-rabbitmq ---
[INFO] Tests are skipped.
[INFO] 
[INFO] --- maven-jar-plugin:3.0.2:jar (default-jar) @ zipkin-autoconfigure-collector-rabbitmq ---
[INFO] Building jar: /root/workspace/openzipkin/zipkin/369127214/zipkin-autoconfigure/collector-rabbitmq/target/zipkin-autoconfigure-collector-rabbitmq-2.7.2-SNAPSHOT.jar
[INFO] 
[INFO] --- maven-failsafe-plugin:2.21.0:integration-test (integration-test) @ zipkin-autoconfigure-collector-rabbitmq ---
[INFO] Tests are skipped.
[INFO] 
[INFO] --- maven-failsafe-plugin:2.21.0:verify (verify) @ zipkin-autoconfigure-collector-rabbitmq ---
[INFO] Tests are skipped.
[INFO] 
[INFO] --- maven-install-plugin:2.5.2:install (default-install) @ zipkin-autoconfigure-collector-rabbitmq ---
[INFO] Installing /root/workspace/openzipkin/zipkin/369127214/zipkin-autoconfigure/collector-rabbitmq/target/zipkin-autoconfigure-collector-rabbitmq-2.7.2-SNAPSHOT.jar to /root/./workspace/openzipkin/zipkin/369127214/.m2/io/zipkin/java/zipkin-autoconfigure-collector-rabbitmq/2.7.2-SNAPSHOT/zipkin-autoconfigure-collector-rabbitmq-2.7.2-SNAPSHOT.jar
[INFO] Installing /root/workspace/openzipkin/zipkin/369127214/zipkin-autoconfigure/collector-rabbitmq/pom.xml to /root/./workspace/openzipkin/zipkin/369127214/.m2/io/zipkin/java/zipkin-autoconfigure-collector-rabbitmq/2.7.2-SNAPSHOT/zipkin-autoconfigure-collector-rabbitmq-2.7.2-SNAPSHOT.pom
[INFO]                                                                         
[INFO] ------------------------------------------------------------------------
[INFO] Building Auto Configuration: Prometheus Metrics 2.7.2-SNAPSHOT
[INFO] ------------------------------------------------------------------------
[INFO] 
[INFO] --- maven-enforcer-plugin:3.0.0-M1:enforce (enforce-java) @ zipkin-autoconfigure-metrics-prometheus ---
[INFO] Skipping Rule Enforcement.
[INFO] 
[INFO] --- maven-resources-plugin:2.6:resources (default-resources) @ zipkin-autoconfigure-metrics-prometheus ---
[INFO] Using 'UTF-8' encoding to copy filtered resources.
[INFO] Copying 1 resource
[INFO] 
[INFO] --- maven-compiler-plugin:3.7.0:compile (default-compile) @ zipkin-autoconfigure-metrics-prometheus ---
[INFO] Nothing to compile - all classes are up to date
[INFO] 
[INFO] --- license-maven-plugin:3.0:check (default) @ zipkin-autoconfigure-metrics-prometheus ---
[INFO] 
[INFO] --- animal-sniffer-maven-plugin:1.16:check (default) @ zipkin-autoconfigure-metrics-prometheus ---
[INFO] Checking unresolved references to org.codehaus.mojo.signature:java18:1.0
[INFO] 
[INFO] --- maven-resources-plugin:2.6:testResources (default-testResources) @ zipkin-autoconfigure-metrics-prometheus ---
[INFO] Using 'UTF-8' encoding to copy filtered resources.
[INFO] skip non existing resourceDirectory /root/workspace/openzipkin/zipkin/369127214/zipkin-autoconfigure/metrics-prometheus/src/test/resources
[INFO] 
[INFO] --- maven-compiler-plugin:3.7.0:testCompile (default-testCompile) @ zipkin-autoconfigure-metrics-prometheus ---
[INFO] Nothing to compile - all classes are up to date
[INFO] 
[INFO] --- maven-surefire-plugin:2.21.0:test (default-test) @ zipkin-autoconfigure-metrics-prometheus ---
[INFO] Tests are skipped.
[INFO] 
[INFO] --- maven-jar-plugin:3.0.2:jar (default-jar) @ zipkin-autoconfigure-metrics-prometheus ---
[INFO] Building jar: /root/workspace/openzipkin/zipkin/369127214/zipkin-autoconfigure/metrics-prometheus/target/zipkin-autoconfigure-metrics-prometheus-2.7.2-SNAPSHOT.jar
[INFO] 
[INFO] --- maven-failsafe-plugin:2.21.0:integration-test (integration-test) @ zipkin-autoconfigure-metrics-prometheus ---
[INFO] Tests are skipped.
[INFO] 
[INFO] --- maven-failsafe-plugin:2.21.0:verify (verify) @ zipkin-autoconfigure-metrics-prometheus ---
[INFO] Tests are skipped.
[INFO] 
[INFO] --- maven-install-plugin:2.5.2:install (default-install) @ zipkin-autoconfigure-metrics-prometheus ---
[INFO] Installing /root/workspace/openzipkin/zipkin/369127214/zipkin-autoconfigure/metrics-prometheus/target/zipkin-autoconfigure-metrics-prometheus-2.7.2-SNAPSHOT.jar to /root/./workspace/openzipkin/zipkin/369127214/.m2/io/zipkin/java/zipkin-autoconfigure-metrics-prometheus/2.7.2-SNAPSHOT/zipkin-autoconfigure-metrics-prometheus-2.7.2-SNAPSHOT.jar
[INFO] Installing /root/workspace/openzipkin/zipkin/369127214/zipkin-autoconfigure/metrics-prometheus/pom.xml to /root/./workspace/openzipkin/zipkin/369127214/.m2/io/zipkin/java/zipkin-autoconfigure-metrics-prometheus/2.7.2-SNAPSHOT/zipkin-autoconfigure-metrics-prometheus-2.7.2-SNAPSHOT.pom
[INFO]                                                                         
[INFO] ------------------------------------------------------------------------
[INFO] Building Zipkin Server 2.7.2-SNAPSHOT
[INFO] ------------------------------------------------------------------------
[INFO] 
[INFO] --- maven-enforcer-plugin:3.0.0-M1:enforce (enforce-java) @ zipkin-server ---
[INFO] Skipping Rule Enforcement.
[INFO] 
[INFO] --- maven-resources-plugin:2.6:resources (default-resources) @ zipkin-server ---
[INFO] Using 'UTF-8' encoding to copy filtered resources.
[INFO] Copying 3 resources
[INFO] 
[INFO] --- maven-compiler-plugin:3.7.0:compile (default-compile) @ zipkin-server ---
[INFO] Changes detected - recompiling the module!
[INFO] Compiling 19 source files to /root/workspace/openzipkin/zipkin/369127214/zipkin-server/target/classes
[WARNING] /root/workspace/openzipkin/zipkin/369127214/zipkin-server/src/main/java/zipkin/server/internal/CorsHandler.java:[108,35] [NarrowingCompoundAssignment] Compound assignments from int to char hide lossy casts
    (see http://errorprone.info/bugpattern/NarrowingCompoundAssignment)
  Did you mean 'if (c >= 'A' && c <= 'Z') c = (char) (c + ('a' - 'A'));'?
[INFO] /root/workspace/openzipkin/zipkin/369127214/zipkin-server/src/main/java/zipkin/server/internal/brave/TracingSpanStore.java:[-1,-1] /root/workspace/openzipkin/zipkin/369127214/zipkin-server/src/main/java/zipkin/server/internal/brave/TracingSpanStore.java uses or overrides a deprecated API.
[INFO] /root/workspace/openzipkin/zipkin/369127214/zipkin-server/src/main/java/zipkin/server/internal/brave/TracingSpanStore.java:[-1,-1] Recompile with -Xlint:deprecation for details.
[INFO] 
[INFO] --- license-maven-plugin:3.0:check (default) @ zipkin-server ---
[INFO] 
[INFO] --- animal-sniffer-maven-plugin:1.16:check (default) @ zipkin-server ---
[INFO] Checking unresolved references to org.codehaus.mojo.signature:java18:1.0
[INFO] 
[INFO] --- maven-resources-plugin:2.6:testResources (default-testResources) @ zipkin-server ---
[INFO] Using 'UTF-8' encoding to copy filtered resources.
[INFO] skip non existing resourceDirectory /root/workspace/openzipkin/zipkin/369127214/zipkin-server/src/test/resources
[INFO] 
[INFO] --- maven-compiler-plugin:3.7.0:testCompile (default-testCompile) @ zipkin-server ---
[INFO] Nothing to compile - all classes are up to date
[INFO] 
[INFO] --- maven-surefire-plugin:2.21.0:test (default-test) @ zipkin-server ---
[INFO] Tests are skipped.
[INFO] 
[INFO] --- maven-jar-plugin:3.0.2:jar (default-jar) @ zipkin-server ---
[INFO] Building jar: /root/workspace/openzipkin/zipkin/369127214/zipkin-server/target/zipkin-server-2.7.2-SNAPSHOT.jar
[INFO] 
[INFO] --- spring-boot-maven-plugin:1.5.10.RELEASE:repackage (default) @ zipkin-server ---
[INFO] Attaching archive: /root/workspace/openzipkin/zipkin/369127214/zipkin-server/target/zipkin-server-2.7.2-SNAPSHOT-exec.jar, with classifier: exec
[INFO] 
[INFO] --- maven-invoker-plugin:3.0.1:install (integration-test) @ zipkin-server ---
[INFO] Installing /root/workspace/openzipkin/zipkin/369127214/pom.xml to /root/workspace/openzipkin/zipkin/369127214/zipkin-server/target/local-repo/io/zipkin/java/parent/2.7.2-SNAPSHOT/parent-2.7.2-SNAPSHOT.pom
[INFO] Installing /root/workspace/openzipkin/zipkin/369127214/zipkin2/dependency-reduced-pom.xml to /root/workspace/openzipkin/zipkin/369127214/zipkin-server/target/local-repo/io/zipkin/zipkin2/zipkin/2.7.2-SNAPSHOT/zipkin-2.7.2-SNAPSHOT.pom
[INFO] Installing /root/workspace/openzipkin/zipkin/369127214/zipkin2/target/zipkin-2.7.2-SNAPSHOT.jar to /root/workspace/openzipkin/zipkin/369127214/zipkin-server/target/local-repo/io/zipkin/zipkin2/zipkin/2.7.2-SNAPSHOT/zipkin-2.7.2-SNAPSHOT.jar
[INFO] Installing /root/workspace/openzipkin/zipkin/369127214/zipkin2/dependency-reduced-pom.xml to /root/workspace/openzipkin/zipkin/369127214/zipkin-server/target/local-repo/io/zipkin/zipkin2/zipkin/2.7.2-SNAPSHOT/zipkin-2.7.2-SNAPSHOT.pom
[INFO] Installing /root/workspace/openzipkin/zipkin/369127214/zipkin2/target/zipkin-2.7.2-SNAPSHOT-tests.jar to /root/workspace/openzipkin/zipkin/369127214/zipkin-server/target/local-repo/io/zipkin/zipkin2/zipkin/2.7.2-SNAPSHOT/zipkin-2.7.2-SNAPSHOT-tests.jar
[INFO] Installing /root/workspace/openzipkin/zipkin/369127214/zipkin/dependency-reduced-pom.xml to /root/workspace/openzipkin/zipkin/369127214/zipkin-server/target/local-repo/io/zipkin/java/zipkin/2.7.2-SNAPSHOT/zipkin-2.7.2-SNAPSHOT.pom
[INFO] Installing /root/workspace/openzipkin/zipkin/369127214/zipkin/target/zipkin-2.7.2-SNAPSHOT.jar to /root/workspace/openzipkin/zipkin/369127214/zipkin-server/target/local-repo/io/zipkin/java/zipkin/2.7.2-SNAPSHOT/zipkin-2.7.2-SNAPSHOT.jar
[INFO] Installing /root/workspace/openzipkin/zipkin/369127214/zipkin/dependency-reduced-pom.xml to /root/workspace/openzipkin/zipkin/369127214/zipkin-server/target/local-repo/io/zipkin/java/zipkin/2.7.2-SNAPSHOT/zipkin-2.7.2-SNAPSHOT.pom
[INFO] Installing /root/workspace/openzipkin/zipkin/369127214/zipkin/target/zipkin-2.7.2-SNAPSHOT-tests.jar to /root/workspace/openzipkin/zipkin/369127214/zipkin-server/target/local-repo/io/zipkin/java/zipkin/2.7.2-SNAPSHOT/zipkin-2.7.2-SNAPSHOT-tests.jar
[INFO] Installing /root/workspace/openzipkin/zipkin/369127214/zipkin-ui/pom.xml to /root/workspace/openzipkin/zipkin/369127214/zipkin-server/target/local-repo/io/zipkin/java/zipkin-ui/2.7.2-SNAPSHOT/zipkin-ui-2.7.2-SNAPSHOT.pom
[INFO] Installing /root/workspace/openzipkin/zipkin/369127214/zipkin-ui/target/zipkin-ui-2.7.2-SNAPSHOT.jar to /root/workspace/openzipkin/zipkin/369127214/zipkin-server/target/local-repo/io/zipkin/java/zipkin-ui/2.7.2-SNAPSHOT/zipkin-ui-2.7.2-SNAPSHOT.jar
[INFO] Installing /root/workspace/openzipkin/zipkin/369127214/zipkin-ui/pom.xml to /root/workspace/openzipkin/zipkin/369127214/zipkin-server/target/local-repo/io/zipkin/java/zipkin-ui/2.7.2-SNAPSHOT/zipkin-ui-2.7.2-SNAPSHOT.pom
[INFO] Installing /root/workspace/openzipkin/zipkin/369127214/zipkin-junit/pom.xml to /root/workspace/openzipkin/zipkin/369127214/zipkin-server/target/local-repo/io/zipkin/java/zipkin-junit/2.7.2-SNAPSHOT/zipkin-junit-2.7.2-SNAPSHOT.pom
[INFO] Installing /root/workspace/openzipkin/zipkin/369127214/zipkin-junit/target/zipkin-junit-2.7.2-SNAPSHOT.jar to /root/workspace/openzipkin/zipkin/369127214/zipkin-server/target/local-repo/io/zipkin/java/zipkin-junit/2.7.2-SNAPSHOT/zipkin-junit-2.7.2-SNAPSHOT.jar
[INFO] Installing /root/workspace/openzipkin/zipkin/369127214/zipkin-junit/pom.xml to /root/workspace/openzipkin/zipkin/369127214/zipkin-server/target/local-repo/io/zipkin/java/zipkin-junit/2.7.2-SNAPSHOT/zipkin-junit-2.7.2-SNAPSHOT.pom
[INFO] Installing /root/workspace/openzipkin/zipkin/369127214/zipkin-guava/pom.xml to /root/workspace/openzipkin/zipkin/369127214/zipkin-server/target/local-repo/io/zipkin/java/zipkin-guava/2.7.2-SNAPSHOT/zipkin-guava-2.7.2-SNAPSHOT.pom
[INFO] Installing /root/workspace/openzipkin/zipkin/369127214/zipkin-guava/target/zipkin-guava-2.7.2-SNAPSHOT.jar to /root/workspace/openzipkin/zipkin/369127214/zipkin-server/target/local-repo/io/zipkin/java/zipkin-guava/2.7.2-SNAPSHOT/zipkin-guava-2.7.2-SNAPSHOT.jar
[INFO] Installing /root/workspace/openzipkin/zipkin/369127214/zipkin-guava/pom.xml to /root/workspace/openzipkin/zipkin/369127214/zipkin-server/target/local-repo/io/zipkin/java/zipkin-guava/2.7.2-SNAPSHOT/zipkin-guava-2.7.2-SNAPSHOT.pom
[INFO] Installing /root/workspace/openzipkin/zipkin/369127214/zipkin-autoconfigure/pom.xml to /root/workspace/openzipkin/zipkin/369127214/zipkin-server/target/local-repo/io/zipkin/java/zipkin-autoconfigure/2.7.2-SNAPSHOT/zipkin-autoconfigure-2.7.2-SNAPSHOT.pom
[INFO] Installing /root/workspace/openzipkin/zipkin/369127214/zipkin-autoconfigure/ui/pom.xml to /root/workspace/openzipkin/zipkin/369127214/zipkin-server/target/local-repo/io/zipkin/java/zipkin-autoconfigure-ui/2.7.2-SNAPSHOT/zipkin-autoconfigure-ui-2.7.2-SNAPSHOT.pom
[INFO] Installing /root/workspace/openzipkin/zipkin/369127214/zipkin-autoconfigure/ui/target/zipkin-autoconfigure-ui-2.7.2-SNAPSHOT.jar to /root/workspace/openzipkin/zipkin/369127214/zipkin-server/target/local-repo/io/zipkin/java/zipkin-autoconfigure-ui/2.7.2-SNAPSHOT/zipkin-autoconfigure-ui-2.7.2-SNAPSHOT.jar
[INFO] Installing /root/workspace/openzipkin/zipkin/369127214/zipkin-autoconfigure/ui/pom.xml to /root/workspace/openzipkin/zipkin/369127214/zipkin-server/target/local-repo/io/zipkin/java/zipkin-autoconfigure-ui/2.7.2-SNAPSHOT/zipkin-autoconfigure-ui-2.7.2-SNAPSHOT.pom
[INFO] Installing /root/workspace/openzipkin/zipkin/369127214/zipkin-storage/pom.xml to /root/workspace/openzipkin/zipkin/369127214/zipkin-server/target/local-repo/io/zipkin/java/zipkin-storage/2.7.2-SNAPSHOT/zipkin-storage-2.7.2-SNAPSHOT.pom
[INFO] Installing /root/workspace/openzipkin/zipkin/369127214/zipkin-storage/cassandra/pom.xml to /root/workspace/openzipkin/zipkin/369127214/zipkin-server/target/local-repo/io/zipkin/java/zipkin-storage-cassandra/2.7.2-SNAPSHOT/zipkin-storage-cassandra-2.7.2-SNAPSHOT.pom
[INFO] Installing /root/workspace/openzipkin/zipkin/369127214/zipkin-storage/cassandra/target/zipkin-storage-cassandra-2.7.2-SNAPSHOT.jar to /root/workspace/openzipkin/zipkin/369127214/zipkin-server/target/local-repo/io/zipkin/java/zipkin-storage-cassandra/2.7.2-SNAPSHOT/zipkin-storage-cassandra-2.7.2-SNAPSHOT.jar
[INFO] Installing /root/workspace/openzipkin/zipkin/369127214/zipkin-storage/cassandra/pom.xml to /root/workspace/openzipkin/zipkin/369127214/zipkin-server/target/local-repo/io/zipkin/java/zipkin-storage-cassandra/2.7.2-SNAPSHOT/zipkin-storage-cassandra-2.7.2-SNAPSHOT.pom
[INFO] Installing /root/workspace/openzipkin/zipkin/369127214/zipkin-autoconfigure/storage-cassandra/pom.xml to /root/workspace/openzipkin/zipkin/369127214/zipkin-server/target/local-repo/io/zipkin/java/zipkin-autoconfigure-storage-cassandra/2.7.2-SNAPSHOT/zipkin-autoconfigure-storage-cassandra-2.7.2-SNAPSHOT.pom
[INFO] Installing /root/workspace/openzipkin/zipkin/369127214/zipkin-autoconfigure/storage-cassandra/target/zipkin-autoconfigure-storage-cassandra-2.7.2-SNAPSHOT.jar to /root/workspace/openzipkin/zipkin/369127214/zipkin-server/target/local-repo/io/zipkin/java/zipkin-autoconfigure-storage-cassandra/2.7.2-SNAPSHOT/zipkin-autoconfigure-storage-cassandra-2.7.2-SNAPSHOT.jar
[INFO] Installing /root/workspace/openzipkin/zipkin/369127214/zipkin-autoconfigure/storage-cassandra/pom.xml to /root/workspace/openzipkin/zipkin/369127214/zipkin-server/target/local-repo/io/zipkin/java/zipkin-autoconfigure-storage-cassandra/2.7.2-SNAPSHOT/zipkin-autoconfigure-storage-cassandra-2.7.2-SNAPSHOT.pom
[INFO] Installing /root/workspace/openzipkin/zipkin/369127214/zipkin-storage/zipkin2_cassandra/pom.xml to /root/workspace/openzipkin/zipkin/369127214/zipkin-server/target/local-repo/io/zipkin/zipkin2/zipkin-storage-cassandra/2.7.2-SNAPSHOT/zipkin-storage-cassandra-2.7.2-SNAPSHOT.pom
[INFO] Installing /root/workspace/openzipkin/zipkin/369127214/zipkin-storage/zipkin2_cassandra/target/zipkin-storage-cassandra-2.7.2-SNAPSHOT.jar to /root/workspace/openzipkin/zipkin/369127214/zipkin-server/target/local-repo/io/zipkin/zipkin2/zipkin-storage-cassandra/2.7.2-SNAPSHOT/zipkin-storage-cassandra-2.7.2-SNAPSHOT.jar
[INFO] Installing /root/workspace/openzipkin/zipkin/369127214/zipkin-storage/zipkin2_cassandra/pom.xml to /root/workspace/openzipkin/zipkin/369127214/zipkin-server/target/local-repo/io/zipkin/zipkin2/zipkin-storage-cassandra/2.7.2-SNAPSHOT/zipkin-storage-cassandra-2.7.2-SNAPSHOT.pom
[INFO] Installing /root/workspace/openzipkin/zipkin/369127214/zipkin-autoconfigure/storage-cassandra3/pom.xml to /root/workspace/openzipkin/zipkin/369127214/zipkin-server/target/local-repo/io/zipkin/java/zipkin-autoconfigure-storage-cassandra3/2.7.2-SNAPSHOT/zipkin-autoconfigure-storage-cassandra3-2.7.2-SNAPSHOT.pom
[INFO] Installing /root/workspace/openzipkin/zipkin/369127214/zipkin-autoconfigure/storage-cassandra3/target/zipkin-autoconfigure-storage-cassandra3-2.7.2-SNAPSHOT.jar to /root/workspace/openzipkin/zipkin/369127214/zipkin-server/target/local-repo/io/zipkin/java/zipkin-autoconfigure-storage-cassandra3/2.7.2-SNAPSHOT/zipkin-autoconfigure-storage-cassandra3-2.7.2-SNAPSHOT.jar
[INFO] Installing /root/workspace/openzipkin/zipkin/369127214/zipkin-autoconfigure/storage-cassandra3/pom.xml to /root/workspace/openzipkin/zipkin/369127214/zipkin-server/target/local-repo/io/zipkin/java/zipkin-autoconfigure-storage-cassandra3/2.7.2-SNAPSHOT/zipkin-autoconfigure-storage-cassandra3-2.7.2-SNAPSHOT.pom
[INFO] Installing /root/workspace/openzipkin/zipkin/369127214/zipkin-storage/elasticsearch/pom.xml to /root/workspace/openzipkin/zipkin/369127214/zipkin-server/target/local-repo/io/zipkin/zipkin2/zipkin-storage-elasticsearch/2.7.2-SNAPSHOT/zipkin-storage-elasticsearch-2.7.2-SNAPSHOT.pom
[INFO] Installing /root/workspace/openzipkin/zipkin/369127214/zipkin-storage/elasticsearch/target/zipkin-storage-elasticsearch-2.7.2-SNAPSHOT.jar to /root/workspace/openzipkin/zipkin/369127214/zipkin-server/target/local-repo/io/zipkin/zipkin2/zipkin-storage-elasticsearch/2.7.2-SNAPSHOT/zipkin-storage-elasticsearch-2.7.2-SNAPSHOT.jar
[INFO] Installing /root/workspace/openzipkin/zipkin/369127214/zipkin-storage/elasticsearch/pom.xml to /root/workspace/openzipkin/zipkin/369127214/zipkin-server/target/local-repo/io/zipkin/zipkin2/zipkin-storage-elasticsearch/2.7.2-SNAPSHOT/zipkin-storage-elasticsearch-2.7.2-SNAPSHOT.pom
[INFO] Installing /root/workspace/openzipkin/zipkin/369127214/zipkin-storage/elasticsearch-http/pom.xml to /root/workspace/openzipkin/zipkin/369127214/zipkin-server/target/local-repo/io/zipkin/java/zipkin-storage-elasticsearch-http/2.7.2-SNAPSHOT/zipkin-storage-elasticsearch-http-2.7.2-SNAPSHOT.pom
[INFO] Installing /root/workspace/openzipkin/zipkin/369127214/zipkin-storage/elasticsearch-http/target/zipkin-storage-elasticsearch-http-2.7.2-SNAPSHOT.jar to /root/workspace/openzipkin/zipkin/369127214/zipkin-server/target/local-repo/io/zipkin/java/zipkin-storage-elasticsearch-http/2.7.2-SNAPSHOT/zipkin-storage-elasticsearch-http-2.7.2-SNAPSHOT.jar
[INFO] Installing /root/workspace/openzipkin/zipkin/369127214/zipkin-storage/elasticsearch-http/pom.xml to /root/workspace/openzipkin/zipkin/369127214/zipkin-server/target/local-repo/io/zipkin/java/zipkin-storage-elasticsearch-http/2.7.2-SNAPSHOT/zipkin-storage-elasticsearch-http-2.7.2-SNAPSHOT.pom
[INFO] Installing /root/workspace/openzipkin/zipkin/369127214/zipkin-autoconfigure/storage-elasticsearch-http/pom.xml to /root/workspace/openzipkin/zipkin/369127214/zipkin-server/target/local-repo/io/zipkin/java/zipkin-autoconfigure-storage-elasticsearch-http/2.7.2-SNAPSHOT/zipkin-autoconfigure-storage-elasticsearch-http-2.7.2-SNAPSHOT.pom
[INFO] Installing /root/workspace/openzipkin/zipkin/369127214/zipkin-autoconfigure/storage-elasticsearch-http/target/zipkin-autoconfigure-storage-elasticsearch-http-2.7.2-SNAPSHOT.jar to /root/workspace/openzipkin/zipkin/369127214/zipkin-server/target/local-repo/io/zipkin/java/zipkin-autoconfigure-storage-elasticsearch-http/2.7.2-SNAPSHOT/zipkin-autoconfigure-storage-elasticsearch-http-2.7.2-SNAPSHOT.jar
[INFO] Installing /root/workspace/openzipkin/zipkin/369127214/zipkin-autoconfigure/storage-elasticsearch-http/pom.xml to /root/workspace/openzipkin/zipkin/369127214/zipkin-server/target/local-repo/io/zipkin/java/zipkin-autoconfigure-storage-elasticsearch-http/2.7.2-SNAPSHOT/zipkin-autoconfigure-storage-elasticsearch-http-2.7.2-SNAPSHOT.pom
[INFO] Installing /root/workspace/openzipkin/zipkin/369127214/zipkin-autoconfigure/storage-elasticsearch-aws/pom.xml to /root/workspace/openzipkin/zipkin/369127214/zipkin-server/target/local-repo/io/zipkin/java/zipkin-autoconfigure-storage-elasticsearch-aws/2.7.2-SNAPSHOT/zipkin-autoconfigure-storage-elasticsearch-aws-2.7.2-SNAPSHOT.pom
[INFO] Installing /root/workspace/openzipkin/zipkin/369127214/zipkin-autoconfigure/storage-elasticsearch-aws/target/zipkin-autoconfigure-storage-elasticsearch-aws-2.7.2-SNAPSHOT.jar to /root/workspace/openzipkin/zipkin/369127214/zipkin-server/target/local-repo/io/zipkin/java/zipkin-autoconfigure-storage-elasticsearch-aws/2.7.2-SNAPSHOT/zipkin-autoconfigure-storage-elasticsearch-aws-2.7.2-SNAPSHOT.jar
[INFO] Installing /root/workspace/openzipkin/zipkin/369127214/zipkin-autoconfigure/storage-elasticsearch-aws/pom.xml to /root/workspace/openzipkin/zipkin/369127214/zipkin-server/target/local-repo/io/zipkin/java/zipkin-autoconfigure-storage-elasticsearch-aws/2.7.2-SNAPSHOT/zipkin-autoconfigure-storage-elasticsearch-aws-2.7.2-SNAPSHOT.pom
[INFO] Installing /root/workspace/openzipkin/zipkin/369127214/zipkin-storage/mysql/pom.xml to /root/workspace/openzipkin/zipkin/369127214/zipkin-server/target/local-repo/io/zipkin/java/zipkin-storage-mysql/2.7.2-SNAPSHOT/zipkin-storage-mysql-2.7.2-SNAPSHOT.pom
[INFO] Installing /root/workspace/openzipkin/zipkin/369127214/zipkin-storage/mysql/target/zipkin-storage-mysql-2.7.2-SNAPSHOT.jar to /root/workspace/openzipkin/zipkin/369127214/zipkin-server/target/local-repo/io/zipkin/java/zipkin-storage-mysql/2.7.2-SNAPSHOT/zipkin-storage-mysql-2.7.2-SNAPSHOT.jar
[INFO] Installing /root/workspace/openzipkin/zipkin/369127214/zipkin-storage/mysql/pom.xml to /root/workspace/openzipkin/zipkin/369127214/zipkin-server/target/local-repo/io/zipkin/java/zipkin-storage-mysql/2.7.2-SNAPSHOT/zipkin-storage-mysql-2.7.2-SNAPSHOT.pom
[INFO] Installing /root/workspace/openzipkin/zipkin/369127214/zipkin-autoconfigure/storage-mysql/pom.xml to /root/workspace/openzipkin/zipkin/369127214/zipkin-server/target/local-repo/io/zipkin/java/zipkin-autoconfigure-storage-mysql/2.7.2-SNAPSHOT/zipkin-autoconfigure-storage-mysql-2.7.2-SNAPSHOT.pom
[INFO] Installing /root/workspace/openzipkin/zipkin/369127214/zipkin-autoconfigure/storage-mysql/target/zipkin-autoconfigure-storage-mysql-2.7.2-SNAPSHOT.jar to /root/workspace/openzipkin/zipkin/369127214/zipkin-server/target/local-repo/io/zipkin/java/zipkin-autoconfigure-storage-mysql/2.7.2-SNAPSHOT/zipkin-autoconfigure-storage-mysql-2.7.2-SNAPSHOT.jar
[INFO] Installing /root/workspace/openzipkin/zipkin/369127214/zipkin-autoconfigure/storage-mysql/pom.xml to /root/workspace/openzipkin/zipkin/369127214/zipkin-server/target/local-repo/io/zipkin/java/zipkin-autoconfigure-storage-mysql/2.7.2-SNAPSHOT/zipkin-autoconfigure-storage-mysql-2.7.2-SNAPSHOT.pom
[INFO] Installing /root/workspace/openzipkin/zipkin/369127214/zipkin-collector/pom.xml to /root/workspace/openzipkin/zipkin/369127214/zipkin-server/target/local-repo/io/zipkin/java/zipkin-collector/2.7.2-SNAPSHOT/zipkin-collector-2.7.2-SNAPSHOT.pom
[INFO] Installing /root/workspace/openzipkin/zipkin/369127214/zipkin-collector/kafka/pom.xml to /root/workspace/openzipkin/zipkin/369127214/zipkin-server/target/local-repo/io/zipkin/java/zipkin-collector-kafka/2.7.2-SNAPSHOT/zipkin-collector-kafka-2.7.2-SNAPSHOT.pom
[INFO] Installing /root/workspace/openzipkin/zipkin/369127214/zipkin-collector/kafka/target/zipkin-collector-kafka-2.7.2-SNAPSHOT.jar to /root/workspace/openzipkin/zipkin/369127214/zipkin-server/target/local-repo/io/zipkin/java/zipkin-collector-kafka/2.7.2-SNAPSHOT/zipkin-collector-kafka-2.7.2-SNAPSHOT.jar
[INFO] Installing /root/workspace/openzipkin/zipkin/369127214/zipkin-collector/kafka/pom.xml to /root/workspace/openzipkin/zipkin/369127214/zipkin-server/target/local-repo/io/zipkin/java/zipkin-collector-kafka/2.7.2-SNAPSHOT/zipkin-collector-kafka-2.7.2-SNAPSHOT.pom
[INFO] Installing /root/workspace/openzipkin/zipkin/369127214/zipkin-autoconfigure/collector-kafka/pom.xml to /root/workspace/openzipkin/zipkin/369127214/zipkin-server/target/local-repo/io/zipkin/java/zipkin-autoconfigure-collector-kafka/2.7.2-SNAPSHOT/zipkin-autoconfigure-collector-kafka-2.7.2-SNAPSHOT.pom
[INFO] Installing /root/workspace/openzipkin/zipkin/369127214/zipkin-autoconfigure/collector-kafka/target/zipkin-autoconfigure-collector-kafka-2.7.2-SNAPSHOT.jar to /root/workspace/openzipkin/zipkin/369127214/zipkin-server/target/local-repo/io/zipkin/java/zipkin-autoconfigure-collector-kafka/2.7.2-SNAPSHOT/zipkin-autoconfigure-collector-kafka-2.7.2-SNAPSHOT.jar
[INFO] Installing /root/workspace/openzipkin/zipkin/369127214/zipkin-autoconfigure/collector-kafka/pom.xml to /root/workspace/openzipkin/zipkin/369127214/zipkin-server/target/local-repo/io/zipkin/java/zipkin-autoconfigure-collector-kafka/2.7.2-SNAPSHOT/zipkin-autoconfigure-collector-kafka-2.7.2-SNAPSHOT.pom
[INFO] Installing /root/workspace/openzipkin/zipkin/369127214/zipkin-collector/rabbitmq/pom.xml to /root/workspace/openzipkin/zipkin/369127214/zipkin-server/target/local-repo/io/zipkin/java/zipkin-collector-rabbitmq/2.7.2-SNAPSHOT/zipkin-collector-rabbitmq-2.7.2-SNAPSHOT.pom
[INFO] Installing /root/workspace/openzipkin/zipkin/369127214/zipkin-collector/rabbitmq/target/zipkin-collector-rabbitmq-2.7.2-SNAPSHOT.jar to /root/workspace/openzipkin/zipkin/369127214/zipkin-server/target/local-repo/io/zipkin/java/zipkin-collector-rabbitmq/2.7.2-SNAPSHOT/zipkin-collector-rabbitmq-2.7.2-SNAPSHOT.jar
[INFO] Installing /root/workspace/openzipkin/zipkin/369127214/zipkin-collector/rabbitmq/pom.xml to /root/workspace/openzipkin/zipkin/369127214/zipkin-server/target/local-repo/io/zipkin/java/zipkin-collector-rabbitmq/2.7.2-SNAPSHOT/zipkin-collector-rabbitmq-2.7.2-SNAPSHOT.pom
[INFO] Installing /root/workspace/openzipkin/zipkin/369127214/zipkin-autoconfigure/collector-rabbitmq/pom.xml to /root/workspace/openzipkin/zipkin/369127214/zipkin-server/target/local-repo/io/zipkin/java/zipkin-autoconfigure-collector-rabbitmq/2.7.2-SNAPSHOT/zipkin-autoconfigure-collector-rabbitmq-2.7.2-SNAPSHOT.pom
[INFO] Installing /root/workspace/openzipkin/zipkin/369127214/zipkin-autoconfigure/collector-rabbitmq/target/zipkin-autoconfigure-collector-rabbitmq-2.7.2-SNAPSHOT.jar to /root/workspace/openzipkin/zipkin/369127214/zipkin-server/target/local-repo/io/zipkin/java/zipkin-autoconfigure-collector-rabbitmq/2.7.2-SNAPSHOT/zipkin-autoconfigure-collector-rabbitmq-2.7.2-SNAPSHOT.jar
[INFO] Installing /root/workspace/openzipkin/zipkin/369127214/zipkin-autoconfigure/collector-rabbitmq/pom.xml to /root/workspace/openzipkin/zipkin/369127214/zipkin-server/target/local-repo/io/zipkin/java/zipkin-autoconfigure-collector-rabbitmq/2.7.2-SNAPSHOT/zipkin-autoconfigure-collector-rabbitmq-2.7.2-SNAPSHOT.pom
[INFO] Installing /root/workspace/openzipkin/zipkin/369127214/zipkin-autoconfigure/metrics-prometheus/pom.xml to /root/workspace/openzipkin/zipkin/369127214/zipkin-server/target/local-repo/io/zipkin/java/zipkin-autoconfigure-metrics-prometheus/2.7.2-SNAPSHOT/zipkin-autoconfigure-metrics-prometheus-2.7.2-SNAPSHOT.pom
[INFO] Installing /root/workspace/openzipkin/zipkin/369127214/zipkin-autoconfigure/metrics-prometheus/target/zipkin-autoconfigure-metrics-prometheus-2.7.2-SNAPSHOT.jar to /root/workspace/openzipkin/zipkin/369127214/zipkin-server/target/local-repo/io/zipkin/java/zipkin-autoconfigure-metrics-prometheus/2.7.2-SNAPSHOT/zipkin-autoconfigure-metrics-prometheus-2.7.2-SNAPSHOT.jar
[INFO] Installing /root/workspace/openzipkin/zipkin/369127214/zipkin-autoconfigure/metrics-prometheus/pom.xml to /root/workspace/openzipkin/zipkin/369127214/zipkin-server/target/local-repo/io/zipkin/java/zipkin-autoconfigure-metrics-prometheus/2.7.2-SNAPSHOT/zipkin-autoconfigure-metrics-prometheus-2.7.2-SNAPSHOT.pom
[INFO] Installing /root/workspace/openzipkin/zipkin/369127214/zipkin-server/pom.xml to /root/workspace/openzipkin/zipkin/369127214/zipkin-server/target/local-repo/io/zipkin/java/zipkin-server/2.7.2-SNAPSHOT/zipkin-server-2.7.2-SNAPSHOT.pom
[INFO] Installing /root/workspace/openzipkin/zipkin/369127214/zipkin-server/target/zipkin-server-2.7.2-SNAPSHOT.jar to /root/workspace/openzipkin/zipkin/369127214/zipkin-server/target/local-repo/io/zipkin/java/zipkin-server/2.7.2-SNAPSHOT/zipkin-server-2.7.2-SNAPSHOT.jar
[INFO] Installing /root/workspace/openzipkin/zipkin/369127214/zipkin-server/target/zipkin-server-2.7.2-SNAPSHOT-exec.jar to /root/workspace/openzipkin/zipkin/369127214/zipkin-server/target/local-repo/io/zipkin/java/zipkin-server/2.7.2-SNAPSHOT/zipkin-server-2.7.2-SNAPSHOT-exec.jar
[INFO] 
[INFO] --- maven-failsafe-plugin:2.21.0:integration-test (integration-test) @ zipkin-server ---
[INFO] Tests are skipped.
[INFO] 
[INFO] --- maven-invoker-plugin:3.0.1:run (integration-test) @ zipkin-server ---
[INFO] Running Setup Jobs
[INFO] Building: execjar/pom.xml
[INFO] [INFO] Scanning for projects...
[INFO] [WARNING] 
[INFO] [WARNING] Some problems were encountered while building the effective model for io.zipkin.java.integration-tests:execjar:jar:2.7.2-SNAPSHOT
[INFO] [WARNING] 'build.plugins.plugin.version' for org.apache.maven.plugins:maven-compiler-plugin is missing. @ line 66, column 15
[INFO] [WARNING] 'build.plugins.plugin.version' for org.apache.maven.plugins:maven-surefire-plugin is missing. @ line 74, column 15
[INFO] [WARNING] 
[INFO] [WARNING] It is highly recommended to fix these problems because they threaten the stability of your build.
[INFO] [WARNING] 
[INFO] [WARNING] For this reason, future Maven versions might no longer support building such malformed projects.
[INFO] [WARNING] 
[INFO] [INFO]                                                                         
[INFO] [INFO] ------------------------------------------------------------------------
[INFO] [INFO] Building execjar 2.7.2-SNAPSHOT
[INFO] [INFO] ------------------------------------------------------------------------
[INFO] [INFO] 
[INFO] [INFO] --- maven-resources-plugin:2.6:resources (default-resources) @ execjar ---
[INFO] [WARNING] Using platform encoding (UTF-8 actually) to copy filtered resources, i.e. build is platform dependent!
[INFO] [INFO] skip non existing resourceDirectory /root/workspace/openzipkin/zipkin/369127214/zipkin-server/target/it/execjar/src/main/resources
[INFO] [INFO] 
[INFO] [INFO] --- maven-compiler-plugin:3.1:compile (default-compile) @ execjar ---
[INFO] [INFO] No sources to compile
[INFO] [INFO] 
[INFO] [INFO] --- maven-resources-plugin:2.6:testResources (default-testResources) @ execjar ---
[INFO] [WARNING] Using platform encoding (UTF-8 actually) to copy filtered resources, i.e. build is platform dependent!
[INFO] [INFO] skip non existing resourceDirectory /root/workspace/openzipkin/zipkin/369127214/zipkin-server/target/it/execjar/src/test/resources
[INFO] [INFO] 
[INFO] [INFO] --- maven-compiler-plugin:3.1:testCompile (default-testCompile) @ execjar ---
[INFO] [INFO] Changes detected - recompiling the module!
[INFO] [WARNING] File encoding has not been set, using platform encoding UTF-8, i.e. build is platform dependent!
[INFO] [INFO] Compiling 4 source files to /root/workspace/openzipkin/zipkin/369127214/zipkin-server/target/it/execjar/target/test-classes
[INFO] [INFO] 
[INFO] [INFO] --- maven-surefire-plugin:2.12.4:test (default-test) @ execjar ---
[INFO] [INFO] Surefire report directory: /root/workspace/openzipkin/zipkin/369127214/zipkin-server/target/it/execjar/target/surefire-reports
[INFO] 
[INFO] -------------------------------------------------------
[INFO]  T E S T S
[INFO] -------------------------------------------------------
[INFO] Running zipkin.execjar.DoesntCrashWhenCassandraIsDownTest
[INFO] Tests run: 2, Failures: 0, Errors: 0, Skipped: 2, Time elapsed: 20.248 sec
[INFO] Running zipkin.execjar.DoesntCrashWhenKafkaZooKeeperIsDownTest
[INFO] Tests run: 1, Failures: 0, Errors: 0, Skipped: 1, Time elapsed: 9.987 sec
[INFO] Running zipkin.execjar.StrictTraceIdFalseTest
[INFO] Tests run: 1, Failures: 0, Errors: 0, Skipped: 1, Time elapsed: 10.535 sec
[INFO] 
[INFO] Results :
[INFO] 
[INFO] Tests run: 4, Failures: 0, Errors: 0, Skipped: 4
[INFO] 
[INFO] [INFO] 
[INFO] [INFO] --- maven-jar-plugin:2.4:jar (default-jar) @ execjar ---
[INFO] [WARNING] JAR will be empty - no content was marked for inclusion!
[INFO] [INFO] Building jar: /root/workspace/openzipkin/zipkin/369127214/zipkin-server/target/it/execjar/target/execjar-2.7.2-SNAPSHOT.jar
[INFO] [INFO] ------------------------------------------------------------------------
[INFO] [INFO] BUILD SUCCESS
[INFO] [INFO] ------------------------------------------------------------------------
[INFO] [INFO] Total time: 45.577 s
[INFO] [INFO] Finished at: 2018-09-04T09:23:27+02:00
[INFO] [INFO] Final Memory: 19M/458M
[INFO] [INFO] ------------------------------------------------------------------------
[INFO]           execjar/pom.xml .................................. SUCCESS (48.2 s)
[INFO] Building: minimal-dependencies/pom.xml
[INFO] [INFO] Scanning for projects...
[INFO] [INFO]                                                                         
[INFO] [INFO] ------------------------------------------------------------------------
[INFO] [INFO] Building minimal-dependencies 2.7.2-SNAPSHOT
[INFO] [INFO] ------------------------------------------------------------------------
[INFO] [INFO] 
[INFO] [INFO] --- maven-enforcer-plugin:3.0.0-M1:enforce (enforce-java) @ minimal-dependencies ---
[INFO] [INFO] 
[INFO] [INFO] --- maven-resources-plugin:2.6:resources (default-resources) @ minimal-dependencies ---
[INFO] [INFO] Using 'UTF-8' encoding to copy filtered resources.
[INFO] [INFO] skip non existing resourceDirectory /root/workspace/openzipkin/zipkin/369127214/zipkin-server/target/it/minimal-dependencies/src/main/resources
[INFO] [INFO] 
[INFO] [INFO] --- maven-compiler-plugin:3.7.0:compile (default-compile) @ minimal-dependencies ---
[INFO] [INFO] No sources to compile
[INFO] [INFO] 
[INFO] [INFO] --- license-maven-plugin:3.0:check (default) @ minimal-dependencies ---
[INFO] [INFO] 
[INFO] [INFO] --- retrolambda-maven-plugin:2.5.3:process-main (default) @ minimal-dependencies ---
[INFO] [INFO] Retrieving Retrolambda 2.5.3
[INFO] [INFO] Configured Artifact: net.orfjackal.retrolambda:retrolambda:2.5.3:jar
[INFO] [INFO] Copying retrolambda-2.5.3.jar to /root/workspace/openzipkin/zipkin/369127214/zipkin-server/target/it/minimal-dependencies/target/retrolambda/retrolambda.jar
[INFO] [INFO] Processing classes with Retrolambda
[INFO] [INFO] Executing tasks
[INFO] 
[INFO] main:
[INFO]      [exec] Retrolambda 2.5.3
[INFO] [INFO] Executed tasks
[INFO] [INFO] 
[INFO] [INFO] --- animal-sniffer-maven-plugin:1.16:check (default) @ minimal-dependencies ---
[INFO] [INFO] Checking unresolved references to org.codehaus.mojo.signature:java17:1.0
[INFO] [INFO] 
[INFO] [INFO] --- maven-resources-plugin:2.6:testResources (default-testResources) @ minimal-dependencies ---
[INFO] [INFO] Using 'UTF-8' encoding to copy filtered resources.
[INFO] [INFO] skip non existing resourceDirectory /root/workspace/openzipkin/zipkin/369127214/zipkin-server/target/it/minimal-dependencies/src/test/resources
[INFO] [INFO] 
[INFO] [INFO] --- maven-compiler-plugin:3.7.0:testCompile (default-testCompile) @ minimal-dependencies ---
[INFO] [INFO] Changes detected - recompiling the module!
[INFO] [INFO] Compiling 1 source file to /root/workspace/openzipkin/zipkin/369127214/zipkin-server/target/it/minimal-dependencies/target/test-classes
[INFO] [INFO] 
[INFO] [INFO] --- maven-surefire-plugin:2.21.0:test (default-test) @ minimal-dependencies ---
[INFO] [INFO] 
[INFO] [INFO] -------------------------------------------------------
[INFO] [INFO]  T E S T S
[INFO] [INFO] -------------------------------------------------------
[INFO] [INFO] Running zipkin.minimal.ZipkinServerTest
[INFO] 09:23:39.236 [main] DEBUG org.springframework.test.context.junit4.SpringJUnit4ClassRunner - SpringJUnit4ClassRunner constructor called with [class zipkin.minimal.ZipkinServerTest]
[INFO] 09:23:39.244 [main] DEBUG org.springframework.test.context.BootstrapUtils - Instantiating CacheAwareContextLoaderDelegate from class [org.springframework.test.context.cache.DefaultCacheAwareContextLoaderDelegate]
[INFO] 09:23:39.254 [main] DEBUG org.springframework.test.context.BootstrapUtils - Instantiating BootstrapContext using constructor [public org.springframework.test.context.support.DefaultBootstrapContext(java.lang.Class,org.springframework.test.context.CacheAwareContextLoaderDelegate)]
[INFO] 09:23:39.278 [main] DEBUG org.springframework.test.context.BootstrapUtils - Instantiating TestContextBootstrapper for test class [zipkin.minimal.ZipkinServerTest] from class [org.springframework.boot.test.context.SpringBootTestContextBootstrapper]
[INFO] 09:23:39.297 [main] INFO org.springframework.boot.test.context.SpringBootTestContextBootstrapper - Neither @ContextConfiguration nor @ContextHierarchy found for test class [zipkin.minimal.ZipkinServerTest], using SpringBootContextLoader
[INFO] 09:23:39.312 [main] DEBUG org.springframework.test.context.support.AbstractContextLoader - Did not detect default resource location for test class [zipkin.minimal.ZipkinServerTest]: class path resource [zipkin/minimal/ZipkinServerTest-context.xml] does not exist
[INFO] 09:23:39.312 [main] DEBUG org.springframework.test.context.support.AbstractContextLoader - Did not detect default resource location for test class [zipkin.minimal.ZipkinServerTest]: class path resource [zipkin/minimal/ZipkinServerTestContext.groovy] does not exist
[INFO] 09:23:39.313 [main] INFO org.springframework.test.context.support.AbstractContextLoader - Could not detect default resource locations for test class [zipkin.minimal.ZipkinServerTest]: no resource found for suffixes {-context.xml, Context.groovy}.
[INFO] 09:23:39.383 [main] DEBUG org.springframework.test.context.support.ActiveProfilesUtils - Could not find an 'annotation declaring class' for annotation type [org.springframework.test.context.ActiveProfiles] and class [zipkin.minimal.ZipkinServerTest]
[INFO] 09:23:39.432 [main] DEBUG org.springframework.boot.test.context.SpringBootTestContextBootstrapper - @TestExecutionListeners is not present for class [zipkin.minimal.ZipkinServerTest]: using defaults.
[INFO] 09:23:39.441 [main] INFO org.springframework.boot.test.context.SpringBootTestContextBootstrapper - Loaded default TestExecutionListener class names from location [META-INF/spring.factories]: [org.springframework.boot.test.mock.mockito.MockitoTestExecutionListener, org.springframework.boot.test.mock.mockito.ResetMocksTestExecutionListener, org.springframework.boot.test.autoconfigure.restdocs.RestDocsTestExecutionListener, org.springframework.boot.test.autoconfigure.web.client.MockRestServiceServerResetTestExecutionListener, org.springframework.boot.test.autoconfigure.web.servlet.MockMvcPrintOnlyOnFailureTestExecutionListener, org.springframework.boot.test.autoconfigure.web.servlet.WebDriverTestExecutionListener, org.springframework.test.context.web.ServletTestExecutionListener, org.springframework.test.context.support.DirtiesContextBeforeModesTestExecutionListener, org.springframework.test.context.support.DependencyInjectionTestExecutionListener, org.springframework.test.context.support.DirtiesContextTestExecutionListener, org.springframework.test.context.transaction.TransactionalTestExecutionListener, org.springframework.test.context.jdbc.SqlScriptsTestExecutionListener]
[INFO] 09:23:39.461 [main] DEBUG org.springframework.boot.test.context.SpringBootTestContextBootstrapper - Could not instantiate TestExecutionListener [org.springframework.test.context.transaction.TransactionalTestExecutionListener]. Specify custom listener classes or make the default listener classes (and their required dependencies) available. Offending class: [org/springframework/transaction/TransactionDefinition]
[INFO] 09:23:39.462 [main] DEBUG org.springframework.boot.test.context.SpringBootTestContextBootstrapper - Could not instantiate TestExecutionListener [org.springframework.test.context.jdbc.SqlScriptsTestExecutionListener]. Specify custom listener classes or make the default listener classes (and their required dependencies) available. Offending class: [org/springframework/transaction/interceptor/TransactionAttribute]
[INFO] 09:23:39.462 [main] INFO org.springframework.boot.test.context.SpringBootTestContextBootstrapper - Using TestExecutionListeners: [org.springframework.test.context.web.ServletTestExecutionListener@10d59286, org.springframework.test.context.support.DirtiesContextBeforeModesTestExecutionListener@fe18270, org.springframework.boot.test.autoconfigure.SpringBootDependencyInjectionTestExecutionListener@6fb0d3ed, org.springframework.test.context.support.DirtiesContextTestExecutionListener@6dde5c8c, org.springframework.boot.test.mock.mockito.MockitoTestExecutionListener@5123a213, org.springframework.boot.test.mock.mockito.ResetMocksTestExecutionListener@52525845, org.springframework.boot.test.autoconfigure.restdocs.RestDocsTestExecutionListener@3b94d659, org.springframework.boot.test.autoconfigure.web.client.MockRestServiceServerResetTestExecutionListener@24b1d79b, org.springframework.boot.test.autoconfigure.web.servlet.MockMvcPrintOnlyOnFailureTestExecutionListener@68ceda24, org.springframework.boot.test.autoconfigure.web.servlet.WebDriverTestExecutionListener@281e3708]
[INFO] 09:23:39.464 [main] DEBUG org.springframework.test.annotation.ProfileValueUtils - Retrieved @ProfileValueSourceConfiguration [null] for test class [zipkin.minimal.ZipkinServerTest]
[INFO] 09:23:39.465 [main] DEBUG org.springframework.test.annotation.ProfileValueUtils - Retrieved ProfileValueSource type [class org.springframework.test.annotation.SystemProfileValueSource] for class [zipkin.minimal.ZipkinServerTest]
[INFO] 09:23:39.467 [main] DEBUG org.springframework.test.annotation.ProfileValueUtils - Retrieved @ProfileValueSourceConfiguration [null] for test class [zipkin.minimal.ZipkinServerTest]
[INFO] 09:23:39.467 [main] DEBUG org.springframework.test.annotation.ProfileValueUtils - Retrieved ProfileValueSource type [class org.springframework.test.annotation.SystemProfileValueSource] for class [zipkin.minimal.ZipkinServerTest]
[INFO] 09:23:39.468 [main] DEBUG org.springframework.test.annotation.ProfileValueUtils - Retrieved @ProfileValueSourceConfiguration [null] for test class [zipkin.minimal.ZipkinServerTest]
[INFO] 09:23:39.468 [main] DEBUG org.springframework.test.annotation.ProfileValueUtils - Retrieved ProfileValueSource type [class org.springframework.test.annotation.SystemProfileValueSource] for class [zipkin.minimal.ZipkinServerTest]
[INFO] 09:23:39.483 [main] DEBUG org.springframework.test.context.support.AbstractDirtiesContextTestExecutionListener - Before test class: context [DefaultTestContext@57f23557 testClass = ZipkinServerTest, testInstance = [null], testMethod = [null], testException = [null], mergedContextConfiguration = [WebMergedContextConfiguration@3d0f8e03 testClass = ZipkinServerTest, locations = '{}', classes = '{class zipkin.server.ZipkinServer, class zipkin.server.ZipkinServer}', contextInitializerClasses = '[]', activeProfiles = '{}', propertySourceLocations = '{}', propertySourceProperties = '{spring.config.name=zipkin-server, org.springframework.boot.test.context.SpringBootTestContextBootstrapper=true, server.port=0}', contextCustomizers = set[org.springframework.boot.test.context.SpringBootTestContextCustomizer@1e6d1014, org.springframework.boot.test.context.filter.ExcludeFilterContextCustomizer@1f554b06, org.springframework.boot.test.json.DuplicateJsonObjectContextCustomizerFactory$DuplicateJsonObjectContextCustomizer@131276c2, org.springframework.boot.test.mock.mockito.MockitoContextCustomizer@0, org.springframework.boot.test.autoconfigure.properties.PropertyMappingContextCustomizer@0, org.springframework.boot.test.autoconfigure.web.servlet.WebDriverContextCustomizerFactory$Customizer@e320068], resourceBasePath = 'src/main/webapp', contextLoader = 'org.springframework.boot.test.context.SpringBootContextLoader', parent = [null]]], class annotated with @DirtiesContext [false] with mode [null].
[INFO] 09:23:39.484 [main] DEBUG org.springframework.test.annotation.ProfileValueUtils - Retrieved @ProfileValueSourceConfiguration [null] for test class [zipkin.minimal.ZipkinServerTest]
[INFO] 09:23:39.485 [main] DEBUG org.springframework.test.annotation.ProfileValueUtils - Retrieved ProfileValueSource type [class org.springframework.test.annotation.SystemProfileValueSource] for class [zipkin.minimal.ZipkinServerTest]
[INFO] 09:23:39.855 [main] DEBUG org.springframework.test.context.support.DependencyInjectionTestExecutionListener - Performing dependency injection for test context [[DefaultTestContext@57f23557 testClass = ZipkinServerTest, testInstance = zipkin.minimal.ZipkinServerTest@55ca8de8, testMethod = [null], testException = [null], mergedContextConfiguration = [WebMergedContextConfiguration@3d0f8e03 testClass = ZipkinServerTest, locations = '{}', classes = '{class zipkin.server.ZipkinServer, class zipkin.server.ZipkinServer}', contextInitializerClasses = '[]', activeProfiles = '{}', propertySourceLocations = '{}', propertySourceProperties = '{spring.config.name=zipkin-server, org.springframework.boot.test.context.SpringBootTestContextBootstrapper=true, server.port=0}', contextCustomizers = set[org.springframework.boot.test.context.SpringBootTestContextCustomizer@1e6d1014, org.springframework.boot.test.context.filter.ExcludeFilterContextCustomizer@1f554b06, org.springframework.boot.test.json.DuplicateJsonObjectContextCustomizerFactory$DuplicateJsonObjectContextCustomizer@131276c2, org.springframework.boot.test.mock.mockito.MockitoContextCustomizer@0, org.springframework.boot.test.autoconfigure.properties.PropertyMappingContextCustomizer@0, org.springframework.boot.test.autoconfigure.web.servlet.WebDriverContextCustomizerFactory$Customizer@e320068], resourceBasePath = 'src/main/webapp', contextLoader = 'org.springframework.boot.test.context.SpringBootContextLoader', parent = [null]]]].
[INFO] 09:23:39.979 [main] DEBUG org.springframework.core.env.StandardEnvironment - Adding PropertySource 'systemProperties' with lowest search precedence
[INFO] 09:23:39.979 [main] DEBUG org.springframework.core.env.StandardEnvironment - Adding PropertySource 'systemEnvironment' with lowest search precedence
[INFO] 09:23:39.981 [main] DEBUG org.springframework.core.env.StandardEnvironment - Initialized StandardEnvironment with PropertySources [MapPropertySource@825658265 {name='systemProperties', properties={java.runtime.name=OpenJDK Runtime Environment, sun.boot.library.path=/usr/lib/jvm/java-8-openjdk-amd64/jre/lib/amd64, java.vm.version=25.121-b13, java.vm.vendor=Oracle Corporation, java.vendor.url=http://java.oracle.com/, path.separator=:, java.vm.name=OpenJDK 64-Bit Server VM, file.encoding.pkg=sun.io, sun.java.launcher=SUN_STANDARD, sun.os.patch.level=unknown, java.vm.specification.name=Java Virtual Machine Specification, user.dir=/root/workspace/openzipkin/zipkin/369127214/zipkin-server/target/it/minimal-dependencies, java.runtime.version=1.8.0_121-8u121-b13-1~bpo8+1-b13, basedir=/root/workspace/openzipkin/zipkin/369127214/zipkin-server/target/it/minimal-dependencies, java.awt.graphicsenv=sun.awt.X11GraphicsEnvironment, java.endorsed.dirs=/usr/lib/jvm/java-8-openjdk-amd64/jre/lib/endorsed, os.arch=amd64, surefire.real.class.path=/root/workspace/openzipkin/zipkin/369127214/zipkin-server/target/it/minimal-dependencies/target/surefire/surefirebooter5490508821571025377.jar, java.io.tmpdir=/tmp, line.separator=
[INFO] , java.vm.specification.vendor=Oracle Corporation, os.name=Linux, sun.jnu.encoding=UTF-8, java.library.path=/usr/java/packages/lib/amd64:/usr/lib/x86_64-linux-gnu/jni:/lib/x86_64-linux-gnu:/usr/lib/x86_64-linux-gnu:/usr/lib/jni:/lib:/usr/lib, surefire.test.class.path=/root/workspace/openzipkin/zipkin/369127214/zipkin-server/target/it/minimal-dependencies/target/test-classes:/root/workspace/openzipkin/zipkin/369127214/zipkin-server/target/it/minimal-dependencies/target/classes:/root/workspace/openzipkin/zipkin/369127214/zipkin-server/target/local-repo/io/zipkin/zipkin2/zipkin/2.7.2-SNAPSHOT/zipkin-2.7.2-SNAPSHOT.jar:/root/workspace/openzipkin/zipkin/369127214/zipkin-server/target/local-repo/io/zipkin/java/zipkin-server/2.7.2-SNAPSHOT/zipkin-server-2.7.2-SNAPSHOT.jar:/root/workspace/openzipkin/zipkin/369127214/zipkin-server/target/local-repo/org/springframework/boot/spring-boot-starter-web/1.5.10.RELEASE/spring-boot-starter-web-1.5.10.RELEASE.jar:/root/workspace/openzipkin/zipkin/369127214/zipkin-server/target/local-repo/org/springframework/boot/spring-boot-starter/1.5.10.RELEASE/spring-boot-starter-1.5.10.RELEASE.jar:/root/workspace/openzipkin/zipkin/369127214/zipkin-server/target/local-repo/org/springframework/boot/spring-boot-starter-logging/1.5.10.RELEASE/spring-boot-starter-logging-1.5.10.RELEASE.jar:/root/workspace/openzipkin/zipkin/369127214/zipkin-server/target/local-repo/ch/qos/logback/logback-classic/1.1.11/logback-classic-1.1.11.jar:/root/workspace/openzipkin/zipkin/369127214/zipkin-server/target/local-repo/ch/qos/logback/logback-core/1.1.11/logback-core-1.1.11.jar:/root/workspace/openzipkin/zipkin/369127214/zipkin-server/target/local-repo/org/slf4j/jcl-over-slf4j/1.7.25/jcl-over-slf4j-1.7.25.jar:/root/workspace/openzipkin/zipkin/369127214/zipkin-server/target/local-repo/org/slf4j/jul-to-slf4j/1.7.25/jul-to-slf4j-1.7.25.jar:/root/workspace/openzipkin/zipkin/369127214/zipkin-server/target/local-repo/org/slf4j/log4j-over-slf4j/1.7.25/log4j-over-slf4j-1.7.25.jar:/root/workspace/openzipkin/zipkin/369127214/zipkin-server/target/local-repo/org/yaml/snakeyaml/1.17/snakeyaml-1.17.jar:/root/workspace/openzipkin/zipkin/369127214/zipkin-server/target/local-repo/org/hibernate/hibernate-validator/5.3.6.Final/hibernate-validator-5.3.6.Final.jar:/root/workspace/openzipkin/zipkin/369127214/zipkin-server/target/local-repo/javax/validation/validation-api/1.1.0.Final/validation-api-1.1.0.Final.jar:/root/workspace/openzipkin/zipkin/369127214/zipkin-server/target/local-repo/org/jboss/logging/jboss-logging/3.3.1.Final/jboss-logging-3.3.1.Final.jar:/root/workspace/openzipkin/zipkin/369127214/zipkin-server/target/local-repo/com/fasterxml/classmate/1.3.4/classmate-1.3.4.jar:/root/workspace/openzipkin/zipkin/369127214/zipkin-server/target/local-repo/com/fasterxml/jackson/core/jackson-databind/2.8.10/jackson-databind-2.8.10.jar:/root/workspace/openzipkin/zipkin/369127214/zipkin-server/target/local-repo/com/fasterxml/jackson/core/jackson-annotations/2.8.0/jackson-annotations-2.8.0.jar:/root/workspace/openzipkin/zipkin/369127214/zipkin-server/target/local-repo/com/fasterxml/jackson/core/jackson-core/2.8.10/jackson-core-2.8.10.jar:/root/workspace/openzipkin/zipkin/369127214/zipkin-server/target/local-repo/org/springframework/spring-web/4.3.14.RELEASE/spring-web-4.3.14.RELEASE.jar:/root/workspace/openzipkin/zipkin/369127214/zipkin-server/target/local-repo/org/springframework/spring-aop/4.3.14.RELEASE/spring-aop-4.3.14.RELEASE.jar:/root/workspace/openzipkin/zipkin/369127214/zipkin-server/target/local-repo/org/springframework/spring-beans/4.3.14.RELEASE/spring-beans-4.3.14.RELEASE.jar:/root/workspace/openzipkin/zipkin/369127214/zipkin-server/target/local-repo/org/springframework/spring-context/4.3.14.RELEASE/spring-context-4.3.14.RELEASE.jar:/root/workspace/openzipkin/zipkin/369127214/zipkin-server/target/local-repo/org/springframework/spring-webmvc/4.3.14.RELEASE/spring-webmvc-4.3.14.RELEASE.jar:/root/workspace/openzipkin/zipkin/369127214/zipkin-server/target/local-repo/org/springframework/spring-expression/4.3.14.RELEASE/spring-expression-4.3.14.RELEASE.jar:/root/workspace/openzipkin/zipkin/369127214/zipkin-server/target/local-repo/org/springframework/boot/spring-boot-starter-undertow/1.5.10.RELEASE/spring-boot-starter-undertow-1.5.10.RELEASE.jar:/root/workspace/openzipkin/zipkin/369127214/zipkin-server/target/local-repo/io/undertow/undertow-core/1.4.22.Final/undertow-core-1.4.22.Final.jar:/root/workspace/openzipkin/zipkin/369127214/zipkin-server/target/local-repo/org/jboss/xnio/xnio-api/3.3.8.Final/xnio-api-3.3.8.Final.jar:/root/workspace/openzipkin/zipkin/369127214/zipkin-server/target/local-repo/org/jboss/xnio/xnio-nio/3.3.8.Final/xnio-nio-3.3.8.Final.jar:/root/workspace/openzipkin/zipkin/369127214/zipkin-server/target/local-repo/io/undertow/undertow-servlet/1.4.22.Final/undertow-servlet-1.4.22.Final.jar:/root/workspace/openzipkin/zipkin/369127214/zipkin-server/target/local-repo/org/jboss/spec/javax/annotation/jboss-annotations-api_1.2_spec/1.0.0.Final/jboss-annotations-api_1.2_spec-1.0.0.Final.jar:/root/workspace/openzipkin/zipkin/369127214/zipkin-server/target/local-repo/io/undertow/undertow-websockets-jsr/1.4.22.Final/undertow-websockets-jsr-1.4.22.Final.jar:/root/workspace/openzipkin/zipkin/369127214/zipkin-server/target/local-repo/org/jboss/spec/javax/websocket/jboss-websocket-api_1.1_spec/1.1.0.Final/jboss-websocket-api_1.1_spec-1.1.0.Final.jar:/root/workspace/openzipkin/zipkin/369127214/zipkin-server/target/local-repo/javax/servlet/javax.servlet-api/3.1.0/javax.servlet-api-3.1.0.jar:/root/workspace/openzipkin/zipkin/369127214/zipkin-server/target/local-repo/org/glassfish/javax.el/3.0.0/javax.el-3.0.0.jar:/root/workspace/openzipkin/zipkin/369127214/zipkin-server/target/local-repo/org/springframework/boot/spring-boot-starter-actuator/1.5.10.RELEASE/spring-boot-starter-actuator-1.5.10.RELEASE.jar:/root/workspace/openzipkin/zipkin/369127214/zipkin-server/target/local-repo/org/springframework/boot/spring-boot-actuator/1.5.10.RELEASE/spring-boot-actuator-1.5.10.RELEASE.jar:/root/workspace/openzipkin/zipkin/369127214/zipkin-server/target/local-repo/io/zipkin/java/zipkin/2.7.2-SNAPSHOT/zipkin-2.7.2-SNAPSHOT.jar:/root/workspace/openzipkin/zipkin/369127214/zipkin-server/target/local-repo/com/squareup/okhttp3/okhttp/3.9.0/okhttp-3.9.0.jar:/root/workspace/openzipkin/zipkin/369127214/zipkin-server/target/local-repo/com/squareup/okio/okio/1.14.0/okio-1.14.0.jar:/root/workspace/openzipkin/zipkin/369127214/zipkin-server/target/local-repo/org/springframework/boot/spring-boot-starter-test/1.5.10.RELEASE/spring-boot-starter-test-1.5.10.RELEASE.jar:/root/workspace/openzipkin/zipkin/369127214/zipkin-server/target/local-repo/org/springframework/boot/spring-boot-test/1.5.10.RELEASE/spring-boot-test-1.5.10.RELEASE.jar:/root/workspace/openzipkin/zipkin/369127214/zipkin-server/target/local-repo/org/springframework/boot/spring-boot/1.5.10.RELEASE/spring-boot-1.5.10.RELEASE.jar:/root/workspace/openzipkin/zipkin/369127214/zipkin-server/target/local-repo/org/springframework/boot/spring-boot-test-autoconfigure/1.5.10.RELEASE/spring-boot-test-autoconfigure-1.5.10.RELEASE.jar:/root/workspace/openzipkin/zipkin/369127214/zipkin-server/target/local-repo/org/springframework/boot/spring-boot-autoconfigure/1.5.10.RELEASE/spring-boot-autoconfigure-1.5.10.RELEASE.jar:/root/workspace/openzipkin/zipkin/369127214/zipkin-server/target/local-repo/com/jayway/jsonpath/json-path/2.2.0/json-path-2.2.0.jar:/root/workspace/openzipkin/zipkin/369127214/zipkin-server/target/local-repo/net/minidev/json-smart/2.2.1/json-smart-2.2.1.jar:/root/workspace/openzipkin/zipkin/369127214/zipkin-server/target/local-repo/net/minidev/accessors-smart/1.1/accessors-smart-1.1.jar:/root/workspace/openzipkin/zipkin/369127214/zipkin-server/target/local-repo/org/ow2/asm/asm/5.0.3/asm-5.0.3.jar:/root/workspace/openzipkin/zipkin/369127214/zipkin-server/target/local-repo/org/slf4j/slf4j-api/1.7.25/slf4j-api-1.7.25.jar:/root/workspace/openzipkin/zipkin/369127214/zipkin-server/target/local-repo/org/mockito/mockito-core/1.10.19/mockito-core-1.10.19.jar:/root/workspace/openzipkin/zipkin/369127214/zipkin-server/target/local-repo/org/objenesis/objenesis/2.1/objenesis-2.1.jar:/root/workspace/openzipkin/zipkin/369127214/zipkin-server/target/local-repo/org/hamcrest/hamcrest-core/1.3/hamcrest-core-1.3.jar:/root/workspace/openzipkin/zipkin/369127214/zipkin-server/target/local-repo/org/hamcrest/hamcrest-library/1.3/hamcrest-library-1.3.jar:/root/workspace/openzipkin/zipkin/369127214/zipkin-server/target/local-repo/org/skyscreamer/jsonassert/1.4.0/jsonassert-1.4.0.jar:/root/workspace/openzipkin/zipkin/369127214/zipkin-server/target/local-repo/com/vaadin/external/google/android-json/0.0.20131108.vaadin1/android-json-0.0.20131108.vaadin1.jar:/root/workspace/openzipkin/zipkin/369127214/zipkin-server/target/local-repo/org/springframework/spring-core/4.3.14.RELEASE/spring-core-4.3.14.RELEASE.jar:/root/workspace/openzipkin/zipkin/369127214/zipkin-server/target/local-repo/org/springframework/spring-test/4.3.14.RELEASE/spring-test-4.3.14.RELEASE.jar:/root/workspace/openzipkin/zipkin/369127214/zipkin-server/target/local-repo/junit/junit/4.12/junit-4.12.jar:/root/workspace/openzipkin/zipkin/369127214/zipkin-server/target/local-repo/org/assertj/assertj-core/3.9.1/assertj-core-3.9.1.jar:, java.specification.name=Java Platform API Specification, java.class.version=52.0, sun.management.compiler=HotSpot 64-Bit Tiered Compilers, maven.repo.local=/root/workspace/openzipkin/zipkin/369127214/zipkin-server/target/local-repo, os.version=4.9.0-6-amd64, user.home=/root, user.timezone=Europe/Paris, java.awt.printerjob=sun.print.PSPrinterJob, file.encoding=UTF-8, java.specification.version=1.8, java.class.path=/root/workspace/openzipkin/zipkin/369127214/zipkin-server/target/it/minimal-dependencies/target/test-classes:/root/workspace/openzipkin/zipkin/369127214/zipkin-server/target/it/minimal-dependencies/target/classes:/root/workspace/openzipkin/zipkin/369127214/zipkin-server/target/local-repo/io/zipkin/zipkin2/zipkin/2.7.2-SNAPSHOT/zipkin-2.7.2-SNAPSHOT.jar:/root/workspace/openzipkin/zipkin/369127214/zipkin-server/target/local-repo/io/zipkin/java/zipkin-server/2.7.2-SNAPSHOT/zipkin-server-2.7.2-SNAPSHOT.jar:/root/workspace/openzipkin/zipkin/369127214/zipkin-server/target/local-repo/org/springframework/boot/spring-boot-starter-web/1.5.10.RELEASE/spring-boot-starter-web-1.5.10.RELEASE.jar:/root/workspace/openzipkin/zipkin/369127214/zipkin-server/target/local-repo/org/springframework/boot/spring-boot-starter/1.5.10.RELEASE/spring-boot-starter-1.5.10.RELEASE.jar:/root/workspace/openzipkin/zipkin/369127214/zipkin-server/target/local-repo/org/springframework/boot/spring-boot-starter-logging/1.5.10.RELEASE/spring-boot-starter-logging-1.5.10.RELEASE.jar:/root/workspace/openzipkin/zipkin/369127214/zipkin-server/target/local-repo/ch/qos/logback/logback-classic/1.1.11/logback-classic-1.1.11.jar:/root/workspace/openzipkin/zipkin/369127214/zipkin-server/target/local-repo/ch/qos/logback/logback-core/1.1.11/logback-core-1.1.11.jar:/root/workspace/openzipkin/zipkin/369127214/zipkin-server/target/local-repo/org/slf4j/jcl-over-slf4j/1.7.25/jcl-over-slf4j-1.7.25.jar:/root/workspace/openzipkin/zipkin/369127214/zipkin-server/target/local-repo/org/slf4j/jul-to-slf4j/1.7.25/jul-to-slf4j-1.7.25.jar:/root/workspace/openzipkin/zipkin/369127214/zipkin-server/target/local-repo/org/slf4j/log4j-over-slf4j/1.7.25/log4j-over-slf4j-1.7.25.jar:/root/workspace/openzipkin/zipkin/369127214/zipkin-server/target/local-repo/org/yaml/snakeyaml/1.17/snakeyaml-1.17.jar:/root/workspace/openzipkin/zipkin/369127214/zipkin-server/target/local-repo/org/hibernate/hibernate-validator/5.3.6.Final/hibernate-validator-5.3.6.Final.jar:/root/workspace/openzipkin/zipkin/369127214/zipkin-server/target/local-repo/javax/validation/validation-api/1.1.0.Final/validation-api-1.1.0.Final.jar:/root/workspace/openzipkin/zipkin/369127214/zipkin-server/target/local-repo/org/jboss/logging/jboss-logging/3.3.1.Final/jboss-logging-3.3.1.Final.jar:/root/workspace/openzipkin/zipkin/369127214/zipkin-server/target/local-repo/com/fasterxml/classmate/1.3.4/classmate-1.3.4.jar:/root/workspace/openzipkin/zipkin/369127214/zipkin-server/target/local-repo/com/fasterxml/jackson/core/jackson-databind/2.8.10/jackson-databind-2.8.10.jar:/root/workspace/openzipkin/zipkin/369127214/zipkin-server/target/local-repo/com/fasterxml/jackson/core/jackson-annotations/2.8.0/jackson-annotations-2.8.0.jar:/root/workspace/openzipkin/zipkin/369127214/zipkin-server/target/local-repo/com/fasterxml/jackson/core/jackson-core/2.8.10/jackson-core-2.8.10.jar:/root/workspace/openzipkin/zipkin/369127214/zipkin-server/target/local-repo/org/springframework/spring-web/4.3.14.RELEASE/spring-web-4.3.14.RELEASE.jar:/root/workspace/openzipkin/zipkin/369127214/zipkin-server/target/local-repo/org/springframework/spring-aop/4.3.14.RELEASE/spring-aop-4.3.14.RELEASE.jar:/root/workspace/openzipkin/zipkin/369127214/zipkin-server/target/local-repo/org/springframework/spring-beans/4.3.14.RELEASE/spring-beans-4.3.14.RELEASE.jar:/root/workspace/openzipkin/zipkin/369127214/zipkin-server/target/local-repo/org/springframework/spring-context/4.3.14.RELEASE/spring-context-4.3.14.RELEASE.jar:/root/workspace/openzipkin/zipkin/369127214/zipkin-server/target/local-repo/org/springframework/spring-webmvc/4.3.14.RELEASE/spring-webmvc-4.3.14.RELEASE.jar:/root/workspace/openzipkin/zipkin/369127214/zipkin-server/target/local-repo/org/springframework/spring-expression/4.3.14.RELEASE/spring-expression-4.3.14.RELEASE.jar:/root/workspace/openzipkin/zipkin/369127214/zipkin-server/target/local-repo/org/springframework/boot/spring-boot-starter-undertow/1.5.10.RELEASE/spring-boot-starter-undertow-1.5.10.RELEASE.jar:/root/workspace/openzipkin/zipkin/369127214/zipkin-server/target/local-repo/io/undertow/undertow-core/1.4.22.Final/undertow-core-1.4.22.Final.jar:/root/workspace/openzipkin/zipkin/369127214/zipkin-server/target/local-repo/org/jboss/xnio/xnio-api/3.3.8.Final/xnio-api-3.3.8.Final.jar:/root/workspace/openzipkin/zipkin/369127214/zipkin-server/target/local-repo/org/jboss/xnio/xnio-nio/3.3.8.Final/xnio-nio-3.3.8.Final.jar:/root/workspace/openzipkin/zipkin/369127214/zipkin-server/target/local-repo/io/undertow/undertow-servlet/1.4.22.Final/undertow-servlet-1.4.22.Final.jar:/root/workspace/openzipkin/zipkin/369127214/zipkin-server/target/local-repo/org/jboss/spec/javax/annotation/jboss-annotations-api_1.2_spec/1.0.0.Final/jboss-annotations-api_1.2_spec-1.0.0.Final.jar:/root/workspace/openzipkin/zipkin/369127214/zipkin-server/target/local-repo/io/undertow/undertow-websockets-jsr/1.4.22.Final/undertow-websockets-jsr-1.4.22.Final.jar:/root/workspace/openzipkin/zipkin/369127214/zipkin-server/target/local-repo/org/jboss/spec/javax/websocket/jboss-websocket-api_1.1_spec/1.1.0.Final/jboss-websocket-api_1.1_spec-1.1.0.Final.jar:/root/workspace/openzipkin/zipkin/369127214/zipkin-server/target/local-repo/javax/servlet/javax.servlet-api/3.1.0/javax.servlet-api-3.1.0.jar:/root/workspace/openzipkin/zipkin/369127214/zipkin-server/target/local-repo/org/glassfish/javax.el/3.0.0/javax.el-3.0.0.jar:/root/workspace/openzipkin/zipkin/369127214/zipkin-server/target/local-repo/org/springframework/boot/spring-boot-starter-actuator/1.5.10.RELEASE/spring-boot-starter-actuator-1.5.10.RELEASE.jar:/root/workspace/openzipkin/zipkin/369127214/zipkin-server/target/local-repo/org/springframework/boot/spring-boot-actuator/1.5.10.RELEASE/spring-boot-actuator-1.5.10.RELEASE.jar:/root/workspace/openzipkin/zipkin/369127214/zipkin-server/target/local-repo/io/zipkin/java/zipkin/2.7.2-SNAPSHOT/zipkin-2.7.2-SNAPSHOT.jar:/root/workspace/openzipkin/zipkin/369127214/zipkin-server/target/local-repo/com/squareup/okhttp3/okhttp/3.9.0/okhttp-3.9.0.jar:/root/workspace/openzipkin/zipkin/369127214/zipkin-server/target/local-repo/com/squareup/okio/okio/1.14.0/okio-1.14.0.jar:/root/workspace/openzipkin/zipkin/369127214/zipkin-server/target/local-repo/org/springframework/boot/spring-boot-starter-test/1.5.10.RELEASE/spring-boot-starter-test-1.5.10.RELEASE.jar:/root/workspace/openzipkin/zipkin/369127214/zipkin-server/target/local-repo/org/springframework/boot/spring-boot-test/1.5.10.RELEASE/spring-boot-test-1.5.10.RELEASE.jar:/root/workspace/openzipkin/zipkin/369127214/zipkin-server/target/local-repo/org/springframework/boot/spring-boot/1.5.10.RELEASE/spring-boot-1.5.10.RELEASE.jar:/root/workspace/openzipkin/zipkin/369127214/zipkin-server/target/local-repo/org/springframework/boot/spring-boot-test-autoconfigure/1.5.10.RELEASE/spring-boot-test-autoconfigure-1.5.10.RELEASE.jar:/root/workspace/openzipkin/zipkin/369127214/zipkin-server/target/local-repo/org/springframework/boot/spring-boot-autoconfigure/1.5.10.RELEASE/spring-boot-autoconfigure-1.5.10.RELEASE.jar:/root/workspace/openzipkin/zipkin/369127214/zipkin-server/target/local-repo/com/jayway/jsonpath/json-path/2.2.0/json-path-2.2.0.jar:/root/workspace/openzipkin/zipkin/369127214/zipkin-server/target/local-repo/net/minidev/json-smart/2.2.1/json-smart-2.2.1.jar:/root/workspace/openzipkin/zipkin/369127214/zipkin-server/target/local-repo/net/minidev/accessors-smart/1.1/accessors-smart-1.1.jar:/root/workspace/openzipkin/zipkin/369127214/zipkin-server/target/local-repo/org/ow2/asm/asm/5.0.3/asm-5.0.3.jar:/root/workspace/openzipkin/zipkin/369127214/zipkin-server/target/local-repo/org/slf4j/slf4j-api/1.7.25/slf4j-api-1.7.25.jar:/root/workspace/openzipkin/zipkin/369127214/zipkin-server/target/local-repo/org/mockito/mockito-core/1.10.19/mockito-core-1.10.19.jar:/root/workspace/openzipkin/zipkin/369127214/zipkin-server/target/local-repo/org/objenesis/objenesis/2.1/objenesis-2.1.jar:/root/workspace/openzipkin/zipkin/369127214/zipkin-server/target/local-repo/org/hamcrest/hamcrest-core/1.3/hamcrest-core-1.3.jar:/root/workspace/openzipkin/zipkin/369127214/zipkin-server/target/local-repo/org/hamcrest/hamcrest-library/1.3/hamcrest-library-1.3.jar:/root/workspace/openzipkin/zipkin/369127214/zipkin-server/target/local-repo/org/skyscreamer/jsonassert/1.4.0/jsonassert-1.4.0.jar:/root/workspace/openzipkin/zipkin/369127214/zipkin-server/target/local-repo/com/vaadin/external/google/android-json/0.0.20131108.vaadin1/android-json-0.0.20131108.vaadin1.jar:/root/workspace/openzipkin/zipkin/369127214/zipkin-server/target/local-repo/org/springframework/spring-core/4.3.14.RELEASE/spring-core-4.3.14.RELEASE.jar:/root/workspace/openzipkin/zipkin/369127214/zipkin-server/target/local-repo/org/springframework/spring-test/4.3.14.RELEASE/spring-test-4.3.14.RELEASE.jar:/root/workspace/openzipkin/zipkin/369127214/zipkin-server/target/local-repo/junit/junit/4.12/junit-4.12.jar:/root/workspace/openzipkin/zipkin/369127214/zipkin-server/target/local-repo/org/assertj/assertj-core/3.9.1/assertj-core-3.9.1.jar:, user.name=root, java.vm.specification.version=1.8, sun.java.command=/root/workspace/openzipkin/zipkin/369127214/zipkin-server/target/it/minimal-dependencies/target/surefire/surefirebooter5490508821571025377.jar /root/workspace/openzipkin/zipkin/369127214/zipkin-server/target/it/minimal-dependencies/target/surefire 2018-09-04T09-23-38_070-jvmRun1 surefire1803980709342984704tmp surefire_07553084899497669649tmp, java.home=/usr/lib/jvm/java-8-openjdk-amd64/jre, sun.arch.data.model=64, user.language=en, java.specification.vendor=Oracle Corporation, awt.toolkit=sun.awt.X11.XToolkit, java.vm.info=mixed mode, java.version=1.8.0_121, java.ext.dirs=/usr/lib/jvm/java-8-openjdk-amd64/jre/lib/ext:/usr/java/packages/lib/ext, sun.boot.class.path=/usr/lib/jvm/java-8-openjdk-amd64/jre/lib/resources.jar:/usr/lib/jvm/java-8-openjdk-amd64/jre/lib/rt.jar:/usr/lib/jvm/java-8-openjdk-amd64/jre/lib/sunrsasign.jar:/usr/lib/jvm/java-8-openjdk-amd64/jre/lib/jsse.jar:/usr/lib/jvm/java-8-openjdk-amd64/jre/lib/jce.jar:/usr/lib/jvm/java-8-openjdk-amd64/jre/lib/charsets.jar:/usr/lib/jvm/java-8-openjdk-amd64/jre/lib/jfr.jar:/usr/lib/jvm/java-8-openjdk-amd64/jre/classes, java.vendor=Oracle Corporation, localRepository=/root/workspace/openzipkin/zipkin/369127214/zipkin-server/target/local-repo, file.separator=/, java.vendor.url.bug=http://bugreport.sun.com/bugreport/, sun.io.unicode.encoding=UnicodeLittle, sun.cpu.endian=little, sun.cpu.isalist=}}, SystemEnvironmentPropertySource@388357135 {name='systemEnvironment', properties={PATH=/usr/local/sbin:/usr/local/bin:/usr/sbin:/usr/bin:/sbin:/bin, JAVA_HOME=/usr/lib/jvm/java-8-openjdk-amd64, NOTIFY_TO=, CA_CERTIFICATES_JAVA_VERSION=20161107~bpo8+1, GITHUB_USEREMAIL=, MONGODB_HOST=, BUILD_ID=, LANG=C.UTF-8, GITHUB_USERNAME=, MAVEN_HOME=/usr/share/maven, SMTP_SERVER=, MONGODB_NAME=, REPAIR_MODE=bears, PWD=/root/workspace/openzipkin/zipkin/369127214/zipkin-server/target/it/minimal-dependencies, JAVA_VERSION=8u121, GITHUB_OAUTH=, LOG_LEVEL=DEBUG, MAVEN_CMD_LINE_ARGS=/root/.m2 -B -D maven.repo.local=/root/workspace/openzipkin/zipkin/369127214/zipkin-server/target/local-repo -s /root/workspace/openzipkin/zipkin/369127214/zipkin-server/target/it/interpolated-settings.xml -P !release package, _=/usr/bin/java, OUTPUT=, MAVEN_TERMINATE_CMD=on, MAVEN_CONFIG=/root/.m2, MAVEN_PROJECTBASEDIR=/root/workspace/openzipkin/zipkin/369127214, OLDPWD=/root/workspace/openzipkin/zipkin/369127214/zipkin-server/target/it/minimal-dependencies, LOG_FILENAME=repairnator-pipeline_2018-09-04_0157_369127214_ad552a0f-88dd-4063-97e7-719040591c67_04-18-week3-PASSING_AND_PASSING, RUN_ID=, NEXT_BUILD_ID=, HOSTNAME=spirals-bears, JAVA_DEBIAN_VERSION=8u121-b13-1~bpo8+1, M2_HOME=/usr/share/maven, HOME=/root, SHLVL=1, PUSH_URL=}}]
[INFO] 09:23:39.985 [main] DEBUG org.springframework.test.context.support.TestPropertySourceUtils - Adding inlined properties to environment: {spring.jmx.enabled=false, spring.config.name=zipkin-server, org.springframework.boot.test.context.SpringBootTestContextBootstrapper=true, server.port=0}
[INFO] 09:23:39.985 [main] DEBUG org.springframework.core.env.StandardEnvironment - Adding PropertySource 'Inlined Test Properties' with highest search precedence
[INFO]                                     ********
[INFO]                                   **        **
[INFO]                                  *            *
[INFO]                                 **            **
[INFO]                                 **            **
[INFO]                                  **          **
[INFO]                                   **        **
[INFO]                                     ********
[INFO]                                       ****
[INFO]                                       ****
[INFO]         ****                          ****
[INFO]      ******                           ****                                 ***
[INFO]   ****************************************************************************
[INFO]     *******                           ****                                 ***
[INFO]         ****                          ****
[INFO]                                        **
[INFO]                                        **
[INFO] 
[INFO] 
[INFO]              *****      **     *****     ** **       **     **   **
[INFO]                **       **     **  *     ***         **     **** **
[INFO]               **        **     *****     ****        **     **  ***
[INFO]              ******     **     **        **  **      **     **   **
[INFO] 
[INFO] :: Powered by Spring Boot ::         (v1.5.10.RELEASE)
[INFO] 
[INFO] 2018-09-04 09:23:40.843  INFO [/] 6403 --- [           main] zipkin.minimal.ZipkinServerTest          : Starting ZipkinServerTest on spirals-bears with PID 6403 (started by root in /root/workspace/openzipkin/zipkin/369127214/zipkin-server/target/it/minimal-dependencies)
[INFO] 2018-09-04 09:23:40.844  INFO [/] 6403 --- [           main] zipkin.minimal.ZipkinServerTest          : The following profiles are active: shared
[INFO] 2018-09-04 09:23:40.966  INFO [/] 6403 --- [           main] ationConfigEmbeddedWebApplicationContext : Refreshing org.springframework.boot.context.embedded.AnnotationConfigEmbeddedWebApplicationContext@5117dd67: startup date [Tue Sep 04 09:23:40 CEST 2018]; root of context hierarchy
[INFO] 2018-09-04 09:23:43.347  INFO [/] 6403 --- [           main] org.xnio                                 : XNIO version 3.3.8.Final
[INFO] 2018-09-04 09:23:43.370  INFO [/] 6403 --- [           main] org.xnio.nio                             : XNIO NIO Implementation Version 3.3.8.Final
[INFO] 2018-09-04 09:23:43.490  WARN [/] 6403 --- [           main] io.undertow.websockets.jsr               : UT026009: XNIO worker was not set on WebSocketDeploymentInfo, the default worker will be used
[INFO] 2018-09-04 09:23:43.491  WARN [/] 6403 --- [           main] io.undertow.websockets.jsr               : UT026010: Buffer pool was not set on WebSocketDeploymentInfo, the default pool will be used
[INFO] 2018-09-04 09:23:43.523  INFO [/] 6403 --- [           main] io.undertow.servlet                      : Initializing Spring embedded WebApplicationContext
[INFO] 2018-09-04 09:23:43.524  INFO [/] 6403 --- [           main] o.s.web.context.ContextLoader            : Root WebApplicationContext: initialization completed in 2565 ms
[INFO] 2018-09-04 09:23:43.840  INFO [/] 6403 --- [           main] o.s.b.w.servlet.ServletRegistrationBean  : Mapping servlet: 'dispatcherServlet' to [/]
[INFO] 2018-09-04 09:23:43.847  INFO [/] 6403 --- [           main] o.s.b.w.servlet.FilterRegistrationBean   : Mapping filter: 'metricsFilter' to: [/*]
[INFO] 2018-09-04 09:23:43.849  INFO [/] 6403 --- [           main] o.s.b.w.servlet.FilterRegistrationBean   : Mapping filter: 'characterEncodingFilter' to: [/*]
[INFO] 2018-09-04 09:23:43.849  INFO [/] 6403 --- [           main] o.s.b.w.servlet.FilterRegistrationBean   : Mapping filter: 'hiddenHttpMethodFilter' to: [/*]
[INFO] 2018-09-04 09:23:43.849  INFO [/] 6403 --- [           main] o.s.b.w.servlet.FilterRegistrationBean   : Mapping filter: 'httpPutFormContentFilter' to: [/*]
[INFO] 2018-09-04 09:23:43.849  INFO [/] 6403 --- [           main] o.s.b.w.servlet.FilterRegistrationBean   : Mapping filter: 'requestContextFilter' to: [/*]
[INFO] 2018-09-04 09:23:43.850  INFO [/] 6403 --- [           main] o.s.b.w.servlet.FilterRegistrationBean   : Mapping filter: 'webRequestLoggingFilter' to: [/*]
[INFO] 2018-09-04 09:23:43.850  INFO [/] 6403 --- [           main] o.s.b.w.servlet.FilterRegistrationBean   : Mapping filter: 'applicationContextIdFilter' to: [/*]
[INFO] 2018-09-04 09:23:44.746  INFO [/] 6403 --- [           main] s.w.s.m.m.a.RequestMappingHandlerAdapter : Looking for @ControllerAdvice: org.springframework.boot.context.embedded.AnnotationConfigEmbeddedWebApplicationContext@5117dd67: startup date [Tue Sep 04 09:23:40 CEST 2018]; root of context hierarchy
[INFO] 2018-09-04 09:23:44.854  INFO [/] 6403 --- [           main] s.w.s.m.m.a.RequestMappingHandlerMapping : Mapped "{[/api/v2/dependencies],methods=[GET],produces=[application/json]}" onto public byte[] zipkin.server.internal.ZipkinQueryApiV2.getDependencies(long,java.lang.Long) throws java.io.IOException
[INFO] 2018-09-04 09:23:44.859  INFO [/] 6403 --- [           main] s.w.s.m.m.a.RequestMappingHandlerMapping : Mapped "{[/api/v2/services],methods=[GET]}" onto public org.springframework.http.ResponseEntity<java.util.List<java.lang.String>> zipkin.server.internal.ZipkinQueryApiV2.getServiceNames() throws java.io.IOException
[INFO] 2018-09-04 09:23:44.859  INFO [/] 6403 --- [           main] s.w.s.m.m.a.RequestMappingHandlerMapping : Mapped "{[/api/v2/spans],methods=[GET]}" onto public org.springframework.http.ResponseEntity<java.util.List<java.lang.String>> zipkin.server.internal.ZipkinQueryApiV2.getSpanNames(java.lang.String) throws java.io.IOException
[INFO] 2018-09-04 09:23:44.860  INFO [/] 6403 --- [           main] s.w.s.m.m.a.RequestMappingHandlerMapping : Mapped "{[/api/v2/traces],methods=[GET],produces=[application/json]}" onto public java.lang.String zipkin.server.internal.ZipkinQueryApiV2.getTraces(java.lang.String,java.lang.String,java.lang.String,java.lang.Long,java.lang.Long,java.lang.Long,java.lang.Long,int) throws java.io.IOException
[INFO] 2018-09-04 09:23:44.860  INFO [/] 6403 --- [           main] s.w.s.m.m.a.RequestMappingHandlerMapping : Mapped "{[/api/v2/trace/{traceIdHex}],methods=[GET],produces=[application/json]}" onto public java.lang.String zipkin.server.internal.ZipkinQueryApiV2.getTrace(java.lang.String,org.springframework.web.context.request.WebRequest) throws java.io.IOException
[INFO] 2018-09-04 09:23:44.865  INFO [/] 6403 --- [           main] s.w.s.m.m.a.RequestMappingHandlerMapping : Mapped "{[/api/v1/dependencies],methods=[GET],produces=[application/json]}" onto public byte[] zipkin.server.internal.ZipkinQueryApiV1.getDependencies(long,java.lang.Long)
[INFO] 2018-09-04 09:23:44.870  INFO [/] 6403 --- [           main] s.w.s.m.m.a.RequestMappingHandlerMapping : Mapped "{[/api/v1/services],methods=[GET]}" onto public org.springframework.http.ResponseEntity<java.util.List<java.lang.String>> zipkin.server.internal.ZipkinQueryApiV1.getServiceNames()
[INFO] 2018-09-04 09:23:44.871  INFO [/] 6403 --- [           main] s.w.s.m.m.a.RequestMappingHandlerMapping : Mapped "{[/api/v1/spans],methods=[GET]}" onto public org.springframework.http.ResponseEntity<java.util.List<java.lang.String>> zipkin.server.internal.ZipkinQueryApiV1.getSpanNames(java.lang.String)
[INFO] 2018-09-04 09:23:44.872  INFO [/] 6403 --- [           main] s.w.s.m.m.a.RequestMappingHandlerMapping : Mapped "{[/api/v1/traces],methods=[GET],produces=[application/json]}" onto public java.lang.String zipkin.server.internal.ZipkinQueryApiV1.getTraces(java.lang.String,java.lang.String,java.lang.String,java.lang.Long,java.lang.Long,java.lang.Long,java.lang.Long,java.lang.Integer)
[INFO] 2018-09-04 09:23:44.873  INFO [/] 6403 --- [           main] s.w.s.m.m.a.RequestMappingHandlerMapping : Mapped "{[/api/v1/trace/{traceIdHex}],methods=[GET],produces=[application/json]}" onto public java.lang.String zipkin.server.internal.ZipkinQueryApiV1.getTrace(java.lang.String,org.springframework.web.context.request.WebRequest)
[INFO] 2018-09-04 09:23:44.891  INFO [/] 6403 --- [           main] s.w.s.m.m.a.RequestMappingHandlerMapping : Mapped "{[/error],produces=[text/html]}" onto public org.springframework.web.servlet.ModelAndView org.springframework.boot.autoconfigure.web.BasicErrorController.errorHtml(javax.servlet.http.HttpServletRequest,javax.servlet.http.HttpServletResponse)
[INFO] 2018-09-04 09:23:44.892  INFO [/] 6403 --- [           main] s.w.s.m.m.a.RequestMappingHandlerMapping : Mapped "{[/error]}" onto public org.springframework.http.ResponseEntity<java.util.Map<java.lang.String, java.lang.Object>> org.springframework.boot.autoconfigure.web.BasicErrorController.error(javax.servlet.http.HttpServletRequest)
[INFO] 2018-09-04 09:23:44.958  INFO [/] 6403 --- [           main] o.s.w.s.handler.SimpleUrlHandlerMapping  : Mapped URL path [/webjars/**] onto handler of type [class org.springframework.web.servlet.resource.ResourceHttpRequestHandler]
[INFO] 2018-09-04 09:23:44.958  INFO [/] 6403 --- [           main] o.s.w.s.handler.SimpleUrlHandlerMapping  : Mapped URL path [/**] onto handler of type [class org.springframework.web.servlet.resource.ResourceHttpRequestHandler]
[INFO] 2018-09-04 09:23:45.438  INFO [/] 6403 --- [           main] o.s.b.a.e.mvc.EndpointHandlerMapping     : Mapped "{[/info || /info.json],methods=[GET],produces=[application/vnd.spring-boot.actuator.v1+json || application/json]}" onto public java.lang.Object org.springframework.boot.actuate.endpoint.mvc.EndpointMvcAdapter.invoke()
[INFO] 2018-09-04 09:23:45.446  INFO [/] 6403 --- [           main] o.s.b.a.e.mvc.EndpointHandlerMapping     : Mapped "{[/env/{name:.*}],methods=[GET],produces=[application/vnd.spring-boot.actuator.v1+json || application/json]}" onto public java.lang.Object org.springframework.boot.actuate.endpoint.mvc.EnvironmentMvcEndpoint.value(java.lang.String)
[INFO] 2018-09-04 09:23:45.447  INFO [/] 6403 --- [           main] o.s.b.a.e.mvc.EndpointHandlerMapping     : Mapped "{[/env || /env.json],methods=[GET],produces=[application/vnd.spring-boot.actuator.v1+json || application/json]}" onto public java.lang.Object org.springframework.boot.actuate.endpoint.mvc.EndpointMvcAdapter.invoke()
[INFO] 2018-09-04 09:23:45.448  INFO [/] 6403 --- [           main] o.s.b.a.e.mvc.EndpointHandlerMapping     : Mapped "{[/autoconfig || /autoconfig.json],methods=[GET],produces=[application/vnd.spring-boot.actuator.v1+json || application/json]}" onto public java.lang.Object org.springframework.boot.actuate.endpoint.mvc.EndpointMvcAdapter.invoke()
[INFO] 2018-09-04 09:23:45.450  INFO [/] 6403 --- [           main] o.s.b.a.e.mvc.EndpointHandlerMapping     : Mapped "{[/auditevents || /auditevents.json],methods=[GET],produces=[application/vnd.spring-boot.actuator.v1+json || application/json]}" onto public org.springframework.http.ResponseEntity<?> org.springframework.boot.actuate.endpoint.mvc.AuditEventsMvcEndpoint.findByPrincipalAndAfterAndType(java.lang.String,java.util.Date,java.lang.String)
[INFO] 2018-09-04 09:23:45.451  INFO [/] 6403 --- [           main] o.s.b.a.e.mvc.EndpointHandlerMapping     : Mapped "{[/dump || /dump.json],methods=[GET],produces=[application/vnd.spring-boot.actuator.v1+json || application/json]}" onto public java.lang.Object org.springframework.boot.actuate.endpoint.mvc.EndpointMvcAdapter.invoke()
[INFO] 2018-09-04 09:23:45.452  INFO [/] 6403 --- [           main] o.s.b.a.e.mvc.EndpointHandlerMapping     : Mapped "{[/mappings || /mappings.json],methods=[GET],produces=[application/vnd.spring-boot.actuator.v1+json || application/json]}" onto public java.lang.Object org.springframework.boot.actuate.endpoint.mvc.EndpointMvcAdapter.invoke()
[INFO] 2018-09-04 09:23:45.453  INFO [/] 6403 --- [           main] o.s.b.a.e.mvc.EndpointHandlerMapping     : Mapped "{[/health || /health.json],methods=[GET],produces=[application/vnd.spring-boot.actuator.v1+json || application/json]}" onto public java.lang.Object org.springframework.boot.actuate.endpoint.mvc.HealthMvcEndpoint.invoke(javax.servlet.http.HttpServletRequest,java.security.Principal)
[INFO] 2018-09-04 09:23:45.457  INFO [/] 6403 --- [           main] o.s.b.a.e.mvc.EndpointHandlerMapping     : Mapped "{[/loggers/{name:.*}],methods=[GET],produces=[application/vnd.spring-boot.actuator.v1+json || application/json]}" onto public java.lang.Object org.springframework.boot.actuate.endpoint.mvc.LoggersMvcEndpoint.get(java.lang.String)
[INFO] 2018-09-04 09:23:45.457  INFO [/] 6403 --- [           main] o.s.b.a.e.mvc.EndpointHandlerMapping     : Mapped "{[/loggers/{name:.*}],methods=[POST],consumes=[application/vnd.spring-boot.actuator.v1+json || application/json],produces=[application/vnd.spring-boot.actuator.v1+json || application/json]}" onto public java.lang.Object org.springframework.boot.actuate.endpoint.mvc.LoggersMvcEndpoint.set(java.lang.String,java.util.Map<java.lang.String, java.lang.String>)
[INFO] 2018-09-04 09:23:45.458  INFO [/] 6403 --- [           main] o.s.b.a.e.mvc.EndpointHandlerMapping     : Mapped "{[/loggers || /loggers.json],methods=[GET],produces=[application/vnd.spring-boot.actuator.v1+json || application/json]}" onto public java.lang.Object org.springframework.boot.actuate.endpoint.mvc.EndpointMvcAdapter.invoke()
[INFO] 2018-09-04 09:23:45.459  INFO [/] 6403 --- [           main] o.s.b.a.e.mvc.EndpointHandlerMapping     : Mapped "{[/configprops || /configprops.json],methods=[GET],produces=[application/vnd.spring-boot.actuator.v1+json || application/json]}" onto public java.lang.Object org.springframework.boot.actuate.endpoint.mvc.EndpointMvcAdapter.invoke()
[INFO] 2018-09-04 09:23:45.460  INFO [/] 6403 --- [           main] o.s.b.a.e.mvc.EndpointHandlerMapping     : Mapped "{[/beans || /beans.json],methods=[GET],produces=[application/vnd.spring-boot.actuator.v1+json || application/json]}" onto public java.lang.Object org.springframework.boot.actuate.endpoint.mvc.EndpointMvcAdapter.invoke()
[INFO] 2018-09-04 09:23:45.461  INFO [/] 6403 --- [           main] o.s.b.a.e.mvc.EndpointHandlerMapping     : Mapped "{[/metrics/{name:.*}],methods=[GET],produces=[application/vnd.spring-boot.actuator.v1+json || application/json]}" onto public java.lang.Object org.springframework.boot.actuate.endpoint.mvc.MetricsMvcEndpoint.value(java.lang.String)
[INFO] 2018-09-04 09:23:45.461  INFO [/] 6403 --- [           main] o.s.b.a.e.mvc.EndpointHandlerMapping     : Mapped "{[/metrics || /metrics.json],methods=[GET],produces=[application/vnd.spring-boot.actuator.v1+json || application/json]}" onto public java.lang.Object org.springframework.boot.actuate.endpoint.mvc.EndpointMvcAdapter.invoke()
[INFO] 2018-09-04 09:23:45.463  INFO [/] 6403 --- [           main] o.s.b.a.e.mvc.EndpointHandlerMapping     : Mapped "{[/heapdump || /heapdump.json],methods=[GET],produces=[application/octet-stream]}" onto public void org.springframework.boot.actuate.endpoint.mvc.HeapdumpMvcEndpoint.invoke(boolean,javax.servlet.http.HttpServletRequest,javax.servlet.http.HttpServletResponse) throws java.io.IOException,javax.servlet.ServletException
[INFO] 2018-09-04 09:23:45.464  INFO [/] 6403 --- [           main] o.s.b.a.e.mvc.EndpointHandlerMapping     : Mapped "{[/trace || /trace.json],methods=[GET],produces=[application/vnd.spring-boot.actuator.v1+json || application/json]}" onto public java.lang.Object org.springframework.boot.actuate.endpoint.mvc.EndpointMvcAdapter.invoke()
[INFO] 2018-09-04 09:23:45.784  INFO [/] 6403 --- [           main] b.c.e.u.UndertowEmbeddedServletContainer : Undertow started on port(s) 41151 (http)
[INFO] 2018-09-04 09:23:45.827  INFO [/] 6403 --- [           main] zipkin.minimal.ZipkinServerTest          : Started ZipkinServerTest in 5.833 seconds (JVM running for 7.394)
[INFO] 2018-09-04 09:23:47.410  INFO [/] 6403 --- [  XNIO-2 task-1] io.undertow.servlet                      : Initializing Spring FrameworkServlet 'dispatcherServlet'
[INFO] 2018-09-04 09:23:47.411  INFO [/] 6403 --- [  XNIO-2 task-1] o.s.web.servlet.DispatcherServlet        : FrameworkServlet 'dispatcherServlet': initialization started
[INFO] 2018-09-04 09:23:47.439  INFO [/] 6403 --- [  XNIO-2 task-1] o.s.web.servlet.DispatcherServlet        : FrameworkServlet 'dispatcherServlet': initialization completed in 28 ms
[INFO] [INFO] Tests run: 1, Failures: 0, Errors: 0, Skipped: 0, Time elapsed: 8.559 s - in zipkin.minimal.ZipkinServerTest
[INFO] 2018-09-04 09:23:47.645  INFO [/] 6403 --- [       Thread-2] ationConfigEmbeddedWebApplicationContext : Closing org.springframework.boot.context.embedded.AnnotationConfigEmbeddedWebApplicationContext@5117dd67: startup date [Tue Sep 04 09:23:40 CEST 2018]; root of context hierarchy
[INFO] 2018-09-04 09:23:47.662  INFO [/] 6403 --- [       Thread-2] io.undertow.servlet                      : Destroying Spring FrameworkServlet 'dispatcherServlet'
[INFO] [INFO] 
[INFO] [INFO] Results:
[INFO] [INFO] 
[INFO] [INFO] Tests run: 1, Failures: 0, Errors: 0, Skipped: 0
[INFO] [INFO] 
[INFO] [INFO] 
[INFO] [INFO] --- maven-jar-plugin:3.0.2:jar (default-jar) @ minimal-dependencies ---
[INFO] [WARNING] JAR will be empty - no content was marked for inclusion!
[INFO] [INFO] Building jar: /root/workspace/openzipkin/zipkin/369127214/zipkin-server/target/it/minimal-dependencies/target/minimal-dependencies-2.7.2-SNAPSHOT.jar
[INFO] [INFO] 
[INFO] [INFO] --- spring-boot-maven-plugin:1.5.10.RELEASE:repackage (default) @ minimal-dependencies ---
[INFO] [INFO] Attaching archive: /root/workspace/openzipkin/zipkin/369127214/zipkin-server/target/it/minimal-dependencies/target/minimal-dependencies-2.7.2-SNAPSHOT-exec.jar, with classifier: exec
[INFO] [INFO] ------------------------------------------------------------------------
[INFO] [INFO] BUILD SUCCESS
[INFO] [INFO] ------------------------------------------------------------------------
[INFO] [INFO] Total time: 18.639 s
[INFO] [INFO] Finished at: 2018-09-04T09:23:48+02:00
[INFO] [INFO] Final Memory: 29M/406M
[INFO] [INFO] ------------------------------------------------------------------------
[INFO]           minimal-dependencies/pom.xml ..................... SUCCESS (21.3 s)
[INFO] -------------------------------------------------
[INFO] Build Summary:
[INFO]   Passed: 2, Failed: 0, Errors: 0, Skipped: 0
[INFO] -------------------------------------------------
[INFO] 
[INFO] --- maven-failsafe-plugin:2.21.0:verify (verify) @ zipkin-server ---
[INFO] Tests are skipped.
[INFO] 
[INFO] --- maven-install-plugin:2.5.2:install (default-install) @ zipkin-server ---
[INFO] Installing /root/workspace/openzipkin/zipkin/369127214/zipkin-server/target/zipkin-server-2.7.2-SNAPSHOT.jar to /root/./workspace/openzipkin/zipkin/369127214/.m2/io/zipkin/java/zipkin-server/2.7.2-SNAPSHOT/zipkin-server-2.7.2-SNAPSHOT.jar
[INFO] Installing /root/workspace/openzipkin/zipkin/369127214/zipkin-server/pom.xml to /root/./workspace/openzipkin/zipkin/369127214/.m2/io/zipkin/java/zipkin-server/2.7.2-SNAPSHOT/zipkin-server-2.7.2-SNAPSHOT.pom
[INFO] Installing /root/workspace/openzipkin/zipkin/369127214/zipkin-server/target/zipkin-server-2.7.2-SNAPSHOT-exec.jar to /root/./workspace/openzipkin/zipkin/369127214/.m2/io/zipkin/java/zipkin-server/2.7.2-SNAPSHOT/zipkin-server-2.7.2-SNAPSHOT-exec.jar
[INFO]                                                                         
[INFO] ------------------------------------------------------------------------
[INFO] Building Benchmarks 2.7.2-SNAPSHOT
[INFO] ------------------------------------------------------------------------
[INFO] 
[INFO] --- maven-enforcer-plugin:3.0.0-M1:enforce (enforce-java) @ benchmarks ---
[INFO] Skipping Rule Enforcement.
[INFO] 
[INFO] --- maven-resources-plugin:2.6:resources (default-resources) @ benchmarks ---
[INFO] Using 'UTF-8' encoding to copy filtered resources.
[INFO] Copying 6 resources
[INFO] 
[INFO] --- maven-compiler-plugin:3.7.0:compile (default-compile) @ benchmarks ---
[INFO] Nothing to compile - all classes are up to date
[INFO] 
[INFO] --- license-maven-plugin:3.0:check (default) @ benchmarks ---
[INFO] 
[INFO] --- animal-sniffer-maven-plugin:1.16:check (default) @ benchmarks ---
[INFO] Checking unresolved references to org.codehaus.mojo.signature:java18:1.0
[INFO] 
[INFO] --- maven-resources-plugin:2.6:testResources (default-testResources) @ benchmarks ---
[INFO] Using 'UTF-8' encoding to copy filtered resources.
[INFO] skip non existing resourceDirectory /root/workspace/openzipkin/zipkin/369127214/benchmarks/src/test/resources
[INFO] 
[INFO] --- maven-compiler-plugin:3.7.0:testCompile (default-testCompile) @ benchmarks ---
[INFO] Nothing to compile - all classes are up to date
[INFO] 
[INFO] --- maven-surefire-plugin:2.21.0:test (default-test) @ benchmarks ---
[INFO] Tests are skipped.
[INFO] 
[INFO] --- maven-jar-plugin:3.0.2:jar (default-jar) @ benchmarks ---
[INFO] Building jar: /root/workspace/openzipkin/zipkin/369127214/benchmarks/target/benchmarks-2.7.2-SNAPSHOT.jar
[INFO] 
[INFO] --- maven-shade-plugin:3.1.0:shade (default) @ benchmarks ---
[INFO] Including io.zipkin.java:zipkin:jar:2.7.2-SNAPSHOT in the shaded jar.
[INFO] Including io.zipkin.zipkin2:zipkin:jar:2.7.2-SNAPSHOT in the shaded jar.
[INFO] Including com.google.code.gson:gson:jar:2.8.2 in the shaded jar.
[INFO] Including com.google.guava:guava:jar:19.0 in the shaded jar.
[INFO] Including com.esotericsoftware.kryo:kryo:jar:2.24.0 in the shaded jar.
[INFO] Including com.esotericsoftware.minlog:minlog:jar:1.2 in the shaded jar.
[INFO] Including org.objenesis:objenesis:jar:2.1 in the shaded jar.
[INFO] Including org.apache.thrift:libthrift:jar:0.11.0 in the shaded jar.
[INFO] Including org.slf4j:slf4j-api:jar:1.7.12 in the shaded jar.
[INFO] Including org.apache.httpcomponents:httpclient:jar:4.4.1 in the shaded jar.
[INFO] Including commons-codec:commons-codec:jar:1.9 in the shaded jar.
[INFO] Including org.apache.httpcomponents:httpcore:jar:4.4.1 in the shaded jar.
[INFO] Including org.openjdk.jmh:jmh-core:jar:1.20 in the shaded jar.
[INFO] Including net.sf.jopt-simple:jopt-simple:jar:4.6 in the shaded jar.
[INFO] Including org.apache.commons:commons-math3:jar:3.2 in the shaded jar.
[INFO] Including io.zipkin.java:zipkin-server:jar:2.7.2-SNAPSHOT in the shaded jar.
[INFO] Including org.springframework.boot:spring-boot-starter-web:jar:1.5.10.RELEASE in the shaded jar.
[INFO] Including org.springframework.boot:spring-boot-starter:jar:1.5.10.RELEASE in the shaded jar.
[INFO] Including org.springframework.boot:spring-boot:jar:1.5.10.RELEASE in the shaded jar.
[INFO] Including org.springframework.boot:spring-boot-autoconfigure:jar:1.5.10.RELEASE in the shaded jar.
[INFO] Including org.springframework.boot:spring-boot-starter-logging:jar:1.5.10.RELEASE in the shaded jar.
[INFO] Including ch.qos.logback:logback-classic:jar:1.1.11 in the shaded jar.
[INFO] Including ch.qos.logback:logback-core:jar:1.1.11 in the shaded jar.
[INFO] Including org.slf4j:jcl-over-slf4j:jar:1.7.25 in the shaded jar.
[INFO] Including org.slf4j:jul-to-slf4j:jar:1.7.25 in the shaded jar.
[INFO] Including org.slf4j:log4j-over-slf4j:jar:1.7.25 in the shaded jar.
[INFO] Including org.springframework:spring-core:jar:4.3.14.RELEASE in the shaded jar.
[INFO] Including org.yaml:snakeyaml:jar:1.17 in the shaded jar.
[INFO] Including org.hibernate:hibernate-validator:jar:5.3.6.Final in the shaded jar.
[INFO] Including javax.validation:validation-api:jar:1.1.0.Final in the shaded jar.
[INFO] Including org.jboss.logging:jboss-logging:jar:3.3.0.Final in the shaded jar.
[INFO] Including com.fasterxml:classmate:jar:1.3.1 in the shaded jar.
[INFO] Including com.fasterxml.jackson.core:jackson-databind:jar:2.8.10 in the shaded jar.
[INFO] Including com.fasterxml.jackson.core:jackson-annotations:jar:2.8.0 in the shaded jar.
[INFO] Including com.fasterxml.jackson.core:jackson-core:jar:2.8.10 in the shaded jar.
[INFO] Including org.springframework:spring-web:jar:4.3.14.RELEASE in the shaded jar.
[INFO] Including org.springframework:spring-aop:jar:4.3.14.RELEASE in the shaded jar.
[INFO] Including org.springframework:spring-beans:jar:4.3.14.RELEASE in the shaded jar.
[INFO] Including org.springframework:spring-context:jar:4.3.14.RELEASE in the shaded jar.
[INFO] Including org.springframework:spring-webmvc:jar:4.3.14.RELEASE in the shaded jar.
[INFO] Including org.springframework:spring-expression:jar:4.3.14.RELEASE in the shaded jar.
[INFO] Including org.springframework.boot:spring-boot-starter-undertow:jar:1.5.10.RELEASE in the shaded jar.
[INFO] Including io.undertow:undertow-core:jar:1.4.22.Final in the shaded jar.
[INFO] Including org.jboss.xnio:xnio-api:jar:3.3.8.Final in the shaded jar.
[INFO] Including org.jboss.xnio:xnio-nio:jar:3.3.8.Final in the shaded jar.
[INFO] Including io.undertow:undertow-servlet:jar:1.4.22.Final in the shaded jar.
[INFO] Including org.jboss.spec.javax.annotation:jboss-annotations-api_1.2_spec:jar:1.0.0.Final in the shaded jar.
[INFO] Including io.undertow:undertow-websockets-jsr:jar:1.4.22.Final in the shaded jar.
[INFO] Including org.jboss.spec.javax.websocket:jboss-websocket-api_1.1_spec:jar:1.1.0.Final in the shaded jar.
[INFO] Including javax.servlet:javax.servlet-api:jar:3.1.0 in the shaded jar.
[INFO] Including org.glassfish:javax.el:jar:3.0.0 in the shaded jar.
[INFO] Including org.springframework.boot:spring-boot-starter-actuator:jar:1.5.10.RELEASE in the shaded jar.
[INFO] Including org.springframework.boot:spring-boot-actuator:jar:1.5.10.RELEASE in the shaded jar.
[INFO] Replacing /root/workspace/openzipkin/zipkin/369127214/benchmarks/target/benchmarks.jar with /root/workspace/openzipkin/zipkin/369127214/benchmarks/target/benchmarks-2.7.2-SNAPSHOT-shaded.jar
[INFO] 
[INFO] --- maven-failsafe-plugin:2.21.0:integration-test (integration-test) @ benchmarks ---
[INFO] Tests are skipped.
[INFO] 
[INFO] --- maven-failsafe-plugin:2.21.0:verify (verify) @ benchmarks ---
[INFO] Tests are skipped.
[INFO] 
[INFO] --- maven-install-plugin:2.5.2:install (default-install) @ benchmarks ---
[INFO] Skipping artifact installation
[INFO]                                                                         
[INFO] ------------------------------------------------------------------------
[INFO] Building Collector: Scribe 2.7.2-SNAPSHOT
[INFO] ------------------------------------------------------------------------
[INFO] 
[INFO] --- maven-enforcer-plugin:3.0.0-M1:enforce (enforce-java) @ zipkin-collector-scribe ---
[INFO] Skipping Rule Enforcement.
[INFO] 
[INFO] --- maven-resources-plugin:2.6:resources (default-resources) @ zipkin-collector-scribe ---
[INFO] Using 'UTF-8' encoding to copy filtered resources.
[INFO] skip non existing resourceDirectory /root/workspace/openzipkin/zipkin/369127214/zipkin-collector/scribe/src/main/resources
[INFO] 
[INFO] --- maven-compiler-plugin:3.7.0:compile (default-compile) @ zipkin-collector-scribe ---
[INFO] Nothing to compile - all classes are up to date
[INFO] 
[INFO] --- license-maven-plugin:3.0:check (default) @ zipkin-collector-scribe ---
[INFO] 
[INFO] --- animal-sniffer-maven-plugin:1.16:check (default) @ zipkin-collector-scribe ---
[INFO] Checking unresolved references to org.codehaus.mojo.signature:java18:1.0
[INFO] 
[INFO] --- maven-resources-plugin:2.6:testResources (default-testResources) @ zipkin-collector-scribe ---
[INFO] Using 'UTF-8' encoding to copy filtered resources.
[INFO] skip non existing resourceDirectory /root/workspace/openzipkin/zipkin/369127214/zipkin-collector/scribe/src/test/resources
[INFO] 
[INFO] --- maven-compiler-plugin:3.7.0:testCompile (default-testCompile) @ zipkin-collector-scribe ---
[INFO] Nothing to compile - all classes are up to date
[INFO] 
[INFO] --- maven-surefire-plugin:2.21.0:test (default-test) @ zipkin-collector-scribe ---
[INFO] Tests are skipped.
[INFO] 
[INFO] --- maven-jar-plugin:3.0.2:jar (default-jar) @ zipkin-collector-scribe ---
[INFO] Building jar: /root/workspace/openzipkin/zipkin/369127214/zipkin-collector/scribe/target/zipkin-collector-scribe-2.7.2-SNAPSHOT.jar
[INFO] 
[INFO] --- maven-failsafe-plugin:2.21.0:integration-test (integration-test) @ zipkin-collector-scribe ---
[INFO] Tests are skipped.
[INFO] 
[INFO] --- maven-failsafe-plugin:2.21.0:verify (verify) @ zipkin-collector-scribe ---
[INFO] Tests are skipped.
[INFO] 
[INFO] --- maven-install-plugin:2.5.2:install (default-install) @ zipkin-collector-scribe ---
[INFO] Installing /root/workspace/openzipkin/zipkin/369127214/zipkin-collector/scribe/target/zipkin-collector-scribe-2.7.2-SNAPSHOT.jar to /root/./workspace/openzipkin/zipkin/369127214/.m2/io/zipkin/java/zipkin-collector-scribe/2.7.2-SNAPSHOT/zipkin-collector-scribe-2.7.2-SNAPSHOT.jar
[INFO] Installing /root/workspace/openzipkin/zipkin/369127214/zipkin-collector/scribe/pom.xml to /root/./workspace/openzipkin/zipkin/369127214/.m2/io/zipkin/java/zipkin-collector-scribe/2.7.2-SNAPSHOT/zipkin-collector-scribe-2.7.2-SNAPSHOT.pom
[INFO]                                                                         
[INFO] ------------------------------------------------------------------------
[INFO] Building Collector: Kafka 0.10+ 2.7.2-SNAPSHOT
[INFO] ------------------------------------------------------------------------
[INFO] 
[INFO] --- maven-enforcer-plugin:3.0.0-M1:enforce (enforce-java) @ zipkin-collector-kafka10 ---
[INFO] Skipping Rule Enforcement.
[INFO] 
[INFO] --- maven-resources-plugin:2.6:resources (default-resources) @ zipkin-collector-kafka10 ---
[INFO] Using 'UTF-8' encoding to copy filtered resources.
[INFO] skip non existing resourceDirectory /root/workspace/openzipkin/zipkin/369127214/zipkin-collector/kafka10/src/main/resources
[INFO] 
[INFO] --- maven-compiler-plugin:3.7.0:compile (default-compile) @ zipkin-collector-kafka10 ---
[INFO] Nothing to compile - all classes are up to date
[INFO] 
[INFO] --- license-maven-plugin:3.0:check (default) @ zipkin-collector-kafka10 ---
[INFO] 
[INFO] --- retrolambda-maven-plugin:2.5.3:process-main (default) @ zipkin-collector-kafka10 ---
[INFO] Retrieving Retrolambda 2.5.3
[INFO] Configured Artifact: net.orfjackal.retrolambda:retrolambda:2.5.3:jar
[INFO] Copying retrolambda-2.5.3.jar to /root/workspace/openzipkin/zipkin/369127214/zipkin-collector/kafka10/target/retrolambda/retrolambda.jar
[INFO] Processing classes with Retrolambda
[INFO] Executing tasks

main:
     [exec] Retrolambda 2.5.3
[INFO] Executed tasks
[INFO] 
[INFO] --- animal-sniffer-maven-plugin:1.16:check (default) @ zipkin-collector-kafka10 ---
[INFO] Checking unresolved references to org.codehaus.mojo.signature:java17:1.0
[INFO] 
[INFO] --- maven-resources-plugin:2.6:testResources (default-testResources) @ zipkin-collector-kafka10 ---
[INFO] Using 'UTF-8' encoding to copy filtered resources.
[INFO] Copying 1 resource
[INFO] 
[INFO] --- maven-compiler-plugin:3.7.0:testCompile (default-testCompile) @ zipkin-collector-kafka10 ---
[INFO] Nothing to compile - all classes are up to date
[INFO] 
[INFO] --- maven-surefire-plugin:2.21.0:test (default-test) @ zipkin-collector-kafka10 ---
[INFO] Tests are skipped.
[INFO] 
[INFO] --- maven-jar-plugin:3.0.2:jar (default-jar) @ zipkin-collector-kafka10 ---
[INFO] Building jar: /root/workspace/openzipkin/zipkin/369127214/zipkin-collector/kafka10/target/zipkin-collector-kafka10-2.7.2-SNAPSHOT.jar
[INFO] 
[INFO] --- maven-failsafe-plugin:2.21.0:integration-test (integration-test) @ zipkin-collector-kafka10 ---
[INFO] Tests are skipped.
[INFO] 
[INFO] --- maven-failsafe-plugin:2.21.0:verify (verify) @ zipkin-collector-kafka10 ---
[INFO] Tests are skipped.
[INFO] 
[INFO] --- maven-install-plugin:2.5.2:install (default-install) @ zipkin-collector-kafka10 ---
[INFO] Installing /root/workspace/openzipkin/zipkin/369127214/zipkin-collector/kafka10/target/zipkin-collector-kafka10-2.7.2-SNAPSHOT.jar to /root/./workspace/openzipkin/zipkin/369127214/.m2/io/zipkin/java/zipkin-collector-kafka10/2.7.2-SNAPSHOT/zipkin-collector-kafka10-2.7.2-SNAPSHOT.jar
[INFO] Installing /root/workspace/openzipkin/zipkin/369127214/zipkin-collector/kafka10/pom.xml to /root/./workspace/openzipkin/zipkin/369127214/.m2/io/zipkin/java/zipkin-collector-kafka10/2.7.2-SNAPSHOT/zipkin-collector-kafka10-2.7.2-SNAPSHOT.pom
[INFO]                                                                         
[INFO] ------------------------------------------------------------------------
[INFO] Building Auto Configuration: Kafka 0.10 Collector 2.7.2-SNAPSHOT
[INFO] ------------------------------------------------------------------------
[INFO] 
[INFO] --- maven-enforcer-plugin:3.0.0-M1:enforce (enforce-java) @ zipkin-autoconfigure-collector-kafka10 ---
[INFO] Skipping Rule Enforcement.
[INFO] 
[INFO] --- maven-resources-plugin:2.6:resources (default-resources) @ zipkin-autoconfigure-collector-kafka10 ---
[INFO] Using 'UTF-8' encoding to copy filtered resources.
[INFO] Copying 2 resources
[INFO] 
[INFO] --- maven-compiler-plugin:3.7.0:compile (default-compile) @ zipkin-autoconfigure-collector-kafka10 ---
[INFO] Nothing to compile - all classes are up to date
[INFO] 
[INFO] --- license-maven-plugin:3.0:check (default) @ zipkin-autoconfigure-collector-kafka10 ---
[INFO] 
[INFO] --- animal-sniffer-maven-plugin:1.16:check (default) @ zipkin-autoconfigure-collector-kafka10 ---
[INFO] Checking unresolved references to org.codehaus.mojo.signature:java18:1.0
[INFO] 
[INFO] --- maven-resources-plugin:2.6:testResources (default-testResources) @ zipkin-autoconfigure-collector-kafka10 ---
[INFO] Using 'UTF-8' encoding to copy filtered resources.
[INFO] skip non existing resourceDirectory /root/workspace/openzipkin/zipkin/369127214/zipkin-autoconfigure/collector-kafka10/src/test/resources
[INFO] 
[INFO] --- maven-compiler-plugin:3.7.0:testCompile (default-testCompile) @ zipkin-autoconfigure-collector-kafka10 ---
[INFO] Nothing to compile - all classes are up to date
[INFO] 
[INFO] --- maven-surefire-plugin:2.21.0:test (default-test) @ zipkin-autoconfigure-collector-kafka10 ---
[INFO] Tests are skipped.
[INFO] 
[INFO] --- maven-jar-plugin:3.0.2:jar (default-jar) @ zipkin-autoconfigure-collector-kafka10 ---
[INFO] Building jar: /root/workspace/openzipkin/zipkin/369127214/zipkin-autoconfigure/collector-kafka10/target/zipkin-autoconfigure-collector-kafka10-2.7.2-SNAPSHOT.jar
[INFO] 
[INFO] --- spring-boot-maven-plugin:1.5.10.RELEASE:repackage (default) @ zipkin-autoconfigure-collector-kafka10 ---
[INFO] Attaching archive: /root/workspace/openzipkin/zipkin/369127214/zipkin-autoconfigure/collector-kafka10/target/zipkin-autoconfigure-collector-kafka10-2.7.2-SNAPSHOT-module.jar, with classifier: module
[INFO] 
[INFO] --- maven-failsafe-plugin:2.21.0:integration-test (integration-test) @ zipkin-autoconfigure-collector-kafka10 ---
[INFO] Tests are skipped.
[INFO] 
[INFO] --- maven-failsafe-plugin:2.21.0:verify (verify) @ zipkin-autoconfigure-collector-kafka10 ---
[INFO] Tests are skipped.
[INFO] 
[INFO] --- maven-install-plugin:2.5.2:install (default-install) @ zipkin-autoconfigure-collector-kafka10 ---
[INFO] Installing /root/workspace/openzipkin/zipkin/369127214/zipkin-autoconfigure/collector-kafka10/target/zipkin-autoconfigure-collector-kafka10-2.7.2-SNAPSHOT.jar to /root/./workspace/openzipkin/zipkin/369127214/.m2/io/zipkin/java/zipkin-autoconfigure-collector-kafka10/2.7.2-SNAPSHOT/zipkin-autoconfigure-collector-kafka10-2.7.2-SNAPSHOT.jar
[INFO] Installing /root/workspace/openzipkin/zipkin/369127214/zipkin-autoconfigure/collector-kafka10/pom.xml to /root/./workspace/openzipkin/zipkin/369127214/.m2/io/zipkin/java/zipkin-autoconfigure-collector-kafka10/2.7.2-SNAPSHOT/zipkin-autoconfigure-collector-kafka10-2.7.2-SNAPSHOT.pom
[INFO] Installing /root/workspace/openzipkin/zipkin/369127214/zipkin-autoconfigure/collector-kafka10/target/zipkin-autoconfigure-collector-kafka10-2.7.2-SNAPSHOT-module.jar to /root/./workspace/openzipkin/zipkin/369127214/.m2/io/zipkin/java/zipkin-autoconfigure-collector-kafka10/2.7.2-SNAPSHOT/zipkin-autoconfigure-collector-kafka10-2.7.2-SNAPSHOT-module.jar
[INFO]                                                                         
[INFO] ------------------------------------------------------------------------
[INFO] Building Auto Configuration: Scribe Collector 2.7.2-SNAPSHOT
[INFO] ------------------------------------------------------------------------
[INFO] 
[INFO] --- maven-enforcer-plugin:3.0.0-M1:enforce (enforce-java) @ zipkin-autoconfigure-collector-scribe ---
[INFO] Skipping Rule Enforcement.
[INFO] 
[INFO] --- maven-resources-plugin:2.6:resources (default-resources) @ zipkin-autoconfigure-collector-scribe ---
[INFO] Using 'UTF-8' encoding to copy filtered resources.
[INFO] Copying 2 resources
[INFO] 
[INFO] --- maven-compiler-plugin:3.7.0:compile (default-compile) @ zipkin-autoconfigure-collector-scribe ---
[INFO] Nothing to compile - all classes are up to date
[INFO] 
[INFO] --- license-maven-plugin:3.0:check (default) @ zipkin-autoconfigure-collector-scribe ---
[INFO] 
[INFO] --- animal-sniffer-maven-plugin:1.16:check (default) @ zipkin-autoconfigure-collector-scribe ---
[INFO] Checking unresolved references to org.codehaus.mojo.signature:java18:1.0
[INFO] 
[INFO] --- maven-resources-plugin:2.6:testResources (default-testResources) @ zipkin-autoconfigure-collector-scribe ---
[INFO] Using 'UTF-8' encoding to copy filtered resources.
[INFO] skip non existing resourceDirectory /root/workspace/openzipkin/zipkin/369127214/zipkin-autoconfigure/collector-scribe/src/test/resources
[INFO] 
[INFO] --- maven-compiler-plugin:3.7.0:testCompile (default-testCompile) @ zipkin-autoconfigure-collector-scribe ---
[INFO] Nothing to compile - all classes are up to date
[INFO] 
[INFO] --- maven-surefire-plugin:2.21.0:test (default-test) @ zipkin-autoconfigure-collector-scribe ---
[INFO] Tests are skipped.
[INFO] 
[INFO] --- maven-jar-plugin:3.0.2:jar (default-jar) @ zipkin-autoconfigure-collector-scribe ---
[INFO] Building jar: /root/workspace/openzipkin/zipkin/369127214/zipkin-autoconfigure/collector-scribe/target/zipkin-autoconfigure-collector-scribe-2.7.2-SNAPSHOT.jar
[INFO] 
[INFO] --- spring-boot-maven-plugin:1.5.10.RELEASE:repackage (default) @ zipkin-autoconfigure-collector-scribe ---
[INFO] Attaching archive: /root/workspace/openzipkin/zipkin/369127214/zipkin-autoconfigure/collector-scribe/target/zipkin-autoconfigure-collector-scribe-2.7.2-SNAPSHOT-module.jar, with classifier: module
[INFO] 
[INFO] --- maven-failsafe-plugin:2.21.0:integration-test (integration-test) @ zipkin-autoconfigure-collector-scribe ---
[INFO] Tests are skipped.
[INFO] 
[INFO] --- maven-failsafe-plugin:2.21.0:verify (verify) @ zipkin-autoconfigure-collector-scribe ---
[INFO] Tests are skipped.
[INFO] 
[INFO] --- maven-install-plugin:2.5.2:install (default-install) @ zipkin-autoconfigure-collector-scribe ---
[INFO] Installing /root/workspace/openzipkin/zipkin/369127214/zipkin-autoconfigure/collector-scribe/target/zipkin-autoconfigure-collector-scribe-2.7.2-SNAPSHOT.jar to /root/./workspace/openzipkin/zipkin/369127214/.m2/io/zipkin/java/zipkin-autoconfigure-collector-scribe/2.7.2-SNAPSHOT/zipkin-autoconfigure-collector-scribe-2.7.2-SNAPSHOT.jar
[INFO] Installing /root/workspace/openzipkin/zipkin/369127214/zipkin-autoconfigure/collector-scribe/pom.xml to /root/./workspace/openzipkin/zipkin/369127214/.m2/io/zipkin/java/zipkin-autoconfigure-collector-scribe/2.7.2-SNAPSHOT/zipkin-autoconfigure-collector-scribe-2.7.2-SNAPSHOT.pom
[INFO] Installing /root/workspace/openzipkin/zipkin/369127214/zipkin-autoconfigure/collector-scribe/target/zipkin-autoconfigure-collector-scribe-2.7.2-SNAPSHOT-module.jar to /root/./workspace/openzipkin/zipkin/369127214/.m2/io/zipkin/java/zipkin-autoconfigure-collector-scribe/2.7.2-SNAPSHOT/zipkin-autoconfigure-collector-scribe-2.7.2-SNAPSHOT-module.jar
[INFO] ------------------------------------------------------------------------
[INFO] Reactor Summary:
[INFO] 
[INFO] Zipkin (Parent) .................................... SUCCESS [  4.718 s]
[INFO] Zipkin v2 .......................................... SUCCESS [  4.974 s]
[INFO] Zipkin ............................................. SUCCESS [ 16.733 s]
[INFO] Zipkin UI .......................................... SUCCESS [  0.473 s]
[INFO] Zipkin JUnit ....................................... SUCCESS [  2.170 s]
[INFO] Guava support library .............................. SUCCESS [  1.665 s]
[INFO] Auto Configuration ................................. SUCCESS [  1.379 s]
[INFO] Auto Configuration: Ui ............................. SUCCESS [  1.521 s]
[INFO] Storage ............................................ SUCCESS [  1.258 s]
[INFO] Storage: Cassandra ................................. SUCCESS [  1.913 s]
[INFO] Auto Configuration: Cassandra Storage .............. SUCCESS [  1.451 s]
[INFO] Storage: Cassandra (Zipkin V2) ..................... SUCCESS [  1.177 s]
[INFO] Auto Configuration: Cassandra 3 Storage ............ SUCCESS [  1.370 s]
[INFO] Storage: Elasticsearch (V2) ........................ SUCCESS [  1.551 s]
[INFO] Storage: Elasticsearch (HTTP) ...................... SUCCESS [  1.862 s]
[INFO] Auto Configuration: Elasticsearch Storage (HTTP) ... SUCCESS [  1.159 s]
[INFO] Auto Configuration: Elasticsearch Storage (AWS) .... SUCCESS [  1.462 s]
[INFO] Storage: MySQL ..................................... SUCCESS [  1.017 s]
[INFO] Auto Configuration: MySQL Storage .................. SUCCESS [  1.222 s]
[INFO] Zipkin Collectors .................................. SUCCESS [  1.400 s]
[INFO] Collector: Kafka ................................... SUCCESS [  2.400 s]
[INFO] Auto Configuration: Kafka Collector ................ SUCCESS [  1.587 s]
[INFO] Collector: RabbitMQ ................................ SUCCESS [  1.291 s]
[INFO] Auto Configuration: RabbitMQ Collector ............. SUCCESS [  1.262 s]
[INFO] Auto Configuration: Prometheus Metrics ............. SUCCESS [  1.512 s]
[INFO] Zipkin Server ...................................... SUCCESS [01:17 min]
[INFO] Benchmarks ......................................... SUCCESS [  5.528 s]
[INFO] Collector: Scribe .................................. SUCCESS [  0.942 s]
[INFO] Collector: Kafka 0.10+ ............................. SUCCESS [  1.579 s]
[INFO] Auto Configuration: Kafka 0.10 Collector ........... SUCCESS [  1.474 s]
[INFO] Auto Configuration: Scribe Collector ............... SUCCESS [  1.448 s]
[INFO] ------------------------------------------------------------------------
[INFO] BUILD SUCCESS
[INFO] ------------------------------------------------------------------------
[INFO] Total time: 02:28 min
[INFO] Finished at: 2018-09-04T09:24:00+02:00
[INFO] Final Memory: 147M/1694M
[INFO] ------------------------------------------------------------------------
